<?xml version="1.0" encoding="utf-8"?>
<SolutionRoot CoveredStatements="2931" TotalStatements="5012" CoveragePercent="58" ReportType="Xml" DotCoverVersion="2025.1.2">
  <Project Name="pengdows.crud" CoveredStatements="1636" TotalStatements="2197" CoveragePercent="74">
    <Namespace Name="pengdows.crud" CoveredStatements="1636" TotalStatements="2197" CoveragePercent="74">
      <Namespace Name="attributes" CoveredStatements="30" TotalStatements="38" CoveragePercent="79">
        <Type Name="ColumnAttribute" CoveredStatements="7" TotalStatements="7" CoveragePercent="100">
          <Constructor Name="ColumnAttribute(string,DbType)" CoveredStatements="5" TotalStatements="5" CoveragePercent="100" />
          <AutoProperty Name="Name:string" CoveredStatements="1" TotalStatements="1" CoveragePercent="100">
            <PropertyGetter CoveredStatements="1" TotalStatements="1" CoveragePercent="100" />
          </AutoProperty>
          <AutoProperty Name="Type:DbType" CoveredStatements="1" TotalStatements="1" CoveragePercent="100">
            <PropertyGetter CoveredStatements="1" TotalStatements="1" CoveragePercent="100" />
          </AutoProperty>
        </Type>
        <Type Name="EnumColumnAttribute" CoveredStatements="6" TotalStatements="7" CoveragePercent="86">
          <Constructor Name="EnumColumnAttribute(Type)" CoveredStatements="5" TotalStatements="6" CoveragePercent="83" />
          <AutoProperty Name="EnumType:Type" CoveredStatements="1" TotalStatements="1" CoveragePercent="100">
            <PropertyGetter CoveredStatements="1" TotalStatements="1" CoveragePercent="100" />
          </AutoProperty>
        </Type>
        <Type Name="IdAttribute" CoveredStatements="5" TotalStatements="5" CoveragePercent="100">
          <Constructor Name="IdAttribute(bool)" CoveredStatements="4" TotalStatements="4" CoveragePercent="100" />
          <AutoProperty Name="Writable:bool" CoveredStatements="1" TotalStatements="1" CoveragePercent="100">
            <PropertyGetter CoveredStatements="1" TotalStatements="1" CoveragePercent="100" />
          </AutoProperty>
        </Type>
        <Type Name="JsonAttribute" CoveredStatements="1" TotalStatements="3" CoveragePercent="33">
          <Constructor Name="JsonAttribute()" CoveredStatements="1" TotalStatements="1" CoveragePercent="100" />
          <AutoProperty Name="SerializerOptions:JsonSerializerOptions" CoveredStatements="0" TotalStatements="2" CoveragePercent="0">
            <PropertyGetter CoveredStatements="0" TotalStatements="1" CoveragePercent="0" />
            <PropertySetter CoveredStatements="0" TotalStatements="1" CoveragePercent="0" />
          </AutoProperty>
        </Type>
        <Type Name="PrimaryKeyAttribute" CoveredStatements="4" TotalStatements="9" CoveragePercent="44">
          <Constructor Name="PrimaryKeyAttribute(int)" CoveredStatements="0" TotalStatements="4" CoveragePercent="0" />
          <Constructor Name="PrimaryKeyAttribute()" CoveredStatements="4" TotalStatements="4" CoveragePercent="100" />
          <AutoProperty Name="Order:int" CoveredStatements="0" TotalStatements="1" CoveragePercent="0">
            <PropertyGetter CoveredStatements="0" TotalStatements="1" CoveragePercent="0" />
          </AutoProperty>
        </Type>
        <Type Name="TableAttribute" CoveredStatements="7" TotalStatements="7" CoveragePercent="100">
          <Constructor Name="TableAttribute(string,string)" CoveredStatements="5" TotalStatements="5" CoveragePercent="100" />
          <AutoProperty Name="Name:string" CoveredStatements="1" TotalStatements="1" CoveragePercent="100">
            <PropertyGetter CoveredStatements="1" TotalStatements="1" CoveragePercent="100" />
          </AutoProperty>
          <AutoProperty Name="Schema:string" CoveredStatements="1" TotalStatements="1" CoveragePercent="100">
            <PropertyGetter CoveredStatements="1" TotalStatements="1" CoveragePercent="100" />
          </AutoProperty>
        </Type>
      </Namespace>
      <Namespace Name="configuration" CoveredStatements="10" TotalStatements="124" CoveragePercent="8">
        <Type Name="DatabaseContextConfiguration" CoveredStatements="10" TotalStatements="10" CoveragePercent="100">
          <Constructor Name="DatabaseContextConfiguration()" CoveredStatements="2" TotalStatements="2" CoveragePercent="100" />
          <AutoProperty Name="ConnectionString:string" CoveredStatements="2" TotalStatements="2" CoveragePercent="100">
            <PropertyGetter CoveredStatements="1" TotalStatements="1" CoveragePercent="100" />
            <PropertySetter CoveredStatements="1" TotalStatements="1" CoveragePercent="100" />
          </AutoProperty>
          <AutoProperty Name="DbMode:DbMode" CoveredStatements="2" TotalStatements="2" CoveragePercent="100">
            <PropertyGetter CoveredStatements="1" TotalStatements="1" CoveragePercent="100" />
            <PropertySetter CoveredStatements="1" TotalStatements="1" CoveragePercent="100" />
          </AutoProperty>
          <AutoProperty Name="ProviderName:string" CoveredStatements="2" TotalStatements="2" CoveragePercent="100">
            <PropertyGetter CoveredStatements="1" TotalStatements="1" CoveragePercent="100" />
            <PropertySetter CoveredStatements="1" TotalStatements="1" CoveragePercent="100" />
          </AutoProperty>
          <AutoProperty Name="ReadWriteMode:ReadWriteMode" CoveredStatements="2" TotalStatements="2" CoveragePercent="100">
            <PropertyGetter CoveredStatements="1" TotalStatements="1" CoveragePercent="100" />
            <PropertySetter CoveredStatements="1" TotalStatements="1" CoveragePercent="100" />
          </AutoProperty>
        </Type>
        <Type Name="DatabaseProviderConfig" CoveredStatements="0" TotalStatements="12" CoveragePercent="0">
          <Constructor Name="DatabaseProviderConfig()" CoveredStatements="0" TotalStatements="4" CoveragePercent="0" />
          <AutoProperty Name="AssemblyName:string" CoveredStatements="0" TotalStatements="2" CoveragePercent="0">
            <PropertyGetter CoveredStatements="0" TotalStatements="1" CoveragePercent="0" />
            <PropertySetter CoveredStatements="0" TotalStatements="1" CoveragePercent="0" />
          </AutoProperty>
          <AutoProperty Name="AssemblyPath:string" CoveredStatements="0" TotalStatements="2" CoveragePercent="0">
            <PropertyGetter CoveredStatements="0" TotalStatements="1" CoveragePercent="0" />
            <PropertySetter CoveredStatements="0" TotalStatements="1" CoveragePercent="0" />
          </AutoProperty>
          <AutoProperty Name="FactoryType:string" CoveredStatements="0" TotalStatements="2" CoveragePercent="0">
            <PropertyGetter CoveredStatements="0" TotalStatements="1" CoveragePercent="0" />
            <PropertySetter CoveredStatements="0" TotalStatements="1" CoveragePercent="0" />
          </AutoProperty>
          <AutoProperty Name="ProviderName:string" CoveredStatements="0" TotalStatements="2" CoveragePercent="0">
            <PropertyGetter CoveredStatements="0" TotalStatements="1" CoveragePercent="0" />
            <PropertySetter CoveredStatements="0" TotalStatements="1" CoveragePercent="0" />
          </AutoProperty>
        </Type>
        <Type Name="DbProviderLoader" CoveredStatements="0" TotalStatements="102" CoveragePercent="0">
          <Constructor Name="DbProviderLoader(IConfiguration,ILogger&lt;DbProviderLoader&gt;)" CoveredStatements="0" TotalStatements="5" CoveragePercent="0" />
          <Constructor Name="DbProviderLoader()" CoveredStatements="0" TotalStatements="2" CoveragePercent="0" />
          <Method Name="LoadAndRegisterProviders(IServiceCollection):void" CoveredStatements="0" TotalStatements="25" CoveragePercent="0" />
          <Method Name="LoadProviderFactory(string,DatabaseProviderConfig):DbProviderFactory" CoveredStatements="0" TotalStatements="70" CoveragePercent="0" />
        </Type>
      </Namespace>
      <Namespace Name="exceptions" CoveredStatements="18" TotalStatements="21" CoveragePercent="86">
        <Type Name="ConnectionFailedException" CoveredStatements="3" TotalStatements="3" CoveragePercent="100">
          <Constructor Name="ConnectionFailedException(string)" CoveredStatements="3" TotalStatements="3" CoveragePercent="100" />
        </Type>
        <Type Name="InvalidValueException" CoveredStatements="0" TotalStatements="3" CoveragePercent="0">
          <Constructor Name="InvalidValueException(string)" CoveredStatements="0" TotalStatements="3" CoveragePercent="0" />
        </Type>
        <Type Name="NoColumnsFoundException" CoveredStatements="3" TotalStatements="3" CoveragePercent="100">
          <Constructor Name="NoColumnsFoundException(string)" CoveredStatements="3" TotalStatements="3" CoveragePercent="100" />
        </Type>
        <Type Name="PrimaryKeyOnRowIdColumn" CoveredStatements="3" TotalStatements="3" CoveragePercent="100">
          <Constructor Name="PrimaryKeyOnRowIdColumn(string)" CoveredStatements="3" TotalStatements="3" CoveragePercent="100" />
        </Type>
        <Type Name="TooManyColumns" CoveredStatements="3" TotalStatements="3" CoveragePercent="100">
          <Constructor Name="TooManyColumns(string)" CoveredStatements="3" TotalStatements="3" CoveragePercent="100" />
        </Type>
        <Type Name="TooManyParametersException" CoveredStatements="6" TotalStatements="6" CoveragePercent="100">
          <Constructor Name="TooManyParametersException(string,int)" CoveredStatements="4" TotalStatements="4" CoveragePercent="100" />
          <AutoProperty Name="MaxAllowed:int" CoveredStatements="2" TotalStatements="2" CoveragePercent="100">
            <PropertyGetter CoveredStatements="1" TotalStatements="1" CoveragePercent="100" />
            <PropertySetter CoveredStatements="1" TotalStatements="1" CoveragePercent="100" />
          </AutoProperty>
        </Type>
      </Namespace>
      <Namespace Name="infrastructure" CoveredStatements="20" TotalStatements="35" CoveragePercent="57">
        <Type Name="SafeAsyncDisposableBase" CoveredStatements="20" TotalStatements="35" CoveragePercent="57">
          <Property Name="IsDisposed:bool" CoveredStatements="0" TotalStatements="1" CoveragePercent="0">
            <PropertyGetter CoveredStatements="0" TotalStatements="1" CoveragePercent="0" />
          </Property>
          <Method Name="Dispose():void" CoveredStatements="8" TotalStatements="13" CoveragePercent="62" />
          <Method Name="DisposeAsync():ValueTask" CoveredStatements="10" TotalStatements="13" CoveragePercent="77">
            <InternalCompiledMethod Name="MoveNext():void" CoveredStatements="10" TotalStatements="13" CoveragePercent="77" />
          </Method>
          <Method Name="DisposeManaged():void" CoveredStatements="0" TotalStatements="2" CoveragePercent="0" />
          <Method Name="DisposeManagedAsync():ValueTask" CoveredStatements="0" TotalStatements="4" CoveragePercent="0">
            <InternalCompiledMethod Name="MoveNext():void" CoveredStatements="0" TotalStatements="4" CoveragePercent="0" />
          </Method>
          <Method Name="DisposeUnmanaged():void" CoveredStatements="2" TotalStatements="2" CoveragePercent="100" />
        </Type>
      </Namespace>
      <Namespace Name="isolation" CoveredStatements="34" TotalStatements="44" CoveragePercent="77">
        <Type Name="IsolationLevelSupport" CoveredStatements="0" TotalStatements="9" CoveragePercent="0">
          <Constructor Name="IsolationLevelSupport()" CoveredStatements="0" TotalStatements="1" CoveragePercent="0" />
          <Method Name="Validate(SupportedDatabase,IsolationLevel):void" CoveredStatements="0" TotalStatements="8" CoveragePercent="0" />
        </Type>
        <Type Name="IsolationResolver" CoveredStatements="34" TotalStatements="35" CoveragePercent="97">
          <Constructor Name="IsolationResolver(SupportedDatabase,bool)" CoveredStatements="7" TotalStatements="7" CoveragePercent="100" />
          <Method Name="BuildProfileMapping(SupportedDatabase,bool):Dictionary&lt;IsolationProfile,IsolationLevel&gt;" CoveredStatements="6" TotalStatements="7" CoveragePercent="86" />
          <Method Name="BuildSupportedIsolationLevels(SupportedDatabase,bool):HashSet&lt;IsolationLevel&gt;" CoveredStatements="5" TotalStatements="5" CoveragePercent="100">
            <OwnCoverage CoveredStatements="4" TotalStatements="4" CoveragePercent="100" />
            <AnonymousMethod Name="(IsolationLevel):bool" CoveredStatements="1" TotalStatements="1" CoveragePercent="100" />
          </Method>
          <Method Name="GetSupportedLevels():IReadOnlySet&lt;IsolationLevel&gt;" CoveredStatements="1" TotalStatements="1" CoveragePercent="100" />
          <Method Name="Resolve(IsolationProfile):IsolationLevel" CoveredStatements="10" TotalStatements="10" CoveragePercent="100" />
          <Method Name="Validate(IsolationLevel):void" CoveredStatements="5" TotalStatements="5" CoveragePercent="100" />
        </Type>
      </Namespace>
      <Namespace Name="tenant" CoveredStatements="21" TotalStatements="36" CoveragePercent="58">
        <Type Name="TenantConnectionResolver" CoveredStatements="21" TotalStatements="21" CoveragePercent="100">
          <Constructor Name="TenantConnectionResolver()" CoveredStatements="2" TotalStatements="2" CoveragePercent="100" />
          <AutoProperty Name="Instance:ITenantConnectionResolver" CoveredStatements="1" TotalStatements="1" CoveragePercent="100">
            <PropertyGetter CoveredStatements="1" TotalStatements="1" CoveragePercent="100" />
          </AutoProperty>
          <Method Name="GetDatabaseContextConfiguration(string):IDatabaseContextConfiguration" CoveredStatements="9" TotalStatements="9" CoveragePercent="100" />
          <Method Name="Register(string,DatabaseContextConfiguration):void" CoveredStatements="9" TotalStatements="9" CoveragePercent="100" />
        </Type>
        <Type Name="TenantContextRegistry" CoveredStatements="0" TotalStatements="15" CoveragePercent="0">
          <Constructor Name="TenantContextRegistry(IServiceProvider,ITenantConnectionResolver,ILoggerFactory)" CoveredStatements="0" TotalStatements="7" CoveragePercent="0" />
          <Method Name="CreateDatabaseContext(string):IDatabaseContext" CoveredStatements="0" TotalStatements="5" CoveragePercent="0" />
          <Method Name="GetContext(string):IDatabaseContext" CoveredStatements="0" TotalStatements="3" CoveragePercent="0" />
        </Type>
      </Namespace>
      <Namespace Name="threading" CoveredStatements="23" TotalStatements="25" CoveragePercent="92">
        <Type Name="NoOpAsyncLocker" CoveredStatements="6" TotalStatements="6" CoveragePercent="100">
          <Constructor Name="NoOpAsyncLocker()" CoveredStatements="3" TotalStatements="3" CoveragePercent="100" />
          <Constructor Name="NoOpAsyncLocker()" CoveredStatements="1" TotalStatements="1" CoveragePercent="100" />
          <Method Name="DisposeAsync():ValueTask" CoveredStatements="1" TotalStatements="1" CoveragePercent="100" />
          <Method Name="LockAsync():Task" CoveredStatements="1" TotalStatements="1" CoveragePercent="100" />
        </Type>
        <Type Name="RealAsyncLocker" CoveredStatements="17" TotalStatements="19" CoveragePercent="89">
          <Constructor Name="RealAsyncLocker(SemaphoreSlim)" CoveredStatements="5" TotalStatements="5" CoveragePercent="100" />
          <Method Name="DisposeAsync():ValueTask" CoveredStatements="8" TotalStatements="10" CoveragePercent="80" />
          <Method Name="LockAsync():Task" CoveredStatements="4" TotalStatements="4" CoveragePercent="100">
            <InternalCompiledMethod Name="MoveNext():void" CoveredStatements="4" TotalStatements="4" CoveragePercent="100" />
          </Method>
        </Type>
      </Namespace>
      <Namespace Name="wrappers" CoveredStatements="134" TotalStatements="188" CoveragePercent="71">
        <Type Name="TrackedConnection" CoveredStatements="83" TotalStatements="109" CoveragePercent="76">
          <Constructor Name="TrackedConnection(DbConnection,StateChangeEventHandler,Action&lt;DbConnection&gt;,Action&lt;DbConnection&gt;,ILogger&lt;TrackedConnection&gt;,bool)" CoveredStatements="18" TotalStatements="18" CoveragePercent="100" />
          <Property Name="ConnectionString:string" CoveredStatements="0" TotalStatements="2" CoveragePercent="0">
            <PropertyGetter CoveredStatements="0" TotalStatements="1" CoveragePercent="0" />
            <PropertySetter CoveredStatements="0" TotalStatements="1" CoveragePercent="0" />
          </Property>
          <Property Name="ConnectionTimeout:int" CoveredStatements="0" TotalStatements="1" CoveragePercent="0">
            <PropertyGetter CoveredStatements="0" TotalStatements="1" CoveragePercent="0" />
          </Property>
          <Property Name="Database:string" CoveredStatements="0" TotalStatements="1" CoveragePercent="0">
            <PropertyGetter CoveredStatements="0" TotalStatements="1" CoveragePercent="0" />
          </Property>
          <Property Name="DataSource:string" CoveredStatements="0" TotalStatements="1" CoveragePercent="0">
            <PropertyGetter CoveredStatements="0" TotalStatements="1" CoveragePercent="0" />
          </Property>
          <Property Name="ServerVersion:string" CoveredStatements="0" TotalStatements="1" CoveragePercent="0">
            <PropertyGetter CoveredStatements="0" TotalStatements="1" CoveragePercent="0" />
          </Property>
          <Property Name="State:ConnectionState" CoveredStatements="1" TotalStatements="1" CoveragePercent="100">
            <PropertyGetter CoveredStatements="1" TotalStatements="1" CoveragePercent="100" />
          </Property>
          <Property Name="WasOpened:bool" CoveredStatements="0" TotalStatements="1" CoveragePercent="0">
            <PropertyGetter CoveredStatements="0" TotalStatements="1" CoveragePercent="0" />
          </Property>
          <Method Name="BeginTransaction():IDbTransaction" CoveredStatements="0" TotalStatements="1" CoveragePercent="0" />
          <Method Name="BeginTransaction(IsolationLevel):IDbTransaction" CoveredStatements="1" TotalStatements="1" CoveragePercent="100" />
          <Method Name="ChangeDatabase(string):void" CoveredStatements="0" TotalStatements="1" CoveragePercent="0" />
          <Method Name="Close():void" CoveredStatements="0" TotalStatements="1" CoveragePercent="0" />
          <Method Name="CreateCommand():IDbCommand" CoveredStatements="1" TotalStatements="1" CoveragePercent="100" />
          <Method Name="Dispose():void" CoveredStatements="14" TotalStatements="19" CoveragePercent="74" />
          <Method Name="DisposeAsync():ValueTask" CoveredStatements="24" TotalStatements="24" CoveragePercent="100">
            <InternalCompiledMethod Name="MoveNext():void" CoveredStatements="24" TotalStatements="24" CoveragePercent="100" />
          </Method>
          <Method Name="GetLock():ILockerAsync" CoveredStatements="3" TotalStatements="3" CoveragePercent="100" />
          <Method Name="GetSchema():DataTable" CoveredStatements="3" TotalStatements="3" CoveragePercent="100" />
          <Method Name="GetSchema(string):DataTable" CoveredStatements="1" TotalStatements="1" CoveragePercent="100" />
          <Method Name="Open():void" CoveredStatements="11" TotalStatements="11" CoveragePercent="100" />
          <Method Name="OpenAsync(CancellationToken):Task" CoveredStatements="0" TotalStatements="11" CoveragePercent="0">
            <InternalCompiledMethod Name="MoveNext():void" CoveredStatements="0" TotalStatements="11" CoveragePercent="0" />
          </Method>
          <Method Name="TriggerFirstOpen():void" CoveredStatements="6" TotalStatements="6" CoveragePercent="100" />
        </Type>
        <Type Name="TrackedReader" CoveredStatements="51" TotalStatements="79" CoveragePercent="65">
          <Constructor Name="TrackedReader(DbDataReader,ITrackedConnection,IAsyncDisposable,bool)" CoveredStatements="7" TotalStatements="7" CoveragePercent="100" />
          <Property Name="Depth:int" CoveredStatements="0" TotalStatements="1" CoveragePercent="0">
            <PropertyGetter CoveredStatements="0" TotalStatements="1" CoveragePercent="0" />
          </Property>
          <Property Name="FieldCount:int" CoveredStatements="1" TotalStatements="1" CoveragePercent="100">
            <PropertyGetter CoveredStatements="1" TotalStatements="1" CoveragePercent="100" />
          </Property>
          <Property Name="IsClosed:bool" CoveredStatements="0" TotalStatements="1" CoveragePercent="0">
            <PropertyGetter CoveredStatements="0" TotalStatements="1" CoveragePercent="0" />
          </Property>
          <Property Name="RecordsAffected:int" CoveredStatements="0" TotalStatements="1" CoveragePercent="0">
            <PropertyGetter CoveredStatements="0" TotalStatements="1" CoveragePercent="0" />
          </Property>
          <Indexer Name="[int]:object" CoveredStatements="1" TotalStatements="1" CoveragePercent="100">
            <PropertyGetter CoveredStatements="1" TotalStatements="1" CoveragePercent="100" />
          </Indexer>
          <Indexer Name="[string]:object" CoveredStatements="1" TotalStatements="1" CoveragePercent="100">
            <PropertyGetter CoveredStatements="1" TotalStatements="1" CoveragePercent="100" />
          </Indexer>
          <Method Name="Close():void" CoveredStatements="0" TotalStatements="1" CoveragePercent="0" />
          <Method Name="Dispose():void" CoveredStatements="11" TotalStatements="11" CoveragePercent="100" />
          <Method Name="DisposeAsync():ValueTask" CoveredStatements="11" TotalStatements="11" CoveragePercent="100">
            <InternalCompiledMethod Name="MoveNext():void" CoveredStatements="11" TotalStatements="11" CoveragePercent="100" />
          </Method>
          <Method Name="GetBoolean(int):bool" CoveredStatements="0" TotalStatements="1" CoveragePercent="0" />
          <Method Name="GetByte(int):byte" CoveredStatements="0" TotalStatements="1" CoveragePercent="0" />
          <Method Name="GetBytes(int,long,byte[],int,int):long" CoveredStatements="0" TotalStatements="1" CoveragePercent="0" />
          <Method Name="GetChar(int):char" CoveredStatements="0" TotalStatements="1" CoveragePercent="0" />
          <Method Name="GetChars(int,long,char[],int,int):long" CoveredStatements="0" TotalStatements="1" CoveragePercent="0" />
          <Method Name="GetData(int):IDataReader" CoveredStatements="0" TotalStatements="1" CoveragePercent="0" />
          <Method Name="GetDataTypeName(int):string" CoveredStatements="0" TotalStatements="1" CoveragePercent="0" />
          <Method Name="GetDateTime(int):DateTime" CoveredStatements="0" TotalStatements="1" CoveragePercent="0" />
          <Method Name="GetDecimal(int):Decimal" CoveredStatements="0" TotalStatements="1" CoveragePercent="0" />
          <Method Name="GetDouble(int):double" CoveredStatements="0" TotalStatements="1" CoveragePercent="0" />
          <Method Name="GetFieldType(int):Type" CoveredStatements="1" TotalStatements="1" CoveragePercent="100" />
          <Method Name="GetFloat(int):float" CoveredStatements="0" TotalStatements="1" CoveragePercent="0" />
          <Method Name="GetGuid(int):Guid" CoveredStatements="0" TotalStatements="1" CoveragePercent="0" />
          <Method Name="GetInt16(int):short" CoveredStatements="0" TotalStatements="1" CoveragePercent="0" />
          <Method Name="GetInt32(int):int" CoveredStatements="0" TotalStatements="1" CoveragePercent="0" />
          <Method Name="GetInt64(int):long" CoveredStatements="0" TotalStatements="1" CoveragePercent="0" />
          <Method Name="GetName(int):string" CoveredStatements="1" TotalStatements="1" CoveragePercent="100" />
          <Method Name="GetOrdinal(string):int" CoveredStatements="0" TotalStatements="1" CoveragePercent="0" />
          <Method Name="GetSchemaTable():DataTable" CoveredStatements="0" TotalStatements="1" CoveragePercent="0" />
          <Method Name="GetString(int):string" CoveredStatements="1" TotalStatements="1" CoveragePercent="100" />
          <Method Name="GetValue(int):object" CoveredStatements="1" TotalStatements="1" CoveragePercent="100" />
          <Method Name="GetValues(object[]):int" CoveredStatements="0" TotalStatements="1" CoveragePercent="0" />
          <Method Name="IsDBNull(int):bool" CoveredStatements="1" TotalStatements="1" CoveragePercent="100" />
          <Method Name="NextResult():bool" CoveredStatements="0" TotalStatements="1" CoveragePercent="0" />
          <Method Name="Read():bool" CoveredStatements="7" TotalStatements="12" CoveragePercent="58" />
          <Method Name="ReadAsync():Task&lt;bool&gt;" CoveredStatements="7" TotalStatements="7" CoveragePercent="100">
            <InternalCompiledMethod Name="MoveNext():void" CoveredStatements="7" TotalStatements="7" CoveragePercent="100" />
          </Method>
        </Type>
      </Namespace>
      <Type Name="AuditContextProvider&lt;TUserId&gt;" CoveredStatements="3" TotalStatements="3" CoveragePercent="100">
        <Method Name="GetUtcNow():DateTime" CoveredStatements="3" TotalStatements="3" CoveragePercent="100" />
      </Type>
      <Type Name="AuditValues" CoveredStatements="4" TotalStatements="5" CoveragePercent="80">
        <AutoProperty Name="UserId:object" CoveredStatements="2" TotalStatements="2" CoveragePercent="100">
          <PropertyGetter CoveredStatements="1" TotalStatements="1" CoveragePercent="100" />
          <PropertyInitOnlySetter CoveredStatements="1" TotalStatements="1" CoveragePercent="100" />
        </AutoProperty>
        <AutoProperty Name="UtcNow:DateTime" CoveredStatements="2" TotalStatements="2" CoveragePercent="100">
          <PropertyGetter CoveredStatements="1" TotalStatements="1" CoveragePercent="100" />
          <PropertyInitOnlySetter CoveredStatements="1" TotalStatements="1" CoveragePercent="100" />
        </AutoProperty>
        <Method Name="As&lt;T&gt;():T" CoveredStatements="0" TotalStatements="1" CoveragePercent="0" />
      </Type>
      <Type Name="ColumnInfo" CoveredStatements="44" TotalStatements="46" CoveragePercent="96">
        <Constructor Name="ColumnInfo()" CoveredStatements="3" TotalStatements="3" CoveragePercent="100" />
        <AutoProperty Name="DbType:DbType" CoveredStatements="2" TotalStatements="2" CoveragePercent="100">
          <PropertyGetter CoveredStatements="1" TotalStatements="1" CoveragePercent="100" />
          <PropertySetter CoveredStatements="1" TotalStatements="1" CoveragePercent="100" />
        </AutoProperty>
        <AutoProperty Name="EnumType:Type" CoveredStatements="2" TotalStatements="2" CoveragePercent="100">
          <PropertyGetter CoveredStatements="1" TotalStatements="1" CoveragePercent="100" />
          <PropertySetter CoveredStatements="1" TotalStatements="1" CoveragePercent="100" />
        </AutoProperty>
        <AutoProperty Name="IsCreatedBy:bool" CoveredStatements="2" TotalStatements="2" CoveragePercent="100">
          <PropertyGetter CoveredStatements="1" TotalStatements="1" CoveragePercent="100" />
          <PropertySetter CoveredStatements="1" TotalStatements="1" CoveragePercent="100" />
        </AutoProperty>
        <AutoProperty Name="IsCreatedOn:bool" CoveredStatements="2" TotalStatements="2" CoveragePercent="100">
          <PropertyGetter CoveredStatements="1" TotalStatements="1" CoveragePercent="100" />
          <PropertySetter CoveredStatements="1" TotalStatements="1" CoveragePercent="100" />
        </AutoProperty>
        <AutoProperty Name="IsEnum:bool" CoveredStatements="1" TotalStatements="2" CoveragePercent="50">
          <PropertyGetter CoveredStatements="0" TotalStatements="1" CoveragePercent="0" />
          <PropertySetter CoveredStatements="1" TotalStatements="1" CoveragePercent="100" />
        </AutoProperty>
        <AutoProperty Name="IsId:bool" CoveredStatements="2" TotalStatements="2" CoveragePercent="100">
          <PropertyGetter CoveredStatements="1" TotalStatements="1" CoveragePercent="100" />
          <PropertyInitOnlySetter CoveredStatements="1" TotalStatements="1" CoveragePercent="100" />
        </AutoProperty>
        <AutoProperty Name="IsIdIsWritable:bool" CoveredStatements="2" TotalStatements="2" CoveragePercent="100">
          <PropertyGetter CoveredStatements="1" TotalStatements="1" CoveragePercent="100" />
          <PropertySetter CoveredStatements="1" TotalStatements="1" CoveragePercent="100" />
        </AutoProperty>
        <AutoProperty Name="IsJsonType:bool" CoveredStatements="2" TotalStatements="2" CoveragePercent="100">
          <PropertyGetter CoveredStatements="1" TotalStatements="1" CoveragePercent="100" />
          <PropertySetter CoveredStatements="1" TotalStatements="1" CoveragePercent="100" />
        </AutoProperty>
        <AutoProperty Name="IsLastUpdatedBy:bool" CoveredStatements="2" TotalStatements="2" CoveragePercent="100">
          <PropertyGetter CoveredStatements="1" TotalStatements="1" CoveragePercent="100" />
          <PropertySetter CoveredStatements="1" TotalStatements="1" CoveragePercent="100" />
        </AutoProperty>
        <AutoProperty Name="IsLastUpdatedOn:bool" CoveredStatements="2" TotalStatements="2" CoveragePercent="100">
          <PropertyGetter CoveredStatements="1" TotalStatements="1" CoveragePercent="100" />
          <PropertySetter CoveredStatements="1" TotalStatements="1" CoveragePercent="100" />
        </AutoProperty>
        <AutoProperty Name="IsNonUpdateable:bool" CoveredStatements="2" TotalStatements="2" CoveragePercent="100">
          <PropertyGetter CoveredStatements="1" TotalStatements="1" CoveragePercent="100" />
          <PropertySetter CoveredStatements="1" TotalStatements="1" CoveragePercent="100" />
        </AutoProperty>
        <AutoProperty Name="IsPrimaryKey:bool" CoveredStatements="2" TotalStatements="2" CoveragePercent="100">
          <PropertyGetter CoveredStatements="1" TotalStatements="1" CoveragePercent="100" />
          <PropertySetter CoveredStatements="1" TotalStatements="1" CoveragePercent="100" />
        </AutoProperty>
        <AutoProperty Name="IsVersion:bool" CoveredStatements="2" TotalStatements="2" CoveragePercent="100">
          <PropertyGetter CoveredStatements="1" TotalStatements="1" CoveragePercent="100" />
          <PropertySetter CoveredStatements="1" TotalStatements="1" CoveragePercent="100" />
        </AutoProperty>
        <AutoProperty Name="JsonSerializerOptions:JsonSerializerOptions" CoveredStatements="2" TotalStatements="2" CoveragePercent="100">
          <PropertyGetter CoveredStatements="1" TotalStatements="1" CoveragePercent="100" />
          <PropertySetter CoveredStatements="1" TotalStatements="1" CoveragePercent="100" />
        </AutoProperty>
        <AutoProperty Name="Name:string" CoveredStatements="2" TotalStatements="2" CoveragePercent="100">
          <PropertyGetter CoveredStatements="1" TotalStatements="1" CoveragePercent="100" />
          <PropertyInitOnlySetter CoveredStatements="1" TotalStatements="1" CoveragePercent="100" />
        </AutoProperty>
        <AutoProperty Name="PropertyInfo:PropertyInfo" CoveredStatements="2" TotalStatements="2" CoveragePercent="100">
          <PropertyGetter CoveredStatements="1" TotalStatements="1" CoveragePercent="100" />
          <PropertyInitOnlySetter CoveredStatements="1" TotalStatements="1" CoveragePercent="100" />
        </AutoProperty>
        <Method Name="MakeParameterValueFromField&lt;T&gt;(T):object" CoveredStatements="10" TotalStatements="11" CoveragePercent="91" />
      </Type>
      <Type Name="DatabaseContext" CoveredStatements="266" TotalStatements="361" CoveragePercent="74">
        <Constructor Name="DatabaseContext(string,string,ITypeMapRegistry,DbMode,ReadWriteMode,ILoggerFactory)" CoveredStatements="0" TotalStatements="3" CoveragePercent="0" />
        <Constructor Name="DatabaseContext(string,DbProviderFactory,ITypeMapRegistry,DbMode,ReadWriteMode,ILoggerFactory)" CoveredStatements="3" TotalStatements="3" CoveragePercent="100" />
        <Constructor Name="DatabaseContext(IDatabaseContextConfiguration,DbProviderFactory,ILoggerFactory)" CoveredStatements="15" TotalStatements="19" CoveragePercent="79" />
        <Property Name="CompositeIdentifierSeparator:string" CoveredStatements="1" TotalStatements="1" CoveragePercent="100">
          <PropertyGetter CoveredStatements="1" TotalStatements="1" CoveragePercent="100" />
        </Property>
        <Property Name="Connection:ITrackedConnection" CoveredStatements="1" TotalStatements="1" CoveragePercent="100">
          <PropertyGetter CoveredStatements="1" TotalStatements="1" CoveragePercent="100" />
        </Property>
        <AutoProperty Name="ConnectionMode:DbMode" CoveredStatements="2" TotalStatements="2" CoveragePercent="100">
          <PropertyGetter CoveredStatements="1" TotalStatements="1" CoveragePercent="100" />
          <PropertySetter CoveredStatements="1" TotalStatements="1" CoveragePercent="100" />
        </AutoProperty>
        <Property Name="ConnectionString:string" CoveredStatements="5" TotalStatements="7" CoveragePercent="71">
          <PropertyGetter CoveredStatements="1" TotalStatements="1" CoveragePercent="100" />
          <PropertySetter CoveredStatements="4" TotalStatements="6" CoveragePercent="67" />
        </Property>
        <Property Name="DataSourceInfo:IDataSourceInformation" CoveredStatements="1" TotalStatements="1" CoveragePercent="100">
          <PropertyGetter CoveredStatements="1" TotalStatements="1" CoveragePercent="100" />
        </Property>
        <Property Name="IsReadOnlyConnection:bool" CoveredStatements="1" TotalStatements="1" CoveragePercent="100">
          <PropertyGetter CoveredStatements="1" TotalStatements="1" CoveragePercent="100" />
        </Property>
        <Property Name="MaxNumberOfConnections:long" CoveredStatements="0" TotalStatements="1" CoveragePercent="0">
          <PropertyGetter CoveredStatements="0" TotalStatements="1" CoveragePercent="0" />
        </Property>
        <Property Name="MaxParameterLimit:int" CoveredStatements="1" TotalStatements="1" CoveragePercent="100">
          <PropertyGetter CoveredStatements="1" TotalStatements="1" CoveragePercent="100" />
        </Property>
        <AutoProperty Name="Name:string" CoveredStatements="2" TotalStatements="2" CoveragePercent="100">
          <PropertyGetter CoveredStatements="1" TotalStatements="1" CoveragePercent="100" />
          <PropertySetter CoveredStatements="1" TotalStatements="1" CoveragePercent="100" />
        </AutoProperty>
        <Property Name="NumberOfOpenConnections:long" CoveredStatements="1" TotalStatements="1" CoveragePercent="100">
          <PropertyGetter CoveredStatements="1" TotalStatements="1" CoveragePercent="100" />
        </Property>
        <Property Name="ProcWrappingStyle:ProcWrappingStyle" CoveredStatements="2" TotalStatements="2" CoveragePercent="100">
          <PropertyGetter CoveredStatements="1" TotalStatements="1" CoveragePercent="100" />
          <PropertySetter CoveredStatements="1" TotalStatements="1" CoveragePercent="100" />
        </Property>
        <Property Name="Product:SupportedDatabase" CoveredStatements="1" TotalStatements="1" CoveragePercent="100">
          <PropertyGetter CoveredStatements="1" TotalStatements="1" CoveragePercent="100" />
        </Property>
        <Property Name="QuotePrefix:string" CoveredStatements="1" TotalStatements="1" CoveragePercent="100">
          <PropertyGetter CoveredStatements="1" TotalStatements="1" CoveragePercent="100" />
        </Property>
        <Property Name="QuoteSuffix:string" CoveredStatements="1" TotalStatements="1" CoveragePercent="100">
          <PropertyGetter CoveredStatements="1" TotalStatements="1" CoveragePercent="100" />
        </Property>
        <AutoProperty Name="RCSIEnabled:bool" CoveredStatements="0" TotalStatements="1" CoveragePercent="0">
          <PropertyGetter CoveredStatements="0" TotalStatements="1" CoveragePercent="0" />
        </AutoProperty>
        <AutoProperty Name="ReadWriteMode:ReadWriteMode" CoveredStatements="0" TotalStatements="1" CoveragePercent="0">
          <PropertyGetter CoveredStatements="0" TotalStatements="1" CoveragePercent="0" />
        </AutoProperty>
        <Property Name="SessionSettingsPreamble:string" CoveredStatements="0" TotalStatements="1" CoveragePercent="0">
          <PropertyGetter CoveredStatements="0" TotalStatements="1" CoveragePercent="0" />
        </Property>
        <AutoProperty Name="TypeMapRegistry:ITypeMapRegistry" CoveredStatements="1" TotalStatements="1" CoveragePercent="100">
          <PropertyGetter CoveredStatements="1" TotalStatements="1" CoveragePercent="100" />
        </AutoProperty>
        <Method Name="ApplyConnectionSessionSettings(IDbConnection):void" CoveredStatements="11" TotalStatements="16" CoveragePercent="69" />
        <Method Name="AssertIsReadConnection():void" CoveredStatements="5" TotalStatements="5" CoveragePercent="100" />
        <Method Name="AssertIsWriteConnection():void" CoveredStatements="5" TotalStatements="5" CoveragePercent="100" />
        <Method Name="BeginTransaction(Nullable&lt;IsolationLevel&gt;):ITransactionContext" CoveredStatements="6" TotalStatements="8" CoveragePercent="75" />
        <Method Name="BeginTransaction(IsolationProfile):ITransactionContext" CoveredStatements="0" TotalStatements="3" CoveragePercent="0" />
        <Method Name="CheckForSqlServerSettings(ITrackedConnection):void" CoveredStatements="5" TotalStatements="26" CoveragePercent="19">
          <OwnCoverage CoveredStatements="5" TotalStatements="24" CoveragePercent="21" />
          <AnonymousMethod Name="(KeyValuePair&lt;string,string&gt;):string" CoveredStatements="0" TotalStatements="1" CoveragePercent="0" />
          <AnonymousMethod Name="(KeyValuePair&lt;string,string&gt;):string" CoveredStatements="0" TotalStatements="1" CoveragePercent="0" />
        </Method>
        <Method Name="CloseAndDisposeConnection(ITrackedConnection):void" CoveredStatements="12" TotalStatements="23" CoveragePercent="52" />
        <Method Name="CloseAndDisposeConnectionAsync(ITrackedConnection):ValueTask" CoveredStatements="8" TotalStatements="12" CoveragePercent="67">
          <InternalCompiledMethod Name="MoveNext():void" CoveredStatements="8" TotalStatements="12" CoveragePercent="67" />
        </Method>
        <Method Name="CompareResults(Dictionary&lt;string,string&gt;,Dictionary&lt;string,string&gt;):StringBuilder" CoveredStatements="0" TotalStatements="19" CoveragePercent="0" />
        <Method Name="CreateDbParameter&lt;T&gt;(string,DbType,T):DbParameter" CoveredStatements="16" TotalStatements="16" CoveragePercent="100" />
        <Method Name="CreateDbParameter&lt;T&gt;(DbType,T):DbParameter" CoveredStatements="3" TotalStatements="3" CoveragePercent="100" />
        <Method Name="CreateSqlContainer(string):ISqlContainer" CoveredStatements="3" TotalStatements="3" CoveragePercent="100" />
        <Method Name="DisposeManaged():void" CoveredStatements="0" TotalStatements="5" CoveragePercent="0" />
        <Method Name="FactoryCreateConnection(string,bool):ITrackedConnection" CoveredStatements="20" TotalStatements="23" CoveragePercent="87">
          <OwnCoverage CoveredStatements="7" TotalStatements="7" CoveragePercent="100" />
          <AnonymousMethod Name="(object,StateChangeEventArgs):void" CoveredStatements="10" TotalStatements="13" CoveragePercent="77" />
          <AnonymousMethod Name="(DbConnection):void" CoveredStatements="3" TotalStatements="3" CoveragePercent="100" />
        </Method>
        <Method Name="GenerateRandomName(int,int):string" CoveredStatements="14" TotalStatements="14" CoveragePercent="100" />
        <Method Name="GetConnection(ExecutionType,bool):ITrackedConnection" CoveredStatements="6" TotalStatements="7" CoveragePercent="86" />
        <Method Name="GetFactoryConnectionStringBuilder(string):DbConnectionStringBuilder" CoveredStatements="5" TotalStatements="5" CoveragePercent="100" />
        <Method Name="GetLock():ILockerAsync" CoveredStatements="3" TotalStatements="3" CoveragePercent="100" />
        <Method Name="GetSingleConnection():ITrackedConnection" CoveredStatements="3" TotalStatements="3" CoveragePercent="100" />
        <Method Name="GetSingleWriterConnection(ExecutionType,bool):ITrackedConnection" CoveredStatements="6" TotalStatements="6" CoveragePercent="100" />
        <Method Name="GetStandardConnection(bool):ITrackedConnection" CoveredStatements="4" TotalStatements="4" CoveragePercent="100" />
        <Method Name="InitializeInternals(IDatabaseContextConfiguration):void" CoveredStatements="36" TotalStatements="39" CoveragePercent="92" />
        <Method Name="MakeParameterName(DbParameter):string" CoveredStatements="3" TotalStatements="3" CoveragePercent="100" />
        <Method Name="MakeParameterName(string):string" CoveredStatements="3" TotalStatements="3" CoveragePercent="100" />
        <Method Name="SanitizeConnectionString(string):void" CoveredStatements="8" TotalStatements="8" CoveragePercent="100" />
        <Method Name="SetupConnectionSessionSettingsForProvider(ITrackedConnection):void" CoveredStatements="15" TotalStatements="17" CoveragePercent="88" />
        <Method Name="UpdateMaxConnectionCount(long):void" CoveredStatements="7" TotalStatements="8" CoveragePercent="88" />
        <Method Name="WrapObjectName(string):string" CoveredStatements="20" TotalStatements="22" CoveragePercent="91" />
      </Type>
      <Type Name="DataReaderMapper" CoveredStatements="39" TotalStatements="42" CoveragePercent="93">
        <Method Name="LoadObjectsFromDataReaderAsync&lt;T&gt;(IDataReader,CancellationToken):Task&lt;List&lt;T&gt;&gt;" CoveredStatements="39" TotalStatements="42" CoveragePercent="93">
          <InternalCompiledMethod Name="MoveNext():void" CoveredStatements="39" TotalStatements="42" CoveragePercent="93">
            <OwnCoverage CoveredStatements="38" TotalStatements="41" CoveragePercent="93" />
            <AnonymousMethod Name="(PropertyInfo):string" CoveredStatements="1" TotalStatements="1" CoveragePercent="100" />
          </InternalCompiledMethod>
        </Method>
      </Type>
      <Type Name="DataSourceInformation" CoveredStatements="169" TotalStatements="229" CoveragePercent="74">
        <Constructor Name="DataSourceInformation()" CoveredStatements="7" TotalStatements="7" CoveragePercent="100" />
        <Constructor Name="DataSourceInformation(DbConnection)" CoveredStatements="10" TotalStatements="12" CoveragePercent="83" />
        <Constructor Name="DataSourceInformation()" CoveredStatements="5" TotalStatements="5" CoveragePercent="100" />
        <AutoProperty Name="CompositeIdentifierSeparator:string" CoveredStatements="1" TotalStatements="2" CoveragePercent="50">
          <PropertyGetter CoveredStatements="1" TotalStatements="1" CoveragePercent="100" />
          <PropertySetter CoveredStatements="0" TotalStatements="1" CoveragePercent="0" />
        </AutoProperty>
        <AutoProperty Name="DatabaseProductName:string" CoveredStatements="2" TotalStatements="2" CoveragePercent="100">
          <PropertyGetter CoveredStatements="1" TotalStatements="1" CoveragePercent="100" />
          <PropertySetter CoveredStatements="1" TotalStatements="1" CoveragePercent="100" />
        </AutoProperty>
        <AutoProperty Name="DatabaseProductVersion:string" CoveredStatements="1" TotalStatements="2" CoveragePercent="50">
          <PropertyGetter CoveredStatements="0" TotalStatements="1" CoveragePercent="0" />
          <PropertySetter CoveredStatements="1" TotalStatements="1" CoveragePercent="100" />
        </AutoProperty>
        <AutoProperty Name="MaxParameterLimit:int" CoveredStatements="2" TotalStatements="2" CoveragePercent="100">
          <PropertyGetter CoveredStatements="1" TotalStatements="1" CoveragePercent="100" />
          <PropertySetter CoveredStatements="1" TotalStatements="1" CoveragePercent="100" />
        </AutoProperty>
        <AutoProperty Name="ParameterMarker:string" CoveredStatements="2" TotalStatements="2" CoveragePercent="100">
          <PropertyGetter CoveredStatements="1" TotalStatements="1" CoveragePercent="100" />
          <PropertySetter CoveredStatements="1" TotalStatements="1" CoveragePercent="100" />
        </AutoProperty>
        <AutoProperty Name="ParameterMarkerPattern:string" CoveredStatements="1" TotalStatements="2" CoveragePercent="50">
          <PropertyGetter CoveredStatements="0" TotalStatements="1" CoveragePercent="0" />
          <PropertySetter CoveredStatements="1" TotalStatements="1" CoveragePercent="100" />
        </AutoProperty>
        <AutoProperty Name="ParameterNameMaxLength:int" CoveredStatements="1" TotalStatements="2" CoveragePercent="50">
          <PropertyGetter CoveredStatements="0" TotalStatements="1" CoveragePercent="0" />
          <PropertySetter CoveredStatements="1" TotalStatements="1" CoveragePercent="100" />
        </AutoProperty>
        <AutoProperty Name="ParameterNamePatternRegex:Regex" CoveredStatements="1" TotalStatements="2" CoveragePercent="50">
          <PropertyGetter CoveredStatements="0" TotalStatements="1" CoveragePercent="0" />
          <PropertySetter CoveredStatements="1" TotalStatements="1" CoveragePercent="100" />
        </AutoProperty>
        <AutoProperty Name="PrepareStatements:bool" CoveredStatements="2" TotalStatements="2" CoveragePercent="100">
          <PropertyGetter CoveredStatements="1" TotalStatements="1" CoveragePercent="100" />
          <PropertySetter CoveredStatements="1" TotalStatements="1" CoveragePercent="100" />
        </AutoProperty>
        <AutoProperty Name="ProcWrappingStyle:ProcWrappingStyle" CoveredStatements="2" TotalStatements="2" CoveragePercent="100">
          <PropertyGetter CoveredStatements="1" TotalStatements="1" CoveragePercent="100" />
          <PropertySetter CoveredStatements="1" TotalStatements="1" CoveragePercent="100" />
        </AutoProperty>
        <AutoProperty Name="Product:SupportedDatabase" CoveredStatements="2" TotalStatements="2" CoveragePercent="100">
          <PropertyGetter CoveredStatements="1" TotalStatements="1" CoveragePercent="100" />
          <PropertySetter CoveredStatements="1" TotalStatements="1" CoveragePercent="100" />
        </AutoProperty>
        <AutoProperty Name="QuotePrefix:string" CoveredStatements="2" TotalStatements="2" CoveragePercent="100">
          <PropertyGetter CoveredStatements="1" TotalStatements="1" CoveragePercent="100" />
          <PropertySetter CoveredStatements="1" TotalStatements="1" CoveragePercent="100" />
        </AutoProperty>
        <AutoProperty Name="QuoteSuffix:string" CoveredStatements="2" TotalStatements="2" CoveragePercent="100">
          <PropertyGetter CoveredStatements="1" TotalStatements="1" CoveragePercent="100" />
          <PropertySetter CoveredStatements="1" TotalStatements="1" CoveragePercent="100" />
        </AutoProperty>
        <Property Name="RequiresStoredProcParameterNameMatch:bool" CoveredStatements="4" TotalStatements="5" CoveragePercent="80">
          <PropertyGetter CoveredStatements="4" TotalStatements="5" CoveragePercent="80" />
        </Property>
        <Property Name="SupportsInsertOnConflict:bool" CoveredStatements="5" TotalStatements="7" CoveragePercent="71">
          <PropertyGetter CoveredStatements="5" TotalStatements="7" CoveragePercent="71" />
        </Property>
        <Property Name="SupportsMerge:bool" CoveredStatements="5" TotalStatements="5" CoveragePercent="100">
          <PropertyGetter CoveredStatements="5" TotalStatements="5" CoveragePercent="100" />
        </Property>
        <AutoProperty Name="SupportsNamedParameters:bool" CoveredStatements="2" TotalStatements="2" CoveragePercent="100">
          <PropertyGetter CoveredStatements="1" TotalStatements="1" CoveragePercent="100" />
          <PropertySetter CoveredStatements="1" TotalStatements="1" CoveragePercent="100" />
        </AutoProperty>
        <Method Name="ApplySchema(DataTable):void" CoveredStatements="10" TotalStatements="10" CoveragePercent="100" />
        <Method Name="BuildEmptySchema(string,string,string,string,int,string,string,bool):DataTable" CoveredStatements="13" TotalStatements="13" CoveragePercent="100" />
        <Method Name="Create(ITrackedConnection):DataSourceInformation" CoveredStatements="3" TotalStatements="3" CoveragePercent="100" />
        <Method Name="CreateAsync(ITrackedConnection):Task&lt;DataSourceInformation&gt;" CoveredStatements="3" TotalStatements="3" CoveragePercent="100" />
        <Method Name="CreateInternalAsync(ITrackedConnection):Task&lt;DataSourceInformation&gt;" CoveredStatements="5" TotalStatements="5" CoveragePercent="100">
          <InternalCompiledMethod Name="MoveNext():void" CoveredStatements="5" TotalStatements="5" CoveragePercent="100" />
        </Method>
        <Method Name="ExecuteScalarViaReaderAsync(ITrackedConnection,string):Task&lt;object&gt;" CoveredStatements="10" TotalStatements="15" CoveragePercent="67">
          <InternalCompiledMethod Name="MoveNext():void" CoveredStatements="10" TotalStatements="15" CoveragePercent="67" />
        </Method>
        <Method Name="GetDatabaseVersion(ITrackedConnection):string" CoveredStatements="0" TotalStatements="23" CoveragePercent="0" />
        <Method Name="GetField&lt;T&gt;(DataRow,string,T):T" CoveredStatements="7" TotalStatements="7" CoveragePercent="100" />
        <Method Name="GetSchema(ITrackedConnection):DataTable" CoveredStatements="0" TotalStatements="6" CoveragePercent="0" />
        <Method Name="GetSchemaAsync(ITrackedConnection):Task&lt;DataTable&gt;" CoveredStatements="6" TotalStatements="6" CoveragePercent="100">
          <InternalCompiledMethod Name="MoveNext():void" CoveredStatements="6" TotalStatements="6" CoveragePercent="100" />
        </Method>
        <Method Name="GetVersionAsync(ITrackedConnection,string):Task&lt;string&gt;" CoveredStatements="4" TotalStatements="4" CoveragePercent="100">
          <InternalCompiledMethod Name="MoveNext():void" CoveredStatements="4" TotalStatements="4" CoveragePercent="100" />
        </Method>
        <Method Name="InferDatabaseProduct(string):SupportedDatabase" CoveredStatements="19" TotalStatements="22" CoveragePercent="86" />
        <Method Name="InitializeInternalAsync(ITrackedConnection):Task" CoveredStatements="15" TotalStatements="15" CoveragePercent="100">
          <InternalCompiledMethod Name="MoveNext():void" CoveredStatements="15" TotalStatements="15" CoveragePercent="100" />
        </Method>
        <Method Name="InitializeSync(ITrackedConnection):void" CoveredStatements="3" TotalStatements="3" CoveragePercent="100" />
        <Method Name="IsSqliteAsync(ITrackedConnection):Task&lt;bool&gt;" CoveredStatements="5" TotalStatements="8" CoveragePercent="63">
          <InternalCompiledMethod Name="MoveNext():void" CoveredStatements="5" TotalStatements="8" CoveragePercent="63" />
        </Method>
        <Method Name="IsSqliteSync(ITrackedConnection):bool" CoveredStatements="0" TotalStatements="10" CoveragePercent="0" />
        <Method Name="ReadSqliteSchema():DataTable" CoveredStatements="7" TotalStatements="7" CoveragePercent="100" />
      </Type>
      <Type Name="EntityHelper&lt;TEntity,TRowID&gt;" CoveredStatements="319" TotalStatements="412" CoveragePercent="77">
        <Constructor Name="EntityHelper(IDatabaseContext,EnumParseFailureMode)" CoveredStatements="0" TotalStatements="19" CoveragePercent="0">
          <OwnCoverage CoveredStatements="0" TotalStatements="16" CoveragePercent="0" />
          <AnonymousMethod Name="(IColumnInfo):bool" CoveredStatements="0" TotalStatements="1" CoveragePercent="0" />
          <AnonymousMethod Name="(IColumnInfo):bool" CoveredStatements="0" TotalStatements="1" CoveragePercent="0" />
          <AnonymousMethod Name="(IColumnInfo):bool" CoveredStatements="0" TotalStatements="1" CoveragePercent="0" />
        </Constructor>
        <Constructor Name="EntityHelper(IDatabaseContext,IAuditValueResolver,EnumParseFailureMode)" CoveredStatements="19" TotalStatements="19" CoveragePercent="100">
          <OwnCoverage CoveredStatements="16" TotalStatements="16" CoveragePercent="100" />
          <AnonymousMethod Name="(IColumnInfo):bool" CoveredStatements="1" TotalStatements="1" CoveragePercent="100" />
          <AnonymousMethod Name="(IColumnInfo):bool" CoveredStatements="1" TotalStatements="1" CoveragePercent="100" />
          <AnonymousMethod Name="(IColumnInfo):bool" CoveredStatements="1" TotalStatements="1" CoveragePercent="100" />
        </Constructor>
        <Constructor Name="EntityHelper()" CoveredStatements="1" TotalStatements="1" CoveragePercent="100" />
        <AutoProperty Name="EnumParseBehavior:EnumParseFailureMode" CoveredStatements="1" TotalStatements="2" CoveragePercent="50">
          <PropertyGetter CoveredStatements="0" TotalStatements="1" CoveragePercent="0" />
          <PropertySetter CoveredStatements="1" TotalStatements="1" CoveragePercent="100" />
        </AutoProperty>
        <AutoProperty Name="WrappedTableName:string" CoveredStatements="1" TotalStatements="1" CoveragePercent="100">
          <PropertyGetter CoveredStatements="1" TotalStatements="1" CoveragePercent="100" />
        </AutoProperty>
        <Method Name="BuildBaseRetrieve(string,IDatabaseContext):ISqlContainer" CoveredStatements="17" TotalStatements="17" CoveragePercent="100">
          <OwnCoverage CoveredStatements="16" TotalStatements="16" CoveragePercent="100" />
          <AnonymousMethod Name="(IColumnInfo):string" CoveredStatements="1" TotalStatements="1" CoveragePercent="100" />
        </Method>
        <Method Name="BuildCreate(TEntity,IDatabaseContext):ISqlContainer" CoveredStatements="36" TotalStatements="40" CoveragePercent="90" />
        <Method Name="BuildDelete(TRowID,IDatabaseContext):ISqlContainer" CoveredStatements="15" TotalStatements="19" CoveragePercent="79" />
        <Method Name="BuildRetrieve(IReadOnlyCollection&lt;TRowID&gt;,string,IDatabaseContext):ISqlContainer" CoveredStatements="9" TotalStatements="12" CoveragePercent="75" />
        <Method Name="BuildRetrieve(IReadOnlyCollection&lt;TEntity&gt;,string,IDatabaseContext):ISqlContainer" CoveredStatements="9" TotalStatements="10" CoveragePercent="90" />
        <Method Name="BuildRetrieve(IReadOnlyCollection&lt;TRowID&gt;,IDatabaseContext):ISqlContainer" CoveredStatements="3" TotalStatements="3" CoveragePercent="100" />
        <Method Name="BuildRetrieve(IReadOnlyCollection&lt;TEntity&gt;,IDatabaseContext):ISqlContainer" CoveredStatements="3" TotalStatements="3" CoveragePercent="100" />
        <Method Name="BuildUpdateAsync(TEntity,IDatabaseContext):Task&lt;ISqlContainer&gt;" CoveredStatements="4" TotalStatements="4" CoveragePercent="100" />
        <Method Name="BuildUpdateAsync(TEntity,bool,IDatabaseContext):Task&lt;ISqlContainer&gt;" CoveredStatements="54" TotalStatements="64" CoveragePercent="84">
          <InternalCompiledMethod Name="MoveNext():void" CoveredStatements="54" TotalStatements="64" CoveragePercent="84" />
        </Method>
        <Method Name="BuildWhere(string,IEnumerable&lt;TRowID&gt;,ISqlContainer):ISqlContainer" CoveredStatements="30" TotalStatements="38" CoveragePercent="79">
          <OwnCoverage CoveredStatements="29" TotalStatements="37" CoveragePercent="78" />
          <AnonymousMethod Name="(TRowID):bool" CoveredStatements="1" TotalStatements="1" CoveragePercent="100" />
        </Method>
        <Method Name="BuildWhereByPrimaryKey(IReadOnlyCollection&lt;TEntity&gt;,ISqlContainer,string):void" CoveredStatements="48" TotalStatements="68" CoveragePercent="71">
          <OwnCoverage CoveredStatements="47" TotalStatements="67" CoveragePercent="70" />
          <AnonymousMethod Name="(IColumnInfo):bool" CoveredStatements="1" TotalStatements="1" CoveragePercent="100" />
        </Method>
        <Method Name="GetOrCreateSetter(PropertyInfo):Action&lt;object,object&gt;" CoveredStatements="13" TotalStatements="13" CoveragePercent="100">
          <OwnCoverage CoveredStatements="3" TotalStatements="3" CoveragePercent="100" />
          <AnonymousMethod Name="(PropertyInfo):Action&lt;object,object&gt;" CoveredStatements="10" TotalStatements="10" CoveragePercent="100" />
        </Method>
        <Method Name="LoadListAsync(ISqlContainer):Task&lt;List&lt;TEntity&gt;&gt;" CoveredStatements="13" TotalStatements="13" CoveragePercent="100">
          <InternalCompiledMethod Name="MoveNext():void" CoveredStatements="13" TotalStatements="13" CoveragePercent="100" />
        </Method>
        <Method Name="LoadSingleAsync(ISqlContainer):Task&lt;TEntity&gt;" CoveredStatements="6" TotalStatements="6" CoveragePercent="100">
          <InternalCompiledMethod Name="MoveNext():void" CoveredStatements="6" TotalStatements="6" CoveragePercent="100" />
        </Method>
        <Method Name="MakeParameterName(DbParameter):string" CoveredStatements="3" TotalStatements="3" CoveragePercent="100" />
        <Method Name="MapReaderToObject(ITrackedReader):TEntity" CoveredStatements="20" TotalStatements="23" CoveragePercent="87" />
        <Method Name="RetrieveOneAsync(TEntity,IDatabaseContext):Task&lt;TEntity&gt;" CoveredStatements="7" TotalStatements="7" CoveragePercent="100" />
        <Method Name="SetAuditFields(TEntity,bool):void" CoveredStatements="4" TotalStatements="24" CoveragePercent="17" />
        <Method Name="WrapObjectName(string):string" CoveredStatements="3" TotalStatements="3" CoveragePercent="100" />
      </Type>
      <Type Name="EphemeralSecureString" CoveredStatements="73" TotalStatements="75" CoveragePercent="97">
        <Constructor Name="EphemeralSecureString(string)" CoveredStatements="13" TotalStatements="15" CoveragePercent="87" />
        <Method Name="ClearPlainText(object):void" CoveredStatements="12" TotalStatements="12" CoveragePercent="100" />
        <Method Name="DecryptBytes(byte[],byte[],byte[]):byte[]" CoveredStatements="9" TotalStatements="9" CoveragePercent="100" />
        <Method Name="Dispose():void" CoveredStatements="9" TotalStatements="9" CoveragePercent="100" />
        <Method Name="EncryptStringToBytes(string,byte[],byte[],Encoding):byte[]" CoveredStatements="12" TotalStatements="12" CoveragePercent="100" />
        <Method Name="Reveal():string" CoveredStatements="14" TotalStatements="14" CoveragePercent="100" />
        <Method Name="WithRevealed(Action&lt;string&gt;):void" CoveredStatements="4" TotalStatements="4" CoveragePercent="100" />
      </Type>
      <Type Name="SqlContainer" CoveredStatements="165" TotalStatements="194" CoveragePercent="85">
        <Constructor Name="SqlContainer(IDatabaseContext,string,ILogger&lt;ISqlContainer&gt;)" CoveredStatements="7" TotalStatements="7" CoveragePercent="100" />
        <Property Name="ParameterCount:int" CoveredStatements="1" TotalStatements="1" CoveragePercent="100">
          <PropertyGetter CoveredStatements="1" TotalStatements="1" CoveragePercent="100" />
        </Property>
        <AutoProperty Name="Query:StringBuilder" CoveredStatements="1" TotalStatements="1" CoveragePercent="100">
          <PropertyGetter CoveredStatements="1" TotalStatements="1" CoveragePercent="100" />
        </AutoProperty>
        <Method Name="AddParameter(DbParameter):void" CoveredStatements="5" TotalStatements="10" CoveragePercent="50" />
        <Method Name="AddParameters(IEnumerable&lt;DbParameter&gt;):void" CoveredStatements="12" TotalStatements="12" CoveragePercent="100" />
        <Method Name="AddParameterWithValue&lt;T&gt;(DbType,T):DbParameter" CoveredStatements="4" TotalStatements="6" CoveragePercent="67" />
        <Method Name="AddParameterWithValue&lt;T&gt;(string,DbType,T):DbParameter" CoveredStatements="6" TotalStatements="6" CoveragePercent="100" />
        <Method Name="Cleanup(DbCommand,ITrackedConnection,ExecutionType):void" CoveredStatements="20" TotalStatements="20" CoveragePercent="100" />
        <Method Name="Clear():void" CoveredStatements="4" TotalStatements="4" CoveragePercent="100" />
        <Method Name="CreateCommand(ITrackedConnection):DbCommand" CoveredStatements="8" TotalStatements="8" CoveragePercent="100" />
        <Method Name="DisposeManaged():void" CoveredStatements="0" TotalStatements="4" CoveragePercent="0" />
        <Method Name="ExecuteNonQueryAsync(CommandType):Task&lt;int&gt;" CoveredStatements="17" TotalStatements="18" CoveragePercent="94">
          <InternalCompiledMethod Name="MoveNext():void" CoveredStatements="17" TotalStatements="18" CoveragePercent="94" />
        </Method>
        <Method Name="ExecuteReaderAsync(CommandType):Task&lt;ITrackedReader&gt;" CoveredStatements="20" TotalStatements="21" CoveragePercent="95">
          <InternalCompiledMethod Name="MoveNext():void" CoveredStatements="20" TotalStatements="21" CoveragePercent="95" />
        </Method>
        <Method Name="ExecuteScalarAsync&lt;T&gt;(CommandType):Task&lt;T&gt;" CoveredStatements="10" TotalStatements="10" CoveragePercent="100">
          <InternalCompiledMethod Name="MoveNext():void" CoveredStatements="10" TotalStatements="10" CoveragePercent="100" />
        </Method>
        <Method Name="GenerateRandomName():string" CoveredStatements="8" TotalStatements="9" CoveragePercent="89" />
        <Method Name="MakeParameterName(DbParameter):string" CoveredStatements="0" TotalStatements="1" CoveragePercent="0" />
        <Method Name="OpenConnection(ITrackedConnection):void" CoveredStatements="3" TotalStatements="4" CoveragePercent="75" />
        <Method Name="PrepareCommand(ITrackedConnection,CommandType,ExecutionType):DbCommand" CoveredStatements="19" TotalStatements="27" CoveragePercent="70" />
        <Method Name="WrapForStoredProc(ExecutionType,bool):string" CoveredStatements="20" TotalStatements="24" CoveragePercent="83">
          <OwnCoverage CoveredStatements="13" TotalStatements="15" CoveragePercent="87" />
          <LocalFunction Name="BuildProcedureArguments():string" CoveredStatements="7" TotalStatements="9" CoveragePercent="78">
            <OwnCoverage CoveredStatements="6" TotalStatements="8" CoveragePercent="75" />
            <AnonymousMethod Name="(DbParameter):string" CoveredStatements="1" TotalStatements="1" CoveragePercent="100" />
          </LocalFunction>
        </Method>
        <Method Name="WrapObjectName(string):string" CoveredStatements="0" TotalStatements="1" CoveragePercent="0" />
      </Type>
      <Type Name="StubAuditValueResolver" CoveredStatements="7" TotalStatements="7" CoveragePercent="100">
        <Constructor Name="StubAuditValueResolver(object)" CoveredStatements="4" TotalStatements="4" CoveragePercent="100" />
        <Method Name="Resolve():IAuditValues" CoveredStatements="3" TotalStatements="3" CoveragePercent="100" />
      </Type>
      <Type Name="TableInfo" CoveredStatements="14" TotalStatements="18" CoveragePercent="78">
        <Constructor Name="TableInfo()" CoveredStatements="1" TotalStatements="1" CoveragePercent="100" />
        <AutoProperty Name="Columns:Dictionary&lt;string,IColumnInfo&gt;" CoveredStatements="1" TotalStatements="1" CoveragePercent="100">
          <PropertyGetter CoveredStatements="1" TotalStatements="1" CoveragePercent="100" />
        </AutoProperty>
        <AutoProperty Name="CreatedBy:IColumnInfo" CoveredStatements="1" TotalStatements="2" CoveragePercent="50">
          <PropertyGetter CoveredStatements="0" TotalStatements="1" CoveragePercent="0" />
          <PropertySetter CoveredStatements="1" TotalStatements="1" CoveragePercent="100" />
        </AutoProperty>
        <AutoProperty Name="CreatedOn:IColumnInfo" CoveredStatements="1" TotalStatements="2" CoveragePercent="50">
          <PropertyGetter CoveredStatements="0" TotalStatements="1" CoveragePercent="0" />
          <PropertySetter CoveredStatements="1" TotalStatements="1" CoveragePercent="100" />
        </AutoProperty>
        <AutoProperty Name="Id:IColumnInfo" CoveredStatements="2" TotalStatements="2" CoveragePercent="100">
          <PropertyGetter CoveredStatements="1" TotalStatements="1" CoveragePercent="100" />
          <PropertySetter CoveredStatements="1" TotalStatements="1" CoveragePercent="100" />
        </AutoProperty>
        <AutoProperty Name="LastUpdatedBy:IColumnInfo" CoveredStatements="1" TotalStatements="2" CoveragePercent="50">
          <PropertyGetter CoveredStatements="0" TotalStatements="1" CoveragePercent="0" />
          <PropertySetter CoveredStatements="1" TotalStatements="1" CoveragePercent="100" />
        </AutoProperty>
        <AutoProperty Name="LastUpdatedOn:IColumnInfo" CoveredStatements="1" TotalStatements="2" CoveragePercent="50">
          <PropertyGetter CoveredStatements="0" TotalStatements="1" CoveragePercent="0" />
          <PropertySetter CoveredStatements="1" TotalStatements="1" CoveragePercent="100" />
        </AutoProperty>
        <AutoProperty Name="Name:string" CoveredStatements="2" TotalStatements="2" CoveragePercent="100">
          <PropertyGetter CoveredStatements="1" TotalStatements="1" CoveragePercent="100" />
          <PropertySetter CoveredStatements="1" TotalStatements="1" CoveragePercent="100" />
        </AutoProperty>
        <AutoProperty Name="Schema:string" CoveredStatements="2" TotalStatements="2" CoveragePercent="100">
          <PropertyGetter CoveredStatements="1" TotalStatements="1" CoveragePercent="100" />
          <PropertySetter CoveredStatements="1" TotalStatements="1" CoveragePercent="100" />
        </AutoProperty>
        <AutoProperty Name="Version:IColumnInfo" CoveredStatements="2" TotalStatements="2" CoveragePercent="100">
          <PropertyGetter CoveredStatements="1" TotalStatements="1" CoveragePercent="100" />
          <PropertySetter CoveredStatements="1" TotalStatements="1" CoveragePercent="100" />
        </AutoProperty>
      </Type>
      <Type Name="TransactionContext" CoveredStatements="120" TotalStatements="164" CoveragePercent="73">
        <Constructor Name="TransactionContext(IDatabaseContext,IsolationLevel,Nullable&lt;ExecutionType&gt;,ILogger&lt;TransactionContext&gt;)" CoveredStatements="13" TotalStatements="18" CoveragePercent="72" />
        <Property Name="CompositeIdentifierSeparator:string" CoveredStatements="0" TotalStatements="1" CoveragePercent="0">
          <PropertyGetter CoveredStatements="0" TotalStatements="1" CoveragePercent="0" />
        </Property>
        <Property Name="ConnectionMode:DbMode" CoveredStatements="1" TotalStatements="1" CoveragePercent="100">
          <PropertyGetter CoveredStatements="1" TotalStatements="1" CoveragePercent="100" />
        </Property>
        <Property Name="DataSourceInfo:IDataSourceInformation" CoveredStatements="1" TotalStatements="1" CoveragePercent="100">
          <PropertyGetter CoveredStatements="1" TotalStatements="1" CoveragePercent="100" />
        </Property>
        <Property Name="IsCompleted:bool" CoveredStatements="1" TotalStatements="1" CoveragePercent="100">
          <PropertyGetter CoveredStatements="1" TotalStatements="1" CoveragePercent="100" />
        </Property>
        <Property Name="IsolationLevel:IsolationLevel" CoveredStatements="0" TotalStatements="1" CoveragePercent="0">
          <PropertyGetter CoveredStatements="0" TotalStatements="1" CoveragePercent="0" />
        </Property>
        <Property Name="IsReadOnlyConnection:bool" CoveredStatements="1" TotalStatements="1" CoveragePercent="100">
          <PropertyGetter CoveredStatements="1" TotalStatements="1" CoveragePercent="100" />
        </Property>
        <Property Name="MaxNumberOfConnections:long" CoveredStatements="0" TotalStatements="1" CoveragePercent="0">
          <PropertyGetter CoveredStatements="0" TotalStatements="1" CoveragePercent="0" />
        </Property>
        <Property Name="MaxParameterLimit:int" CoveredStatements="1" TotalStatements="1" CoveragePercent="100">
          <PropertyGetter CoveredStatements="1" TotalStatements="1" CoveragePercent="100" />
        </Property>
        <Property Name="NumberOfOpenConnections:long" CoveredStatements="0" TotalStatements="1" CoveragePercent="0">
          <PropertyGetter CoveredStatements="0" TotalStatements="1" CoveragePercent="0" />
        </Property>
        <Property Name="ProcWrappingStyle:ProcWrappingStyle" CoveredStatements="0" TotalStatements="2" CoveragePercent="0">
          <PropertyGetter CoveredStatements="0" TotalStatements="1" CoveragePercent="0" />
          <PropertySetter CoveredStatements="0" TotalStatements="1" CoveragePercent="0" />
        </Property>
        <Property Name="Product:SupportedDatabase" CoveredStatements="0" TotalStatements="1" CoveragePercent="0">
          <PropertyGetter CoveredStatements="0" TotalStatements="1" CoveragePercent="0" />
        </Property>
        <Property Name="QuotePrefix:string" CoveredStatements="0" TotalStatements="1" CoveragePercent="0">
          <PropertyGetter CoveredStatements="0" TotalStatements="1" CoveragePercent="0" />
        </Property>
        <Property Name="QuoteSuffix:string" CoveredStatements="0" TotalStatements="1" CoveragePercent="0">
          <PropertyGetter CoveredStatements="0" TotalStatements="1" CoveragePercent="0" />
        </Property>
        <Property Name="RCSIEnabled:bool" CoveredStatements="0" TotalStatements="1" CoveragePercent="0">
          <PropertyGetter CoveredStatements="0" TotalStatements="1" CoveragePercent="0" />
        </Property>
        <Property Name="SessionSettingsPreamble:string" CoveredStatements="0" TotalStatements="1" CoveragePercent="0">
          <PropertyGetter CoveredStatements="0" TotalStatements="1" CoveragePercent="0" />
        </Property>
        <Property Name="Transaction:IDbTransaction" CoveredStatements="1" TotalStatements="1" CoveragePercent="100">
          <PropertyGetter CoveredStatements="1" TotalStatements="1" CoveragePercent="100" />
        </Property>
        <AutoProperty Name="TransactionId:Guid" CoveredStatements="0" TotalStatements="1" CoveragePercent="0">
          <PropertyGetter CoveredStatements="0" TotalStatements="1" CoveragePercent="0" />
        </AutoProperty>
        <Property Name="TypeMapRegistry:ITypeMapRegistry" CoveredStatements="0" TotalStatements="1" CoveragePercent="0">
          <PropertyGetter CoveredStatements="0" TotalStatements="1" CoveragePercent="0" />
        </Property>
        <Property Name="WasCommitted:bool" CoveredStatements="1" TotalStatements="1" CoveragePercent="100">
          <PropertyGetter CoveredStatements="1" TotalStatements="1" CoveragePercent="100" />
        </Property>
        <Property Name="WasRolledBack:bool" CoveredStatements="1" TotalStatements="1" CoveragePercent="100">
          <PropertyGetter CoveredStatements="1" TotalStatements="1" CoveragePercent="100" />
        </Property>
        <Method Name="AssertIsReadConnection():void" CoveredStatements="1" TotalStatements="1" CoveragePercent="100" />
        <Method Name="AssertIsWriteConnection():void" CoveredStatements="1" TotalStatements="1" CoveragePercent="100" />
        <Method Name="BeginTransaction(IsolationProfile):ITransactionContext" CoveredStatements="0" TotalStatements="1" CoveragePercent="0" />
        <Method Name="BeginTransaction(Nullable&lt;IsolationLevel&gt;):ITransactionContext" CoveredStatements="1" TotalStatements="1" CoveragePercent="100" />
        <Method Name="CloseAndDisposeConnection(ITrackedConnection):void" CoveredStatements="0" TotalStatements="2" CoveragePercent="0" />
        <Method Name="Commit():void" CoveredStatements="14" TotalStatements="15" CoveragePercent="93" />
        <Method Name="CreateDbParameter&lt;T&gt;(string,DbType,T):DbParameter" CoveredStatements="0" TotalStatements="1" CoveragePercent="0" />
        <Method Name="CreateDbParameter&lt;T&gt;(DbType,T):DbParameter" CoveredStatements="0" TotalStatements="1" CoveragePercent="0" />
        <Method Name="CreateSqlContainer(string):ISqlContainer" CoveredStatements="5" TotalStatements="5" CoveragePercent="100" />
        <Method Name="DisposeManaged():void" CoveredStatements="23" TotalStatements="29" CoveragePercent="79" />
        <Method Name="DisposeManagedAsync():ValueTask" CoveredStatements="28" TotalStatements="37" CoveragePercent="76">
          <InternalCompiledMethod Name="MoveNext():void" CoveredStatements="28" TotalStatements="37" CoveragePercent="76" />
        </Method>
        <Method Name="EnsureConnectionIsOpen():void" CoveredStatements="6" TotalStatements="6" CoveragePercent="100" />
        <Method Name="GenerateRandomName(int,int):string" CoveredStatements="1" TotalStatements="1" CoveragePercent="100" />
        <Method Name="GetConnection(ExecutionType,bool):ITrackedConnection" CoveredStatements="1" TotalStatements="1" CoveragePercent="100" />
        <Method Name="GetLock():ILockerAsync" CoveredStatements="1" TotalStatements="1" CoveragePercent="100" />
        <Method Name="MakeParameterName(string):string" CoveredStatements="0" TotalStatements="1" CoveragePercent="0" />
        <Method Name="MakeParameterName(DbParameter):string" CoveredStatements="0" TotalStatements="1" CoveragePercent="0" />
        <Method Name="Rollback():void" CoveredStatements="14" TotalStatements="15" CoveragePercent="93" />
        <Method Name="ThrowIfDisposed():void" CoveredStatements="3" TotalStatements="4" CoveragePercent="75" />
        <Method Name="WrapObjectName(string):string" CoveredStatements="0" TotalStatements="1" CoveragePercent="0" />
      </Type>
      <Type Name="TypeCoercionHelper" CoveredStatements="47" TotalStatements="52" CoveragePercent="90">
        <Method Name="Coerce(object,Type,IColumnInfo,EnumParseFailureMode):object" CoveredStatements="19" TotalStatements="23" CoveragePercent="83" />
        <Method Name="Coerce(object,Type,Type):object" CoveredStatements="7" TotalStatements="7" CoveragePercent="100" />
        <Method Name="CoerceCore(object,Type,Type):object" CoveredStatements="21" TotalStatements="22" CoveragePercent="95" />
      </Type>
      <Type Name="TypeMapRegistry" CoveredStatements="49" TotalStatements="49" CoveragePercent="100">
        <Constructor Name="TypeMapRegistry()" CoveredStatements="1" TotalStatements="1" CoveragePercent="100" />
        <Method Name="GetTableInfo&lt;T&gt;():ITableInfo" CoveredStatements="45" TotalStatements="45" CoveragePercent="100" />
        <Method Name="Register&lt;T&gt;():void" CoveredStatements="3" TotalStatements="3" CoveragePercent="100" />
      </Type>
      <Type Name="Utils" CoveredStatements="27" TotalStatements="29" CoveragePercent="93">
        <Method Name="IsNullOrDbNull(object):bool" CoveredStatements="3" TotalStatements="3" CoveragePercent="100" />
        <Method Name="IsNullOrEmpty&lt;T&gt;(IEnumerable&lt;T&gt;):bool" CoveredStatements="9" TotalStatements="11" CoveragePercent="82" />
        <Method Name="IsZeroNumeric(object):bool" CoveredStatements="15" TotalStatements="15" CoveragePercent="100" />
      </Type>
    </Namespace>
  </Project>
  <Project Name="pengdows.crud.abstractions" CoveredStatements="2" TotalStatements="4" CoveragePercent="50">
    <Namespace Name="pengdows.crud" CoveredStatements="2" TotalStatements="4" CoveragePercent="50">
      <Type Name="IAuditValues" CoveredStatements="0" TotalStatements="1" CoveragePercent="0">
        <Method Name="As&lt;T&gt;():T" CoveredStatements="0" TotalStatements="1" CoveragePercent="0" />
      </Type>
      <Type Name="IDatabaseContext" CoveredStatements="2" TotalStatements="3" CoveragePercent="67">
        <Property Name="DatabaseProductName:string" CoveredStatements="0" TotalStatements="1" CoveragePercent="0">
          <PropertyGetter CoveredStatements="0" TotalStatements="1" CoveragePercent="0" />
        </Property>
        <Property Name="PrepareStatements:bool" CoveredStatements="1" TotalStatements="1" CoveragePercent="100">
          <PropertyGetter CoveredStatements="1" TotalStatements="1" CoveragePercent="100" />
        </Property>
        <Property Name="SupportsNamedParameters:bool" CoveredStatements="1" TotalStatements="1" CoveragePercent="100">
          <PropertyGetter CoveredStatements="1" TotalStatements="1" CoveragePercent="100" />
        </Property>
      </Type>
    </Namespace>
  </Project>
  <Project Name="pengdows.crud.dynamic" CoveredStatements="0" TotalStatements="282" CoveragePercent="0">
    <Namespace Name="pengdows.crud.dynamic" CoveredStatements="0" TotalStatements="142" CoveragePercent="0">
      <Type Name="ColumnDef" CoveredStatements="0" TotalStatements="30" CoveragePercent="0">
        <AutoProperty Name="DbType:DbType" CoveredStatements="0" TotalStatements="2" CoveragePercent="0">
          <PropertyGetter CoveredStatements="0" TotalStatements="1" CoveragePercent="0" />
          <PropertySetter CoveredStatements="0" TotalStatements="1" CoveragePercent="0" />
        </AutoProperty>
        <AutoProperty Name="Insertable:bool" CoveredStatements="0" TotalStatements="2" CoveragePercent="0">
          <PropertyGetter CoveredStatements="0" TotalStatements="1" CoveragePercent="0" />
          <PropertySetter CoveredStatements="0" TotalStatements="1" CoveragePercent="0" />
        </AutoProperty>
        <AutoProperty Name="IsAutoIncrement:bool" CoveredStatements="0" TotalStatements="2" CoveragePercent="0">
          <PropertyGetter CoveredStatements="0" TotalStatements="1" CoveragePercent="0" />
          <PropertySetter CoveredStatements="0" TotalStatements="1" CoveragePercent="0" />
        </AutoProperty>
        <AutoProperty Name="IsCreatedBy:bool" CoveredStatements="0" TotalStatements="2" CoveragePercent="0">
          <PropertyGetter CoveredStatements="0" TotalStatements="1" CoveragePercent="0" />
          <PropertySetter CoveredStatements="0" TotalStatements="1" CoveragePercent="0" />
        </AutoProperty>
        <AutoProperty Name="IsCreatedOn:bool" CoveredStatements="0" TotalStatements="2" CoveragePercent="0">
          <PropertyGetter CoveredStatements="0" TotalStatements="1" CoveragePercent="0" />
          <PropertySetter CoveredStatements="0" TotalStatements="1" CoveragePercent="0" />
        </AutoProperty>
        <AutoProperty Name="IsIdCandidate:bool" CoveredStatements="0" TotalStatements="2" CoveragePercent="0">
          <PropertyGetter CoveredStatements="0" TotalStatements="1" CoveragePercent="0" />
          <PropertySetter CoveredStatements="0" TotalStatements="1" CoveragePercent="0" />
        </AutoProperty>
        <AutoProperty Name="IsPrimaryKey:bool" CoveredStatements="0" TotalStatements="2" CoveragePercent="0">
          <PropertyGetter CoveredStatements="0" TotalStatements="1" CoveragePercent="0" />
          <PropertySetter CoveredStatements="0" TotalStatements="1" CoveragePercent="0" />
        </AutoProperty>
        <AutoProperty Name="IsUpdatedBy:bool" CoveredStatements="0" TotalStatements="2" CoveragePercent="0">
          <PropertyGetter CoveredStatements="0" TotalStatements="1" CoveragePercent="0" />
          <PropertySetter CoveredStatements="0" TotalStatements="1" CoveragePercent="0" />
        </AutoProperty>
        <AutoProperty Name="IsUpdatedOn:bool" CoveredStatements="0" TotalStatements="2" CoveragePercent="0">
          <PropertyGetter CoveredStatements="0" TotalStatements="1" CoveragePercent="0" />
          <PropertySetter CoveredStatements="0" TotalStatements="1" CoveragePercent="0" />
        </AutoProperty>
        <AutoProperty Name="Name:string" CoveredStatements="0" TotalStatements="2" CoveragePercent="0">
          <PropertyGetter CoveredStatements="0" TotalStatements="1" CoveragePercent="0" />
          <PropertySetter CoveredStatements="0" TotalStatements="1" CoveragePercent="0" />
        </AutoProperty>
        <AutoProperty Name="Ordinal:int" CoveredStatements="0" TotalStatements="2" CoveragePercent="0">
          <PropertyGetter CoveredStatements="0" TotalStatements="1" CoveragePercent="0" />
          <PropertySetter CoveredStatements="0" TotalStatements="1" CoveragePercent="0" />
        </AutoProperty>
        <AutoProperty Name="Precision:Nullable&lt;int&gt;" CoveredStatements="0" TotalStatements="2" CoveragePercent="0">
          <PropertyGetter CoveredStatements="0" TotalStatements="1" CoveragePercent="0" />
          <PropertySetter CoveredStatements="0" TotalStatements="1" CoveragePercent="0" />
        </AutoProperty>
        <AutoProperty Name="PrimaryKeyOrder:Nullable&lt;int&gt;" CoveredStatements="0" TotalStatements="2" CoveragePercent="0">
          <PropertyGetter CoveredStatements="0" TotalStatements="1" CoveragePercent="0" />
          <PropertySetter CoveredStatements="0" TotalStatements="1" CoveragePercent="0" />
        </AutoProperty>
        <AutoProperty Name="Scale:Nullable&lt;int&gt;" CoveredStatements="0" TotalStatements="2" CoveragePercent="0">
          <PropertyGetter CoveredStatements="0" TotalStatements="1" CoveragePercent="0" />
          <PropertySetter CoveredStatements="0" TotalStatements="1" CoveragePercent="0" />
        </AutoProperty>
        <AutoProperty Name="Type:string" CoveredStatements="0" TotalStatements="2" CoveragePercent="0">
          <PropertyGetter CoveredStatements="0" TotalStatements="1" CoveragePercent="0" />
          <PropertySetter CoveredStatements="0" TotalStatements="1" CoveragePercent="0" />
        </AutoProperty>
      </Type>
      <Type Name="InformationSchemaReader" CoveredStatements="0" TotalStatements="112" CoveragePercent="0">
        <Constructor Name="InformationSchemaReader(IDatabaseContext)" CoveredStatements="0" TotalStatements="4" CoveragePercent="0" />
        <Method Name="BuildColumnQueryForFirebird(ISqlContainer):void" CoveredStatements="0" TotalStatements="7" CoveragePercent="0" />
        <Method Name="BuildColumnQueryForMost(ISqlContainer):void" CoveredStatements="0" TotalStatements="11" CoveragePercent="0" />
        <Method Name="BuildColumnQueryForOracle(ISqlContainer):void" CoveredStatements="0" TotalStatements="7" CoveragePercent="0" />
        <Method Name="BuildColumns(Dictionary&lt;string,TableDef&gt;):Task" CoveredStatements="0" TotalStatements="17" CoveragePercent="0">
          <InternalCompiledMethod Name="MoveNext():void" CoveredStatements="0" TotalStatements="17" CoveragePercent="0" />
        </Method>
        <Method Name="BuildColumnsAsync(Dictionary&lt;string,TableDef&gt;,CancellationToken):Task" CoveredStatements="0" TotalStatements="14" CoveragePercent="0">
          <InternalCompiledMethod Name="MoveNext():void" CoveredStatements="0" TotalStatements="14" CoveragePercent="0" />
        </Method>
        <Method Name="BuildTableListAsync(Dictionary&lt;string,TableDef&gt;,CancellationToken):Task" CoveredStatements="0" TotalStatements="26" CoveragePercent="0">
          <InternalCompiledMethod Name="MoveNext():void" CoveredStatements="0" TotalStatements="26" CoveragePercent="0" />
        </Method>
        <Method Name="IsCreatedByColumn(string):bool" CoveredStatements="0" TotalStatements="4" CoveragePercent="0" />
        <Method Name="IsCreatedOnColumn(string):bool" CoveredStatements="0" TotalStatements="4" CoveragePercent="0" />
        <Method Name="IsLikelyIdColumn(string,string):bool" CoveredStatements="0" TotalStatements="4" CoveragePercent="0" />
        <Method Name="IsUpdatedByColumn(string):bool" CoveredStatements="0" TotalStatements="4" CoveragePercent="0" />
        <Method Name="IsUpdatedOnColumn(string):bool" CoveredStatements="0" TotalStatements="4" CoveragePercent="0" />
        <Method Name="ReadSchemaAsync():Task&lt;List&lt;TableDef&gt;&gt;" CoveredStatements="0" TotalStatements="6" CoveragePercent="0">
          <InternalCompiledMethod Name="MoveNext():void" CoveredStatements="0" TotalStatements="6" CoveragePercent="0" />
        </Method>
      </Type>
    </Namespace>
    <Namespace Name="WebApplication1.Generator" CoveredStatements="0" TotalStatements="140" CoveragePercent="0">
      <Type Name="PocoCompilerService" CoveredStatements="0" TotalStatements="133" CoveragePercent="0">
        <Method Name="Compile(string,string):Assembly" CoveredStatements="0" TotalStatements="16" CoveragePercent="0">
          <OwnCoverage CoveredStatements="0" TotalStatements="13" CoveragePercent="0" />
          <AnonymousMethod Name="(Assembly):bool" CoveredStatements="0" TotalStatements="1" CoveragePercent="0" />
          <AnonymousMethod Name="(Assembly):PortableExecutableReference" CoveredStatements="0" TotalStatements="1" CoveragePercent="0" />
          <AnonymousMethod Name="(Diagnostic):bool" CoveredStatements="0" TotalStatements="1" CoveragePercent="0" />
        </Method>
        <Method Name="GenerateCode(List&lt;TableDef&gt;):string" CoveredStatements="0" TotalStatements="29" CoveragePercent="0" />
        <Method Name="GetOrCreateAssembly(List&lt;TableDef&gt;):Assembly" CoveredStatements="0" TotalStatements="10" CoveragePercent="0" />
        <Method Name="GetSchemaHash(List&lt;TableDef&gt;):string" CoveredStatements="0" TotalStatements="10" CoveragePercent="0">
          <OwnCoverage CoveredStatements="0" TotalStatements="6" CoveragePercent="0" />
          <AnonymousMethod Name="(TableDef):string" CoveredStatements="0" TotalStatements="1" CoveragePercent="0" />
          <AnonymousMethod Name="(TableDef):string" CoveredStatements="0" TotalStatements="3" CoveragePercent="0">
            <OwnCoverage CoveredStatements="0" TotalStatements="1" CoveragePercent="0" />
            <AnonymousMethod Name="(ColumnDef):string" CoveredStatements="0" TotalStatements="1" CoveragePercent="0" />
            <AnonymousMethod Name="(ColumnDef):string" CoveredStatements="0" TotalStatements="1" CoveragePercent="0" />
          </AnonymousMethod>
        </Method>
        <Method Name="MapDecimal(Nullable&lt;int&gt;,Nullable&lt;int&gt;):DbType" CoveredStatements="0" TotalStatements="7" CoveragePercent="0" />
        <Method Name="MapFirebird(string,Nullable&lt;int&gt;,Nullable&lt;int&gt;):Nullable&lt;DbType&gt;" CoveredStatements="0" TotalStatements="7" CoveragePercent="0" />
        <Method Name="MapMySql(string,Nullable&lt;int&gt;,Nullable&lt;int&gt;):Nullable&lt;DbType&gt;" CoveredStatements="0" TotalStatements="9" CoveragePercent="0" />
        <Method Name="MapOracle(string,Nullable&lt;int&gt;,Nullable&lt;int&gt;):Nullable&lt;DbType&gt;" CoveredStatements="0" TotalStatements="6" CoveragePercent="0" />
        <Method Name="MapPostgres(string,Nullable&lt;int&gt;,Nullable&lt;int&gt;):Nullable&lt;DbType&gt;" CoveredStatements="0" TotalStatements="9" CoveragePercent="0" />
        <Method Name="MapSqlite(string,Nullable&lt;int&gt;,Nullable&lt;int&gt;):Nullable&lt;DbType&gt;" CoveredStatements="0" TotalStatements="6" CoveragePercent="0" />
        <Method Name="MapSqlServer(string,Nullable&lt;int&gt;,Nullable&lt;int&gt;):Nullable&lt;DbType&gt;" CoveredStatements="0" TotalStatements="11" CoveragePercent="0" />
        <Method Name="MapToDbType(SupportedDatabase,string,Nullable&lt;int&gt;,Nullable&lt;int&gt;):Nullable&lt;DbType&gt;" CoveredStatements="0" TotalStatements="11" CoveragePercent="0" />
        <Method Name="WriteColumnAttributes(StringBuilder,ColumnDef):void" CoveredStatements="0" TotalStatements="2" CoveragePercent="0" />
      </Type>
      <Type Name="TableDef" CoveredStatements="0" TotalStatements="7" CoveragePercent="0">
        <Constructor Name="TableDef()" CoveredStatements="0" TotalStatements="1" CoveragePercent="0" />
        <AutoProperty Name="Columns:List&lt;ColumnDef&gt;" CoveredStatements="0" TotalStatements="2" CoveragePercent="0">
          <PropertyGetter CoveredStatements="0" TotalStatements="1" CoveragePercent="0" />
          <PropertySetter CoveredStatements="0" TotalStatements="1" CoveragePercent="0" />
        </AutoProperty>
        <AutoProperty Name="Name:string" CoveredStatements="0" TotalStatements="2" CoveragePercent="0">
          <PropertyGetter CoveredStatements="0" TotalStatements="1" CoveragePercent="0" />
          <PropertySetter CoveredStatements="0" TotalStatements="1" CoveragePercent="0" />
        </AutoProperty>
        <AutoProperty Name="Schema:string" CoveredStatements="0" TotalStatements="2" CoveragePercent="0">
          <PropertyGetter CoveredStatements="0" TotalStatements="1" CoveragePercent="0" />
          <PropertySetter CoveredStatements="0" TotalStatements="1" CoveragePercent="0" />
        </AutoProperty>
      </Type>
    </Namespace>
  </Project>
  <Project Name="pengdows.crud.fakeDb" CoveredStatements="128" TotalStatements="358" CoveragePercent="36">
    <Namespace Name="pengdows.crud.FakeDb" CoveredStatements="128" TotalStatements="358" CoveragePercent="36">
      <Namespace Name="pengdows.crud.enums" CoveredStatements="0" TotalStatements="17" CoveragePercent="0">
        <Type Name="FakeDbRegistrar" CoveredStatements="0" TotalStatements="17" CoveragePercent="0">
          <Constructor Name="FakeDbRegistrar(DbProviderFactory)" CoveredStatements="0" TotalStatements="4" CoveragePercent="0" />
          <Method Name="Register(string,DbProviderFactory):void" CoveredStatements="0" TotalStatements="4" CoveragePercent="0" />
          <Method Name="RegisterAll(Dictionary&lt;string,string&gt;):void" CoveredStatements="0" TotalStatements="9" CoveragePercent="0" />
        </Type>
      </Namespace>
      <Type Name="FakeDbCommand" CoveredStatements="15" TotalStatements="55" CoveragePercent="27">
        <Constructor Name="FakeDbCommand(DbConnection)" CoveredStatements="4" TotalStatements="4" CoveragePercent="100" />
        <Constructor Name="FakeDbCommand()" CoveredStatements="0" TotalStatements="3" CoveragePercent="0" />
        <AutoProperty Name="CommandText:string" CoveredStatements="1" TotalStatements="2" CoveragePercent="50">
          <PropertyGetter CoveredStatements="0" TotalStatements="1" CoveragePercent="0" />
          <PropertySetter CoveredStatements="1" TotalStatements="1" CoveragePercent="100" />
        </AutoProperty>
        <AutoProperty Name="CommandTimeout:int" CoveredStatements="0" TotalStatements="2" CoveragePercent="0">
          <PropertyGetter CoveredStatements="0" TotalStatements="1" CoveragePercent="0" />
          <PropertySetter CoveredStatements="0" TotalStatements="1" CoveragePercent="0" />
        </AutoProperty>
        <AutoProperty Name="CommandType:CommandType" CoveredStatements="0" TotalStatements="2" CoveragePercent="0">
          <PropertyGetter CoveredStatements="0" TotalStatements="1" CoveragePercent="0" />
          <PropertySetter CoveredStatements="0" TotalStatements="1" CoveragePercent="0" />
        </AutoProperty>
        <AutoProperty Name="Connection:DbConnection" CoveredStatements="1" TotalStatements="2" CoveragePercent="50">
          <PropertyGetter CoveredStatements="0" TotalStatements="1" CoveragePercent="0" />
          <PropertySetter CoveredStatements="1" TotalStatements="1" CoveragePercent="100" />
        </AutoProperty>
        <AutoProperty Name="DbConnection:DbConnection" CoveredStatements="0" TotalStatements="2" CoveragePercent="0">
          <PropertyGetter CoveredStatements="0" TotalStatements="1" CoveragePercent="0" />
          <PropertySetter CoveredStatements="0" TotalStatements="1" CoveragePercent="0" />
        </AutoProperty>
        <Property Name="DbParameterCollection:DbParameterCollection" CoveredStatements="0" TotalStatements="1" CoveragePercent="0">
          <PropertyGetter CoveredStatements="0" TotalStatements="1" CoveragePercent="0" />
        </Property>
        <AutoProperty Name="DbTransaction:DbTransaction" CoveredStatements="0" TotalStatements="2" CoveragePercent="0">
          <PropertyGetter CoveredStatements="0" TotalStatements="1" CoveragePercent="0" />
          <PropertySetter CoveredStatements="0" TotalStatements="1" CoveragePercent="0" />
        </AutoProperty>
        <AutoProperty Name="DesignTimeVisible:bool" CoveredStatements="0" TotalStatements="2" CoveragePercent="0">
          <PropertyGetter CoveredStatements="0" TotalStatements="1" CoveragePercent="0" />
          <PropertySetter CoveredStatements="0" TotalStatements="1" CoveragePercent="0" />
        </AutoProperty>
        <AutoProperty Name="Transaction:DbTransaction" CoveredStatements="0" TotalStatements="2" CoveragePercent="0">
          <PropertyGetter CoveredStatements="0" TotalStatements="1" CoveragePercent="0" />
          <PropertySetter CoveredStatements="0" TotalStatements="1" CoveragePercent="0" />
        </AutoProperty>
        <AutoProperty Name="UpdatedRowSource:UpdateRowSource" CoveredStatements="0" TotalStatements="2" CoveragePercent="0">
          <PropertyGetter CoveredStatements="0" TotalStatements="1" CoveragePercent="0" />
          <PropertySetter CoveredStatements="0" TotalStatements="1" CoveragePercent="0" />
        </AutoProperty>
        <Method Name="Cancel():void" CoveredStatements="0" TotalStatements="2" CoveragePercent="0" />
        <Method Name="CreateDbParameter():DbParameter" CoveredStatements="0" TotalStatements="3" CoveragePercent="0" />
        <Method Name="ExecuteDbDataReader(CommandBehavior):DbDataReader" CoveredStatements="3" TotalStatements="3" CoveragePercent="100" />
        <Method Name="ExecuteDbDataReaderAsync(CommandBehavior,CancellationToken):Task&lt;DbDataReader&gt;" CoveredStatements="3" TotalStatements="3" CoveragePercent="100" />
        <Method Name="ExecuteNonQuery():int" CoveredStatements="3" TotalStatements="3" CoveragePercent="100" />
        <Method Name="ExecuteNonQueryAsync(CancellationToken):Task&lt;int&gt;" CoveredStatements="0" TotalStatements="3" CoveragePercent="0" />
        <Method Name="ExecuteScalar():object" CoveredStatements="0" TotalStatements="3" CoveragePercent="0" />
        <Method Name="ExecuteScalarAsync(CancellationToken):Task&lt;object&gt;" CoveredStatements="0" TotalStatements="3" CoveragePercent="0" />
        <Method Name="Prepare():void" CoveredStatements="0" TotalStatements="2" CoveragePercent="0" />
        <Method Name="PrepareAsync(CancellationToken):Task" CoveredStatements="0" TotalStatements="4" CoveragePercent="0" />
      </Type>
      <Type Name="FakeDbConnection" CoveredStatements="52" TotalStatements="75" CoveragePercent="69">
        <Constructor Name="FakeDbConnection()" CoveredStatements="2" TotalStatements="2" CoveragePercent="100" />
        <Property Name="ConnectionString:string" CoveredStatements="2" TotalStatements="2" CoveragePercent="100">
          <PropertyGetter CoveredStatements="1" TotalStatements="1" CoveragePercent="100" />
          <PropertySetter CoveredStatements="1" TotalStatements="1" CoveragePercent="100" />
        </Property>
        <AutoProperty Name="ConnectionTimeout:int" CoveredStatements="0" TotalStatements="1" CoveragePercent="0">
          <PropertyGetter CoveredStatements="0" TotalStatements="1" CoveragePercent="0" />
        </AutoProperty>
        <Property Name="Database:string" CoveredStatements="0" TotalStatements="1" CoveragePercent="0">
          <PropertyGetter CoveredStatements="0" TotalStatements="1" CoveragePercent="0" />
        </Property>
        <Property Name="DataSource:string" CoveredStatements="0" TotalStatements="1" CoveragePercent="0">
          <PropertyGetter CoveredStatements="0" TotalStatements="1" CoveragePercent="0" />
        </Property>
        <Property Name="EmulatedProduct:SupportedDatabase" CoveredStatements="10" TotalStatements="10" CoveragePercent="100">
          <PropertyGetter CoveredStatements="4" TotalStatements="4" CoveragePercent="100" />
          <PropertySetter CoveredStatements="6" TotalStatements="6" CoveragePercent="100" />
        </Property>
        <Property Name="ServerVersion:string" CoveredStatements="0" TotalStatements="1" CoveragePercent="0">
          <PropertyGetter CoveredStatements="0" TotalStatements="1" CoveragePercent="0" />
        </Property>
        <Property Name="State:ConnectionState" CoveredStatements="1" TotalStatements="1" CoveragePercent="100">
          <PropertyGetter CoveredStatements="1" TotalStatements="1" CoveragePercent="100" />
        </Property>
        <Method Name="BeginDbTransaction(IsolationLevel):DbTransaction" CoveredStatements="3" TotalStatements="3" CoveragePercent="100" />
        <Method Name="ChangeDatabase(string):void" CoveredStatements="0" TotalStatements="2" CoveragePercent="0" />
        <Method Name="Close():void" CoveredStatements="3" TotalStatements="3" CoveragePercent="100" />
        <Method Name="CreateDbCommand():DbCommand" CoveredStatements="3" TotalStatements="3" CoveragePercent="100" />
        <Method Name="GetSchema():DataTable" CoveredStatements="10" TotalStatements="14" CoveragePercent="71" />
        <Method Name="GetSchema(string):DataTable" CoveredStatements="10" TotalStatements="13" CoveragePercent="77" />
        <Method Name="Open():void" CoveredStatements="4" TotalStatements="4" CoveragePercent="100" />
        <Method Name="ParseEmulatedProduct(string):SupportedDatabase" CoveredStatements="4" TotalStatements="14" CoveragePercent="29" />
      </Type>
      <Type Name="FakeDbDataReader" CoveredStatements="30" TotalStatements="92" CoveragePercent="33">
        <Constructor Name="FakeDbDataReader(IEnumerable&lt;Dictionary&lt;string,object&gt;&gt;)" CoveredStatements="5" TotalStatements="5" CoveragePercent="100" />
        <Constructor Name="FakeDbDataReader()" CoveredStatements="3" TotalStatements="3" CoveragePercent="100" />
        <Property Name="Depth:int" CoveredStatements="0" TotalStatements="1" CoveragePercent="0">
          <PropertyGetter CoveredStatements="0" TotalStatements="1" CoveragePercent="0" />
        </Property>
        <Property Name="FieldCount:int" CoveredStatements="1" TotalStatements="1" CoveragePercent="100">
          <PropertyGetter CoveredStatements="1" TotalStatements="1" CoveragePercent="100" />
        </Property>
        <Property Name="HasRows:bool" CoveredStatements="0" TotalStatements="1" CoveragePercent="0">
          <PropertyGetter CoveredStatements="0" TotalStatements="1" CoveragePercent="0" />
        </Property>
        <Property Name="IsClosed:bool" CoveredStatements="0" TotalStatements="1" CoveragePercent="0">
          <PropertyGetter CoveredStatements="0" TotalStatements="1" CoveragePercent="0" />
        </Property>
        <Property Name="RecordsAffected:int" CoveredStatements="0" TotalStatements="1" CoveragePercent="0">
          <PropertyGetter CoveredStatements="0" TotalStatements="1" CoveragePercent="0" />
        </Property>
        <Indexer Name="[int]:object" CoveredStatements="0" TotalStatements="1" CoveragePercent="0">
          <PropertyGetter CoveredStatements="0" TotalStatements="1" CoveragePercent="0" />
        </Indexer>
        <Indexer Name="[string]:object" CoveredStatements="0" TotalStatements="1" CoveragePercent="0">
          <PropertyGetter CoveredStatements="0" TotalStatements="1" CoveragePercent="0" />
        </Indexer>
        <Method Name="Close():void" CoveredStatements="2" TotalStatements="2" CoveragePercent="100" />
        <Method Name="GetBoolean(int):bool" CoveredStatements="0" TotalStatements="3" CoveragePercent="0" />
        <Method Name="GetByte(int):byte" CoveredStatements="0" TotalStatements="3" CoveragePercent="0" />
        <Method Name="GetBytes(int,long,byte[],int,int):long" CoveredStatements="0" TotalStatements="2" CoveragePercent="0" />
        <Method Name="GetChar(int):char" CoveredStatements="0" TotalStatements="3" CoveragePercent="0" />
        <Method Name="GetChars(int,long,char[],int,int):long" CoveredStatements="0" TotalStatements="2" CoveragePercent="0" />
        <Method Name="GetDataTypeName(int):string" CoveredStatements="0" TotalStatements="3" CoveragePercent="0" />
        <Method Name="GetDateTime(int):DateTime" CoveredStatements="0" TotalStatements="3" CoveragePercent="0" />
        <Method Name="GetDecimal(int):Decimal" CoveredStatements="0" TotalStatements="3" CoveragePercent="0" />
        <Method Name="GetDouble(int):double" CoveredStatements="0" TotalStatements="3" CoveragePercent="0" />
        <Method Name="GetEnumerator():IEnumerator" CoveredStatements="0" TotalStatements="3" CoveragePercent="0" />
        <Method Name="GetFieldType(int):Type" CoveredStatements="0" TotalStatements="2" CoveragePercent="0" />
        <Method Name="GetFieldValueAsync&lt;T&gt;(int,CancellationToken):Task&lt;T&gt;" CoveredStatements="4" TotalStatements="4" CoveragePercent="100" />
        <Method Name="GetFloat(int):float" CoveredStatements="0" TotalStatements="3" CoveragePercent="0" />
        <Method Name="GetGuid(int):Guid" CoveredStatements="0" TotalStatements="3" CoveragePercent="0" />
        <Method Name="GetInt16(int):short" CoveredStatements="0" TotalStatements="3" CoveragePercent="0" />
        <Method Name="GetInt32(int):int" CoveredStatements="0" TotalStatements="3" CoveragePercent="0" />
        <Method Name="GetInt64(int):long" CoveredStatements="0" TotalStatements="3" CoveragePercent="0" />
        <Method Name="GetName(int):string" CoveredStatements="3" TotalStatements="3" CoveragePercent="100" />
        <Method Name="GetOrdinal(string):int" CoveredStatements="0" TotalStatements="3" CoveragePercent="0" />
        <Method Name="GetString(int):string" CoveredStatements="0" TotalStatements="3" CoveragePercent="0" />
        <Method Name="GetValue(int):object" CoveredStatements="3" TotalStatements="3" CoveragePercent="100" />
        <Method Name="GetValues(object[]):int" CoveredStatements="0" TotalStatements="2" CoveragePercent="0" />
        <Method Name="IsDBNull(int):bool" CoveredStatements="3" TotalStatements="3" CoveragePercent="100" />
        <Method Name="NextResult():bool" CoveredStatements="0" TotalStatements="3" CoveragePercent="0" />
        <Method Name="Read():bool" CoveredStatements="3" TotalStatements="3" CoveragePercent="100" />
        <Method Name="ReadAsync(CancellationToken):Task&lt;bool&gt;" CoveredStatements="3" TotalStatements="3" CoveragePercent="100" />
      </Type>
      <Type Name="FakeDbFactory" CoveredStatements="16" TotalStatements="24" CoveragePercent="67">
        <Constructor Name="FakeDbFactory()" CoveredStatements="0" TotalStatements="4" CoveragePercent="0" />
        <Constructor Name="FakeDbFactory(string)" CoveredStatements="4" TotalStatements="4" CoveragePercent="100" />
        <Constructor Name="FakeDbFactory(SupportedDatabase)" CoveredStatements="4" TotalStatements="4" CoveragePercent="100" />
        <Constructor Name="FakeDbFactory()" CoveredStatements="0" TotalStatements="1" CoveragePercent="0" />
        <Method Name="CreateCommand():DbCommand" CoveredStatements="0" TotalStatements="3" CoveragePercent="0" />
        <Method Name="CreateConnection():DbConnection" CoveredStatements="5" TotalStatements="5" CoveragePercent="100" />
        <Method Name="CreateParameter():DbParameter" CoveredStatements="3" TotalStatements="3" CoveragePercent="100" />
      </Type>
      <Type Name="FakeDbParameter" CoveredStatements="6" TotalStatements="19" CoveragePercent="32">
        <AutoProperty Name="DbType:DbType" CoveredStatements="2" TotalStatements="2" CoveragePercent="100">
          <PropertyGetter CoveredStatements="1" TotalStatements="1" CoveragePercent="100" />
          <PropertySetter CoveredStatements="1" TotalStatements="1" CoveragePercent="100" />
        </AutoProperty>
        <AutoProperty Name="Direction:ParameterDirection" CoveredStatements="0" TotalStatements="2" CoveragePercent="0">
          <PropertyGetter CoveredStatements="0" TotalStatements="1" CoveragePercent="0" />
          <PropertySetter CoveredStatements="0" TotalStatements="1" CoveragePercent="0" />
        </AutoProperty>
        <AutoProperty Name="IsNullable:bool" CoveredStatements="0" TotalStatements="2" CoveragePercent="0">
          <PropertyGetter CoveredStatements="0" TotalStatements="1" CoveragePercent="0" />
          <PropertySetter CoveredStatements="0" TotalStatements="1" CoveragePercent="0" />
        </AutoProperty>
        <AutoProperty Name="ParameterName:string" CoveredStatements="2" TotalStatements="2" CoveragePercent="100">
          <PropertyGetter CoveredStatements="1" TotalStatements="1" CoveragePercent="100" />
          <PropertySetter CoveredStatements="1" TotalStatements="1" CoveragePercent="100" />
        </AutoProperty>
        <AutoProperty Name="Size:int" CoveredStatements="0" TotalStatements="2" CoveragePercent="0">
          <PropertyGetter CoveredStatements="0" TotalStatements="1" CoveragePercent="0" />
          <PropertySetter CoveredStatements="0" TotalStatements="1" CoveragePercent="0" />
        </AutoProperty>
        <AutoProperty Name="SourceColumn:string" CoveredStatements="0" TotalStatements="2" CoveragePercent="0">
          <PropertyGetter CoveredStatements="0" TotalStatements="1" CoveragePercent="0" />
          <PropertySetter CoveredStatements="0" TotalStatements="1" CoveragePercent="0" />
        </AutoProperty>
        <AutoProperty Name="SourceColumnNullMapping:bool" CoveredStatements="0" TotalStatements="2" CoveragePercent="0">
          <PropertyGetter CoveredStatements="0" TotalStatements="1" CoveragePercent="0" />
          <PropertySetter CoveredStatements="0" TotalStatements="1" CoveragePercent="0" />
        </AutoProperty>
        <AutoProperty Name="Value:object" CoveredStatements="2" TotalStatements="2" CoveragePercent="100">
          <PropertyGetter CoveredStatements="1" TotalStatements="1" CoveragePercent="100" />
          <PropertySetter CoveredStatements="1" TotalStatements="1" CoveragePercent="100" />
        </AutoProperty>
        <Method Name="ResetDbType():void" CoveredStatements="0" TotalStatements="3" CoveragePercent="0" />
      </Type>
      <Type Name="FakeDbTransaction" CoveredStatements="9" TotalStatements="11" CoveragePercent="82">
        <Constructor Name="FakeDbTransaction(FakeDbConnection,IsolationLevel)" CoveredStatements="5" TotalStatements="5" CoveragePercent="100" />
        <AutoProperty Name="DbConnection:DbConnection" CoveredStatements="0" TotalStatements="1" CoveragePercent="0">
          <PropertyGetter CoveredStatements="0" TotalStatements="1" CoveragePercent="0" />
        </AutoProperty>
        <AutoProperty Name="IsolationLevel:IsolationLevel" CoveredStatements="0" TotalStatements="1" CoveragePercent="0">
          <PropertyGetter CoveredStatements="0" TotalStatements="1" CoveragePercent="0" />
        </AutoProperty>
        <Method Name="Commit():void" CoveredStatements="2" TotalStatements="2" CoveragePercent="100" />
        <Method Name="Rollback():void" CoveredStatements="2" TotalStatements="2" CoveragePercent="100" />
      </Type>
      <Type Name="FakeParameterCollection" CoveredStatements="0" TotalStatements="65" CoveragePercent="0">
        <Constructor Name="FakeParameterCollection()" CoveredStatements="0" TotalStatements="1" CoveragePercent="0" />
        <Property Name="Count:int" CoveredStatements="0" TotalStatements="1" CoveragePercent="0">
          <PropertyGetter CoveredStatements="0" TotalStatements="1" CoveragePercent="0" />
        </Property>
        <Property Name="SyncRoot:object" CoveredStatements="0" TotalStatements="1" CoveragePercent="0">
          <PropertyGetter CoveredStatements="0" TotalStatements="1" CoveragePercent="0" />
        </Property>
        <Indexer Name="[int]:DbParameter" CoveredStatements="0" TotalStatements="2" CoveragePercent="0">
          <PropertyGetter CoveredStatements="0" TotalStatements="1" CoveragePercent="0" />
          <PropertySetter CoveredStatements="0" TotalStatements="1" CoveragePercent="0" />
        </Indexer>
        <Indexer Name="[string]:DbParameter" CoveredStatements="0" TotalStatements="2" CoveragePercent="0">
          <PropertyGetter CoveredStatements="0" TotalStatements="2" CoveragePercent="0">
            <OwnCoverage CoveredStatements="0" TotalStatements="1" CoveragePercent="0" />
            <AnonymousMethod Name="(DbParameter):bool" CoveredStatements="0" TotalStatements="1" CoveragePercent="0" />
          </PropertyGetter>
        </Indexer>
        <Method Name="Add(object):int" CoveredStatements="0" TotalStatements="4" CoveragePercent="0" />
        <Method Name="AddRange(Array):void" CoveredStatements="0" TotalStatements="3" CoveragePercent="0" />
        <Method Name="Clear():void" CoveredStatements="0" TotalStatements="3" CoveragePercent="0" />
        <Method Name="Contains(string):bool" CoveredStatements="0" TotalStatements="4" CoveragePercent="0">
          <OwnCoverage CoveredStatements="0" TotalStatements="3" CoveragePercent="0" />
          <AnonymousMethod Name="(DbParameter):bool" CoveredStatements="0" TotalStatements="1" CoveragePercent="0" />
        </Method>
        <Method Name="Contains(object):bool" CoveredStatements="0" TotalStatements="3" CoveragePercent="0" />
        <Method Name="CopyTo(Array,int):void" CoveredStatements="0" TotalStatements="3" CoveragePercent="0" />
        <Method Name="GetEnumerator():IEnumerator" CoveredStatements="0" TotalStatements="3" CoveragePercent="0" />
        <Method Name="GetParameter(int):DbParameter" CoveredStatements="0" TotalStatements="3" CoveragePercent="0" />
        <Method Name="GetParameter(string):DbParameter" CoveredStatements="0" TotalStatements="7" CoveragePercent="0">
          <OwnCoverage CoveredStatements="0" TotalStatements="6" CoveragePercent="0" />
          <AnonymousMethod Name="(DbParameter):bool" CoveredStatements="0" TotalStatements="1" CoveragePercent="0" />
        </Method>
        <Method Name="IndexOf(string):int" CoveredStatements="0" TotalStatements="4" CoveragePercent="0">
          <OwnCoverage CoveredStatements="0" TotalStatements="3" CoveragePercent="0" />
          <AnonymousMethod Name="(DbParameter):bool" CoveredStatements="0" TotalStatements="1" CoveragePercent="0" />
        </Method>
        <Method Name="IndexOf(object):int" CoveredStatements="0" TotalStatements="3" CoveragePercent="0" />
        <Method Name="Insert(int,object):void" CoveredStatements="0" TotalStatements="3" CoveragePercent="0" />
        <Method Name="Remove(object):void" CoveredStatements="0" TotalStatements="3" CoveragePercent="0" />
        <Method Name="RemoveAt(int):void" CoveredStatements="0" TotalStatements="3" CoveragePercent="0" />
        <Method Name="RemoveAt(string):void" CoveredStatements="0" TotalStatements="4" CoveragePercent="0">
          <OwnCoverage CoveredStatements="0" TotalStatements="3" CoveragePercent="0" />
          <AnonymousMethod Name="(DbParameter):bool" CoveredStatements="0" TotalStatements="1" CoveragePercent="0" />
        </Method>
        <Method Name="SetParameter(string,DbParameter):void" CoveredStatements="0" TotalStatements="2" CoveragePercent="0" />
        <Method Name="SetParameter(int,DbParameter):void" CoveredStatements="0" TotalStatements="3" CoveragePercent="0" />
      </Type>
    </Namespace>
  </Project>
  <Project Name="pengdows.crud.pocobuilder" CoveredStatements="0" TotalStatements="1" CoveragePercent="0">
    <Type Name="Program" CoveredStatements="0" TotalStatements="1" CoveragePercent="0">
      <Method Name="&lt;Main&gt;$(string[]):void" CoveredStatements="0" TotalStatements="1" CoveragePercent="0" />
    </Type>
  </Project>
  <Project Name="pengdows.crud.Tests" CoveredStatements="1162" TotalStatements="1382" CoveragePercent="84">
    <Namespace Name="pengdows.crud" CoveredStatements="1162" TotalStatements="1327" CoveragePercent="88">
      <Namespace Name="tests" CoveredStatements="151" TotalStatements="151" CoveragePercent="100">
        <Type Name="DatabaseContextTests" CoveredStatements="54" TotalStatements="54" CoveragePercent="100">
          <Method Name="AllSupportedProviders():IEnumerable&lt;object[]&gt;" CoveredStatements="3" TotalStatements="3" CoveragePercent="100">
            <OwnCoverage CoveredStatements="1" TotalStatements="1" CoveragePercent="100" />
            <AnonymousMethod Name="(SupportedDatabase):bool" CoveredStatements="1" TotalStatements="1" CoveragePercent="100" />
            <AnonymousMethod Name="(SupportedDatabase):object[]" CoveredStatements="1" TotalStatements="1" CoveragePercent="100" />
          </Method>
          <Method Name="AssertIsReadConnection_WhenFalse_Throws(SupportedDatabase):void" CoveredStatements="6" TotalStatements="6" CoveragePercent="100">
            <OwnCoverage CoveredStatements="5" TotalStatements="5" CoveragePercent="100" />
            <AnonymousMethod Name="():void" CoveredStatements="1" TotalStatements="1" CoveragePercent="100" />
          </Method>
          <Method Name="AssertIsWriteConnection_WhenFalse_Throws(SupportedDatabase):void" CoveredStatements="6" TotalStatements="6" CoveragePercent="100">
            <OwnCoverage CoveredStatements="5" TotalStatements="5" CoveragePercent="100" />
            <AnonymousMethod Name="():void" CoveredStatements="1" TotalStatements="1" CoveragePercent="100" />
          </Method>
          <Method Name="CanInitializeContext_ForEachSupportedProvider(SupportedDatabase):void" CoveredStatements="11" TotalStatements="11" CoveragePercent="100" />
          <Method Name="CloseAndDisposeConnectionAsync_WithAsyncDisposable_DisposesCorrectly(SupportedDatabase):Task" CoveredStatements="8" TotalStatements="8" CoveragePercent="100">
            <InternalCompiledMethod Name="MoveNext():void" CoveredStatements="8" TotalStatements="8" CoveragePercent="100" />
          </Method>
          <Method Name="CreateDbParameter_SetsPropertiesCorrectly(SupportedDatabase):void" CoveredStatements="8" TotalStatements="8" CoveragePercent="100" />
          <Method Name="GenerateRandomName_ValidatesFirstChar(SupportedDatabase):void" CoveredStatements="6" TotalStatements="6" CoveragePercent="100" />
          <Method Name="WrapObjectName_SplitsAndWrapsCorrectly(SupportedDatabase):void" CoveredStatements="6" TotalStatements="6" CoveragePercent="100" />
        </Type>
        <Type Name="EphemeralSecureStringTests" CoveredStatements="49" TotalStatements="49" CoveragePercent="100">
          <Method Name="Reveal_ShouldClearCache_AfterTimeout():void" CoveredStatements="9" TotalStatements="9" CoveragePercent="100" />
          <Method Name="Reveal_ShouldReturnOriginalString():void" CoveredStatements="7" TotalStatements="7" CoveragePercent="100" />
          <Method Name="Reveal_ShouldReturnSameStringReference_IfCached():void" CoveredStatements="8" TotalStatements="8" CoveragePercent="100" />
          <Method Name="Reveal_ShouldSupportUtf8Characters():void" CoveredStatements="7" TotalStatements="7" CoveragePercent="100" />
          <Method Name="Reveal_ShouldThrow_AfterDisposal():void" CoveredStatements="9" TotalStatements="9" CoveragePercent="100">
            <OwnCoverage CoveredStatements="8" TotalStatements="8" CoveragePercent="100" />
            <AnonymousMethod Name="():object" CoveredStatements="1" TotalStatements="1" CoveragePercent="100" />
          </Method>
          <Method Name="WithRevealed_ShouldInvokeActionWithDecryptedValue():void" CoveredStatements="9" TotalStatements="9" CoveragePercent="100">
            <OwnCoverage CoveredStatements="8" TotalStatements="8" CoveragePercent="100" />
            <AnonymousMethod Name="(string):void" CoveredStatements="1" TotalStatements="1" CoveragePercent="100" />
          </Method>
        </Type>
        <Type Name="TransactionContextTests" CoveredStatements="48" TotalStatements="48" CoveragePercent="100">
          <Method Name="AllSupportedProviders():IEnumerable&lt;object[]&gt;" CoveredStatements="3" TotalStatements="3" CoveragePercent="100">
            <OwnCoverage CoveredStatements="1" TotalStatements="1" CoveragePercent="100" />
            <AnonymousMethod Name="(SupportedDatabase):bool" CoveredStatements="1" TotalStatements="1" CoveragePercent="100" />
            <AnonymousMethod Name="(SupportedDatabase):object[]" CoveredStatements="1" TotalStatements="1" CoveragePercent="100" />
          </Method>
          <Method Name="Commit_MarksAsCommitted(SupportedDatabase):void" CoveredStatements="7" TotalStatements="7" CoveragePercent="100" />
          <Method Name="CreateSqlContainer_AfterCompletion_Throws(SupportedDatabase):void" CoveredStatements="8" TotalStatements="8" CoveragePercent="100">
            <OwnCoverage CoveredStatements="7" TotalStatements="7" CoveragePercent="100" />
            <AnonymousMethod Name="():object" CoveredStatements="1" TotalStatements="1" CoveragePercent="100" />
          </Method>
          <Method Name="DisposeAsync_RollsBackUncommittedTransaction(SupportedDatabase):Task" CoveredStatements="6" TotalStatements="6" CoveragePercent="100">
            <InternalCompiledMethod Name="MoveNext():void" CoveredStatements="6" TotalStatements="6" CoveragePercent="100" />
          </Method>
          <Method Name="GenerateRandomName_StartsWithLetter(SupportedDatabase):void" CoveredStatements="7" TotalStatements="7" CoveragePercent="100" />
          <Method Name="NestedTransactionsFail(SupportedDatabase):void" CoveredStatements="9" TotalStatements="9" CoveragePercent="100">
            <OwnCoverage CoveredStatements="8" TotalStatements="8" CoveragePercent="100" />
            <AnonymousMethod Name="():object" CoveredStatements="1" TotalStatements="1" CoveragePercent="100" />
          </Method>
          <Method Name="Rollback_MarksAsRolledBack(SupportedDatabase):void" CoveredStatements="8" TotalStatements="8" CoveragePercent="100" />
        </Type>
      </Namespace>
      <Namespace Name="Tests" CoveredStatements="1011" TotalStatements="1176" CoveragePercent="86">
        <Namespace Name="isolation" CoveredStatements="32" TotalStatements="32" CoveragePercent="100">
          <Type Name="IsolationResolverTests" CoveredStatements="32" TotalStatements="32" CoveragePercent="100">
            <Method Name="Constructor_UnsupportedDatabase_Throws():void" CoveredStatements="4" TotalStatements="4" CoveragePercent="100">
              <OwnCoverage CoveredStatements="3" TotalStatements="3" CoveragePercent="100" />
              <AnonymousMethod Name="():object" CoveredStatements="1" TotalStatements="1" CoveragePercent="100" />
            </Method>
            <Method Name="GetSupportedLevels_SqlServer_RcsiTrue():void" CoveredStatements="7" TotalStatements="7" CoveragePercent="100">
              <OwnCoverage CoveredStatements="6" TotalStatements="6" CoveragePercent="100" />
              <AnonymousMethod Name="(IsolationLevel):IsolationLevel" CoveredStatements="1" TotalStatements="1" CoveragePercent="100" />
            </Method>
            <Method Name="Resolve_CockroachDb_UnsupportedProfile():void" CoveredStatements="8" TotalStatements="8" CoveragePercent="100">
              <OwnCoverage CoveredStatements="6" TotalStatements="6" CoveragePercent="100" />
              <AnonymousMethod Name="():object" CoveredStatements="1" TotalStatements="1" CoveragePercent="100" />
              <AnonymousMethod Name="():void" CoveredStatements="1" TotalStatements="1" CoveragePercent="100" />
            </Method>
            <Method Name="Resolve_PostgreSql_NoRcsi_ThrowsForSafeNonBlockingReads():void" CoveredStatements="6" TotalStatements="6" CoveragePercent="100">
              <OwnCoverage CoveredStatements="5" TotalStatements="5" CoveragePercent="100" />
              <AnonymousMethod Name="():object" CoveredStatements="1" TotalStatements="1" CoveragePercent="100" />
            </Method>
            <Method Name="Resolve_SqlServer_RcsiFalse():void" CoveredStatements="7" TotalStatements="7" CoveragePercent="100">
              <OwnCoverage CoveredStatements="6" TotalStatements="6" CoveragePercent="100" />
              <AnonymousMethod Name="():void" CoveredStatements="1" TotalStatements="1" CoveragePercent="100" />
            </Method>
          </Type>
        </Namespace>
        <Namespace Name="tenant" CoveredStatements="39" TotalStatements="39" CoveragePercent="100">
          <Type Name="TenantConnectionResolverTests" CoveredStatements="39" TotalStatements="39" CoveragePercent="100">
            <Type Name="TestTenantConnectionResolver" CoveredStatements="3" TotalStatements="3" CoveragePercent="100">
              <Method Name="GetDatabaseContextConfiguration(string):IDatabaseContextConfiguration" CoveredStatements="3" TotalStatements="3" CoveragePercent="100" />
            </Type>
            <Method Name="GetConfiguration_NullTenant_ShouldThrow():void" CoveredStatements="5" TotalStatements="5" CoveragePercent="100">
              <OwnCoverage CoveredStatements="4" TotalStatements="4" CoveragePercent="100" />
              <AnonymousMethod Name="():object" CoveredStatements="1" TotalStatements="1" CoveragePercent="100" />
            </Method>
            <Method Name="GetConfiguration_UnregisteredTenant_ShouldThrow():void" CoveredStatements="6" TotalStatements="6" CoveragePercent="100">
              <OwnCoverage CoveredStatements="5" TotalStatements="5" CoveragePercent="100" />
              <AnonymousMethod Name="():object" CoveredStatements="1" TotalStatements="1" CoveragePercent="100" />
            </Method>
            <Method Name="GetTenantInfo_ReturnsExpectedTenantInformation():void" CoveredStatements="7" TotalStatements="7" CoveragePercent="100" />
            <Method Name="Register_And_GetConfiguration_Should_ReturnSameInstance():void" CoveredStatements="7" TotalStatements="7" CoveragePercent="100" />
            <Method Name="Register_InvalidTenant_ShouldThrow(string):void" CoveredStatements="6" TotalStatements="6" CoveragePercent="100">
              <OwnCoverage CoveredStatements="5" TotalStatements="5" CoveragePercent="100" />
              <AnonymousMethod Name="():void" CoveredStatements="1" TotalStatements="1" CoveragePercent="100" />
            </Method>
            <Method Name="Register_NullConfiguration_ShouldThrow():void" CoveredStatements="5" TotalStatements="5" CoveragePercent="100">
              <OwnCoverage CoveredStatements="4" TotalStatements="4" CoveragePercent="100" />
              <AnonymousMethod Name="():void" CoveredStatements="1" TotalStatements="1" CoveragePercent="100" />
            </Method>
          </Type>
        </Namespace>
        <Namespace Name="wrappers" CoveredStatements="58" TotalStatements="58" CoveragePercent="100">
          <Type Name="TrackedReaderTests" CoveredStatements="58" TotalStatements="58" CoveragePercent="100">
            <Method Name="Accessors_ForwardToReader():void" CoveredStatements="10" TotalStatements="10" CoveragePercent="100" />
            <Method Name="Dispose_OnlyOnce():void" CoveredStatements="11" TotalStatements="11" CoveragePercent="100" />
            <Method Name="DisposeAsync_OnlyOnce():Task" CoveredStatements="12" TotalStatements="12" CoveragePercent="100">
              <InternalCompiledMethod Name="MoveNext():void" CoveredStatements="12" TotalStatements="12" CoveragePercent="100" />
            </Method>
            <Method Name="Read_ReturnsFalseAndDisposes_WhenDone():void" CoveredStatements="12" TotalStatements="12" CoveragePercent="100" />
            <Method Name="ReadAsync_ReturnsFalseAndDisposes_WhenDone():Task" CoveredStatements="13" TotalStatements="13" CoveragePercent="100">
              <InternalCompiledMethod Name="MoveNext():void" CoveredStatements="13" TotalStatements="13" CoveragePercent="100" />
            </Method>
          </Type>
        </Namespace>
        <Type Name="Address" CoveredStatements="0" TotalStatements="10" CoveragePercent="0">
          <AutoProperty Name="City:string" CoveredStatements="0" TotalStatements="2" CoveragePercent="0">
            <PropertyGetter CoveredStatements="0" TotalStatements="1" CoveragePercent="0" />
            <PropertySetter CoveredStatements="0" TotalStatements="1" CoveragePercent="0" />
          </AutoProperty>
          <AutoProperty Name="Line1:string" CoveredStatements="0" TotalStatements="2" CoveragePercent="0">
            <PropertyGetter CoveredStatements="0" TotalStatements="1" CoveragePercent="0" />
            <PropertySetter CoveredStatements="0" TotalStatements="1" CoveragePercent="0" />
          </AutoProperty>
          <AutoProperty Name="Line2:string" CoveredStatements="0" TotalStatements="2" CoveragePercent="0">
            <PropertyGetter CoveredStatements="0" TotalStatements="1" CoveragePercent="0" />
            <PropertySetter CoveredStatements="0" TotalStatements="1" CoveragePercent="0" />
          </AutoProperty>
          <AutoProperty Name="PostalCode:string" CoveredStatements="0" TotalStatements="2" CoveragePercent="0">
            <PropertyGetter CoveredStatements="0" TotalStatements="1" CoveragePercent="0" />
            <PropertySetter CoveredStatements="0" TotalStatements="1" CoveragePercent="0" />
          </AutoProperty>
          <AutoProperty Name="State:string" CoveredStatements="0" TotalStatements="2" CoveragePercent="0">
            <PropertyGetter CoveredStatements="0" TotalStatements="1" CoveragePercent="0" />
            <PropertySetter CoveredStatements="0" TotalStatements="1" CoveragePercent="0" />
          </AutoProperty>
        </Type>
        <Type Name="AttributeTests" CoveredStatements="13" TotalStatements="15" CoveragePercent="87">
          <Type Name="Dummy" CoveredStatements="0" TotalStatements="2" CoveragePercent="0">
            <AutoProperty Name="Id:int" CoveredStatements="0" TotalStatements="2" CoveragePercent="0">
              <PropertyGetter CoveredStatements="0" TotalStatements="1" CoveragePercent="0" />
              <PropertySetter CoveredStatements="0" TotalStatements="1" CoveragePercent="0" />
            </AutoProperty>
          </Type>
          <Method Name="ColumnAttribute_SetsName():void" CoveredStatements="4" TotalStatements="4" CoveragePercent="100" />
          <Method Name="IdAttribute_CanBeApplied():void" CoveredStatements="5" TotalStatements="5" CoveragePercent="100" />
          <Method Name="TableAttribute_SetsName():void" CoveredStatements="4" TotalStatements="4" CoveragePercent="100" />
        </Type>
        <Type Name="AuditContextProviderTests" CoveredStatements="22" TotalStatements="22" CoveragePercent="100">
          <Type Name="TestAuditContextProvider" CoveredStatements="3" TotalStatements="3" CoveragePercent="100">
            <Method Name="GetCurrentUserIdentifier():string" CoveredStatements="3" TotalStatements="3" CoveragePercent="100" />
          </Type>
          <Type Name="TestIntAuditContextProvider" CoveredStatements="3" TotalStatements="3" CoveragePercent="100">
            <Method Name="GetCurrentUserIdentifier():int" CoveredStatements="3" TotalStatements="3" CoveragePercent="100" />
          </Type>
          <Method Name="GetCurrentUserIdentifier_ShouldReturnTestValue():void" CoveredStatements="5" TotalStatements="5" CoveragePercent="100" />
          <Method Name="GetCurrentUserIdentifierInt_ShouldReturnTestValue():void" CoveredStatements="5" TotalStatements="5" CoveragePercent="100" />
          <Method Name="GetUtcNow_ShouldReturnUtcTime():void" CoveredStatements="6" TotalStatements="6" CoveragePercent="100" />
        </Type>
        <Type Name="ColumnAttributeTests" CoveredStatements="12" TotalStatements="14" CoveragePercent="86">
          <Type Name="TestClass" CoveredStatements="0" TotalStatements="2" CoveragePercent="0">
            <AutoProperty Name="ColumnName:string" CoveredStatements="0" TotalStatements="2" CoveragePercent="0">
              <PropertyGetter CoveredStatements="0" TotalStatements="1" CoveragePercent="0" />
              <PropertySetter CoveredStatements="0" TotalStatements="1" CoveragePercent="0" />
            </AutoProperty>
          </Type>
          <Method Name="TestAnnotationImplementation():void" CoveredStatements="7" TotalStatements="7" CoveragePercent="100" />
          <Method Name="TestConstructor():void" CoveredStatements="5" TotalStatements="5" CoveragePercent="100" />
        </Type>
        <Type Name="ColumnInfoTests" CoveredStatements="36" TotalStatements="36" CoveragePercent="100">
          <Type Name="Sample" CoveredStatements="6" TotalStatements="6" CoveragePercent="100">
            <AutoProperty Name="EnumValue:TestEnum" CoveredStatements="2" TotalStatements="2" CoveragePercent="100">
              <PropertyGetter CoveredStatements="1" TotalStatements="1" CoveragePercent="100" />
              <PropertySetter CoveredStatements="1" TotalStatements="1" CoveragePercent="100" />
            </AutoProperty>
            <AutoProperty Name="IntValue:int" CoveredStatements="2" TotalStatements="2" CoveragePercent="100">
              <PropertyGetter CoveredStatements="1" TotalStatements="1" CoveragePercent="100" />
              <PropertySetter CoveredStatements="1" TotalStatements="1" CoveragePercent="100" />
            </AutoProperty>
            <AutoProperty Name="StringValue:string" CoveredStatements="2" TotalStatements="2" CoveragePercent="100">
              <PropertyGetter CoveredStatements="1" TotalStatements="1" CoveragePercent="100" />
              <PropertySetter CoveredStatements="1" TotalStatements="1" CoveragePercent="100" />
            </AutoProperty>
          </Type>
          <Method Name="MakeParameterValueFromField_EnumToInt():void" CoveredStatements="6" TotalStatements="6" CoveragePercent="100" />
          <Method Name="MakeParameterValueFromField_EnumToString():void" CoveredStatements="6" TotalStatements="6" CoveragePercent="100" />
          <Method Name="MakeParameterValueFromField_NullValue_ReturnsNull():void" CoveredStatements="6" TotalStatements="6" CoveragePercent="100" />
          <Method Name="MakeParameterValueFromField_ReturnsInt():void" CoveredStatements="6" TotalStatements="6" CoveragePercent="100" />
          <Method Name="MakeParameterValueFromField_ReturnsString():void" CoveredStatements="6" TotalStatements="6" CoveragePercent="100" />
        </Type>
        <Type Name="ConnectionFailedExceptionTests" CoveredStatements="13" TotalStatements="13" CoveragePercent="100">
          <Method Name="CanBeThrownAndCaught():void" CoveredStatements="8" TotalStatements="8" CoveragePercent="100">
            <InternalCompiledMethod Name="MoveNext():void" CoveredStatements="8" TotalStatements="8" CoveragePercent="100">
              <OwnCoverage CoveredStatements="7" TotalStatements="7" CoveragePercent="100" />
              <AnonymousMethod Name="():Task" CoveredStatements="1" TotalStatements="1" CoveragePercent="100" />
            </InternalCompiledMethod>
          </Method>
          <Method Name="Constructor_SetsMessageCorrectly():void" CoveredStatements="5" TotalStatements="5" CoveragePercent="100" />
        </Type>
        <Type Name="CreatedByAttributeTests" CoveredStatements="13" TotalStatements="13" CoveragePercent="100">
          <Method Name="CreatedBy_ShouldHave_CreatedByAttribute():void" CoveredStatements="5" TotalStatements="5" CoveragePercent="100" />
          <Method Name="Should_OnlyBeAllowed_OnProperties():void" CoveredStatements="8" TotalStatements="8" CoveragePercent="100" />
        </Type>
        <Type Name="CreatedOnAttributeTests" CoveredStatements="13" TotalStatements="13" CoveragePercent="100">
          <Method Name="CreatedAt_ShouldHave_CreatedOnAttribute():void" CoveredStatements="5" TotalStatements="5" CoveragePercent="100" />
          <Method Name="Should_OnlyBeAllowed_OnProperties():void" CoveredStatements="8" TotalStatements="8" CoveragePercent="100" />
        </Type>
        <Type Name="CustomerInfo" CoveredStatements="0" TotalStatements="8" CoveragePercent="0">
          <AutoProperty Name="DateOfBirth:Nullable&lt;DateTime&gt;" CoveredStatements="0" TotalStatements="2" CoveragePercent="0">
            <PropertyGetter CoveredStatements="0" TotalStatements="1" CoveragePercent="0" />
            <PropertySetter CoveredStatements="0" TotalStatements="1" CoveragePercent="0" />
          </AutoProperty>
          <AutoProperty Name="Email:string" CoveredStatements="0" TotalStatements="2" CoveragePercent="0">
            <PropertyGetter CoveredStatements="0" TotalStatements="1" CoveragePercent="0" />
            <PropertySetter CoveredStatements="0" TotalStatements="1" CoveragePercent="0" />
          </AutoProperty>
          <AutoProperty Name="FirstName:string" CoveredStatements="0" TotalStatements="2" CoveragePercent="0">
            <PropertyGetter CoveredStatements="0" TotalStatements="1" CoveragePercent="0" />
            <PropertySetter CoveredStatements="0" TotalStatements="1" CoveragePercent="0" />
          </AutoProperty>
          <AutoProperty Name="LastName:string" CoveredStatements="0" TotalStatements="2" CoveragePercent="0">
            <PropertyGetter CoveredStatements="0" TotalStatements="1" CoveragePercent="0" />
            <PropertySetter CoveredStatements="0" TotalStatements="1" CoveragePercent="0" />
          </AutoProperty>
        </Type>
        <Type Name="DataReaderMapperTests" CoveredStatements="28" TotalStatements="28" CoveragePercent="100">
          <Type Name="SampleEntity" CoveredStatements="6" TotalStatements="6" CoveragePercent="100">
            <AutoProperty Name="Age:int" CoveredStatements="2" TotalStatements="2" CoveragePercent="100">
              <PropertyGetter CoveredStatements="1" TotalStatements="1" CoveragePercent="100" />
              <PropertySetter CoveredStatements="1" TotalStatements="1" CoveragePercent="100" />
            </AutoProperty>
            <AutoProperty Name="IsActive:bool" CoveredStatements="2" TotalStatements="2" CoveragePercent="100">
              <PropertyGetter CoveredStatements="1" TotalStatements="1" CoveragePercent="100" />
              <PropertySetter CoveredStatements="1" TotalStatements="1" CoveragePercent="100" />
            </AutoProperty>
            <AutoProperty Name="Name:string" CoveredStatements="2" TotalStatements="2" CoveragePercent="100">
              <PropertyGetter CoveredStatements="1" TotalStatements="1" CoveragePercent="100" />
              <PropertySetter CoveredStatements="1" TotalStatements="1" CoveragePercent="100" />
            </AutoProperty>
          </Type>
          <Method Name="LoadObjectsFromDataReaderAsync_HandlesDbNullsGracefully():Task" CoveredStatements="8" TotalStatements="8" CoveragePercent="100">
            <InternalCompiledMethod Name="MoveNext():void" CoveredStatements="8" TotalStatements="8" CoveragePercent="100" />
          </Method>
          <Method Name="LoadObjectsFromDataReaderAsync_IgnoresUnmappedFields():Task" CoveredStatements="6" TotalStatements="6" CoveragePercent="100">
            <InternalCompiledMethod Name="MoveNext():void" CoveredStatements="6" TotalStatements="6" CoveragePercent="100" />
          </Method>
          <Method Name="LoadObjectsFromDataReaderAsync_MapsMatchingFields():Task" CoveredStatements="8" TotalStatements="8" CoveragePercent="100">
            <InternalCompiledMethod Name="MoveNext():void" CoveredStatements="8" TotalStatements="8" CoveragePercent="100" />
          </Method>
        </Type>
        <Type Name="DataSourceInformationTests" CoveredStatements="28" TotalStatements="29" CoveragePercent="97">
          <Method Name="DataSourceInformation_Should_Configure_Each_Database(SupportedDatabase,DataTable,Dictionary&lt;string,object&gt;):void" CoveredStatements="28" TotalStatements="29" CoveragePercent="97" />
        </Type>
        <Type Name="DataSourceTestData" CoveredStatements="22" TotalStatements="23" CoveragePercent="96">
          <Method Name="AllDatabases():IEnumerable&lt;object[]&gt;" CoveredStatements="22" TotalStatements="23" CoveragePercent="96">
            <InternalCompiledMethod Name="MoveNext():bool" CoveredStatements="22" TotalStatements="23" CoveragePercent="96" />
          </Method>
        </Type>
        <Type Name="DbModeTests" CoveredStatements="12" TotalStatements="12" CoveragePercent="100">
          <Method Name="DbMode_ShouldContainExpectedValues():void" CoveredStatements="4" TotalStatements="4" CoveragePercent="100" />
          <Method Name="DbModeEnumParse_InvalidValue_ShouldThrow():void" CoveredStatements="4" TotalStatements="4" CoveragePercent="100">
            <OwnCoverage CoveredStatements="3" TotalStatements="3" CoveragePercent="100" />
            <AnonymousMethod Name="():object" CoveredStatements="1" TotalStatements="1" CoveragePercent="100" />
          </Method>
          <Method Name="EnumParse_ShouldReturnCorrectValue(string,DbMode):void" CoveredStatements="4" TotalStatements="4" CoveragePercent="100" />
        </Type>
        <Type Name="DbProviderLoaderTests" CoveredStatements="0" TotalStatements="41" CoveragePercent="0">
          <Type Name="PropertyFactory" CoveredStatements="0" TotalStatements="5" CoveragePercent="0">
            <Constructor Name="PropertyFactory()" CoveredStatements="0" TotalStatements="3" CoveragePercent="0" />
            <Constructor Name="PropertyFactory()" CoveredStatements="0" TotalStatements="1" CoveragePercent="0" />
            <AutoProperty Name="Instance:PropertyFactory" CoveredStatements="0" TotalStatements="1" CoveragePercent="0">
              <PropertyGetter CoveredStatements="0" TotalStatements="1" CoveragePercent="0" />
            </AutoProperty>
          </Type>
          <Method Name="Constructor_NullConfiguration_Throws():void" CoveredStatements="0" TotalStatements="5" CoveragePercent="0">
            <OwnCoverage CoveredStatements="0" TotalStatements="4" CoveragePercent="0" />
            <AnonymousMethod Name="():object" CoveredStatements="0" TotalStatements="1" CoveragePercent="0" />
          </Method>
          <Method Name="Constructor_NullLogger_Throws():void" CoveredStatements="0" TotalStatements="5" CoveragePercent="0">
            <OwnCoverage CoveredStatements="0" TotalStatements="4" CoveragePercent="0" />
            <AnonymousMethod Name="():object" CoveredStatements="0" TotalStatements="1" CoveragePercent="0" />
          </Method>
          <Method Name="LoadAndRegisterProviders_InvalidAssemblyPath_Throws():void" CoveredStatements="0" TotalStatements="7" CoveragePercent="0">
            <OwnCoverage CoveredStatements="0" TotalStatements="6" CoveragePercent="0" />
            <AnonymousMethod Name="():void" CoveredStatements="0" TotalStatements="1" CoveragePercent="0" />
          </Method>
          <Method Name="LoadAndRegisterProviders_InvalidFactoryType_Throws():void" CoveredStatements="0" TotalStatements="7" CoveragePercent="0">
            <OwnCoverage CoveredStatements="0" TotalStatements="6" CoveragePercent="0" />
            <AnonymousMethod Name="():void" CoveredStatements="0" TotalStatements="1" CoveragePercent="0" />
          </Method>
          <Method Name="LoadAndRegisterProviders_RegistersFactoryWithServiceCollection():void" CoveredStatements="0" TotalStatements="12" CoveragePercent="0" />
        </Type>
        <Type Name="EntityHelper_IntegrationTests" CoveredStatements="137" TotalStatements="146" CoveragePercent="94">
          <Constructor Name="EntityHelper_IntegrationTests()" CoveredStatements="7" TotalStatements="7" CoveragePercent="100" />
          <Method Name="AssertProperNumberOfConnectionsForMode():void" CoveredStatements="5" TotalStatements="7" CoveragePercent="71" />
          <Method Name="BuildCreate_SkipsNonWritableId():void" CoveredStatements="13" TotalStatements="13" CoveragePercent="100" />
          <Method Name="BuildDeleteTask():Task" CoveredStatements="15" TotalStatements="15" CoveragePercent="100">
            <InternalCompiledMethod Name="MoveNext():void" CoveredStatements="15" TotalStatements="15" CoveragePercent="100">
              <OwnCoverage CoveredStatements="14" TotalStatements="14" CoveragePercent="100" />
              <AnonymousMethod Name="(TestEntity):bool" CoveredStatements="1" TotalStatements="1" CoveragePercent="100" />
            </InternalCompiledMethod>
          </Method>
          <Method Name="BuildRetrieveListById():Task" CoveredStatements="14" TotalStatements="14" CoveragePercent="100">
            <InternalCompiledMethod Name="MoveNext():void" CoveredStatements="14" TotalStatements="14" CoveragePercent="100">
              <OwnCoverage CoveredStatements="13" TotalStatements="13" CoveragePercent="100" />
              <AnonymousMethod Name="(TestEntity):int" CoveredStatements="1" TotalStatements="1" CoveragePercent="100" />
            </InternalCompiledMethod>
          </Method>
          <Method Name="BuildRetrieveListByObject():Task" CoveredStatements="14" TotalStatements="14" CoveragePercent="100">
            <InternalCompiledMethod Name="MoveNext():void" CoveredStatements="14" TotalStatements="14" CoveragePercent="100" />
          </Method>
          <Method Name="BuildTestTable():Task" CoveredStatements="7" TotalStatements="7" CoveragePercent="100">
            <InternalCompiledMethod Name="MoveNext():void" CoveredStatements="7" TotalStatements="7" CoveragePercent="100" />
          </Method>
          <Method Name="Dispose():void" CoveredStatements="0" TotalStatements="3" CoveragePercent="0" />
          <Method Name="MapReaderToObject_MapsCorrectly():Task" CoveredStatements="12" TotalStatements="12" CoveragePercent="100">
            <InternalCompiledMethod Name="MoveNext():void" CoveredStatements="12" TotalStatements="12" CoveragePercent="100" />
          </Method>
          <Method Name="TransactionEntity():Task" CoveredStatements="22" TotalStatements="26" CoveragePercent="85">
            <InternalCompiledMethod Name="MoveNext():void" CoveredStatements="22" TotalStatements="26" CoveragePercent="85" />
          </Method>
          <Method Name="TryUpdateVersion():Task" CoveredStatements="14" TotalStatements="14" CoveragePercent="100">
            <InternalCompiledMethod Name="MoveNext():void" CoveredStatements="14" TotalStatements="14" CoveragePercent="100" />
          </Method>
          <Method Name="TryUpdateVersionWithLoadOriginal():Task" CoveredStatements="14" TotalStatements="14" CoveragePercent="100">
            <InternalCompiledMethod Name="MoveNext():void" CoveredStatements="14" TotalStatements="14" CoveragePercent="100" />
          </Method>
        </Type>
        <Type Name="EnumColumnAttributeTests" CoveredStatements="13" TotalStatements="13" CoveragePercent="100">
          <Method Name="Should_OnlyBeAllowed_OnProperties():void" CoveredStatements="8" TotalStatements="8" CoveragePercent="100" />
          <Method Name="ShouldHave_EnumColumnAttribute():void" CoveredStatements="5" TotalStatements="5" CoveragePercent="100" />
        </Type>
        <Type Name="EnumParseFailureModeTests" CoveredStatements="13" TotalStatements="13" CoveragePercent="100">
          <Method Name="EnumParseFailureModeEnum_SerializesToString():void" CoveredStatements="5" TotalStatements="5" CoveragePercent="100" />
          <Method Name="ParseEnumValue_Invalid_Throws():void" CoveredStatements="4" TotalStatements="4" CoveragePercent="100">
            <OwnCoverage CoveredStatements="3" TotalStatements="3" CoveragePercent="100" />
            <AnonymousMethod Name="():object" CoveredStatements="1" TotalStatements="1" CoveragePercent="100" />
          </Method>
          <Method Name="ParseEnumValue_Success(string,EnumParseFailureMode):void" CoveredStatements="4" TotalStatements="4" CoveragePercent="100" />
        </Type>
        <Type Name="EnumTests" CoveredStatements="6" TotalStatements="6" CoveragePercent="100">
          <Method Name="EnumParseFailureMode_Default_IsThrow():void" CoveredStatements="3" TotalStatements="3" CoveragePercent="100" />
          <Method Name="SupportedDatabase_ContainsExpectedValues():void" CoveredStatements="3" TotalStatements="3" CoveragePercent="100" />
        </Type>
        <Type Name="ExceptionTests" CoveredStatements="5" TotalStatements="5" CoveragePercent="100">
          <Method Name="TooManyParametersException_CarriesLimit():void" CoveredStatements="5" TotalStatements="5" CoveragePercent="100" />
        </Type>
        <Type Name="ExecutionTypeTests" CoveredStatements="12" TotalStatements="12" CoveragePercent="100">
          <Method Name="EnumParse_ShouldReturnCorrectValue(string,ExecutionType):void" CoveredStatements="4" TotalStatements="4" CoveragePercent="100" />
          <Method Name="ExecutionType_ShouldContainExpectedValues():void" CoveredStatements="4" TotalStatements="4" CoveragePercent="100" />
          <Method Name="ExecutionTypeEnumParse_InvalidValue_ShouldThrow():void" CoveredStatements="4" TotalStatements="4" CoveragePercent="100">
            <OwnCoverage CoveredStatements="3" TotalStatements="3" CoveragePercent="100" />
            <AnonymousMethod Name="():object" CoveredStatements="1" TotalStatements="1" CoveragePercent="100" />
          </Method>
        </Type>
        <Type Name="FakeTrackedConnection" CoveredStatements="3" TotalStatements="3" CoveragePercent="100">
          <Constructor Name="FakeTrackedConnection(DbConnection,DataTable,Dictionary&lt;string,object&gt;)" CoveredStatements="3" TotalStatements="3" CoveragePercent="100" />
        </Type>
        <Type Name="IAuditContextProviderTests" CoveredStatements="16" TotalStatements="16" CoveragePercent="100">
          <Type Name="AuditLogger" CoveredStatements="7" TotalStatements="7" CoveragePercent="100">
            <Constructor Name="AuditLogger(IAuditContextProvider&lt;string&gt;)" CoveredStatements="4" TotalStatements="4" CoveragePercent="100" />
            <Method Name="GetAuditStamp():string" CoveredStatements="3" TotalStatements="3" CoveragePercent="100" />
          </Type>
          <Method Name="GetAuditStamp_ShouldIncludeUserAndTime():void" CoveredStatements="9" TotalStatements="9" CoveragePercent="100" />
        </Type>
        <Type Name="IDataSourceInformationTests" CoveredStatements="7" TotalStatements="7" CoveragePercent="100">
          <Method Name="IDataSourceInformation_ImplementsRequiredProperties():void" CoveredStatements="7" TotalStatements="7" CoveragePercent="100" />
        </Type>
        <Type Name="IdentityTestEntity" CoveredStatements="4" TotalStatements="7" CoveragePercent="57">
          <Constructor Name="IdentityTestEntity()" CoveredStatements="1" TotalStatements="1" CoveragePercent="100" />
          <AutoProperty Name="Id:int" CoveredStatements="1" TotalStatements="2" CoveragePercent="50">
            <PropertyGetter CoveredStatements="0" TotalStatements="1" CoveragePercent="0" />
            <PropertySetter CoveredStatements="1" TotalStatements="1" CoveragePercent="100" />
          </AutoProperty>
          <AutoProperty Name="Name:string" CoveredStatements="2" TotalStatements="2" CoveragePercent="100">
            <PropertyGetter CoveredStatements="1" TotalStatements="1" CoveragePercent="100" />
            <PropertySetter CoveredStatements="1" TotalStatements="1" CoveragePercent="100" />
          </AutoProperty>
          <AutoProperty Name="Version:int" CoveredStatements="0" TotalStatements="2" CoveragePercent="0">
            <PropertyGetter CoveredStatements="0" TotalStatements="1" CoveragePercent="0" />
            <PropertySetter CoveredStatements="0" TotalStatements="1" CoveragePercent="0" />
          </AutoProperty>
        </Type>
        <Type Name="JsonAttributeTests" CoveredStatements="13" TotalStatements="13" CoveragePercent="100">
          <Method Name="Should_OnlyBeAllowed_OnProperties():void" CoveredStatements="8" TotalStatements="8" CoveragePercent="100" />
          <Method Name="ShouldHave_JsonAttribute():void" CoveredStatements="5" TotalStatements="5" CoveragePercent="100" />
        </Type>
        <Type Name="NoColumnsFoundExceptionTests" CoveredStatements="13" TotalStatements="13" CoveragePercent="100">
          <Method Name="CanBeThrownAndCaught():void" CoveredStatements="8" TotalStatements="8" CoveragePercent="100">
            <InternalCompiledMethod Name="MoveNext():void" CoveredStatements="8" TotalStatements="8" CoveragePercent="100">
              <OwnCoverage CoveredStatements="7" TotalStatements="7" CoveragePercent="100" />
              <AnonymousMethod Name="():Task" CoveredStatements="1" TotalStatements="1" CoveragePercent="100" />
            </InternalCompiledMethod>
          </Method>
          <Method Name="Constructor_SetsMessageCorrectly():void" CoveredStatements="5" TotalStatements="5" CoveragePercent="100" />
        </Type>
        <Type Name="NonUpdateableAttributeTests" CoveredStatements="13" TotalStatements="13" CoveragePercent="100">
          <Method Name="Should_OnlyBeAllowed_OnProperties():void" CoveredStatements="8" TotalStatements="8" CoveragePercent="100" />
          <Method Name="ShouldHave_NonUpdateableAttribute():void" CoveredStatements="5" TotalStatements="5" CoveragePercent="100" />
        </Type>
        <Type Name="Order" CoveredStatements="0" TotalStatements="21" CoveragePercent="0">
          <Constructor Name="Order()" CoveredStatements="0" TotalStatements="5" CoveragePercent="0" />
          <AutoProperty Name="Customer:CustomerInfo" CoveredStatements="0" TotalStatements="2" CoveragePercent="0">
            <PropertyGetter CoveredStatements="0" TotalStatements="1" CoveragePercent="0" />
            <PropertySetter CoveredStatements="0" TotalStatements="1" CoveragePercent="0" />
          </AutoProperty>
          <AutoProperty Name="Items:List&lt;ProductItem&gt;" CoveredStatements="0" TotalStatements="2" CoveragePercent="0">
            <PropertyGetter CoveredStatements="0" TotalStatements="1" CoveragePercent="0" />
            <PropertySetter CoveredStatements="0" TotalStatements="1" CoveragePercent="0" />
          </AutoProperty>
          <AutoProperty Name="Metadata:Dictionary&lt;string,string&gt;" CoveredStatements="0" TotalStatements="2" CoveragePercent="0">
            <PropertyGetter CoveredStatements="0" TotalStatements="1" CoveragePercent="0" />
            <PropertySetter CoveredStatements="0" TotalStatements="1" CoveragePercent="0" />
          </AutoProperty>
          <AutoProperty Name="OrderId:Guid" CoveredStatements="0" TotalStatements="2" CoveragePercent="0">
            <PropertyGetter CoveredStatements="0" TotalStatements="1" CoveragePercent="0" />
            <PropertySetter CoveredStatements="0" TotalStatements="1" CoveragePercent="0" />
          </AutoProperty>
          <AutoProperty Name="PlacedAt:DateTime" CoveredStatements="0" TotalStatements="2" CoveragePercent="0">
            <PropertyGetter CoveredStatements="0" TotalStatements="1" CoveragePercent="0" />
            <PropertySetter CoveredStatements="0" TotalStatements="1" CoveragePercent="0" />
          </AutoProperty>
          <AutoProperty Name="ShippingAddress:Address" CoveredStatements="0" TotalStatements="2" CoveragePercent="0">
            <PropertyGetter CoveredStatements="0" TotalStatements="1" CoveragePercent="0" />
            <PropertySetter CoveredStatements="0" TotalStatements="1" CoveragePercent="0" />
          </AutoProperty>
          <AutoProperty Name="Status:OrderStatus" CoveredStatements="0" TotalStatements="2" CoveragePercent="0">
            <PropertyGetter CoveredStatements="0" TotalStatements="1" CoveragePercent="0" />
            <PropertySetter CoveredStatements="0" TotalStatements="1" CoveragePercent="0" />
          </AutoProperty>
          <AutoProperty Name="Summary:OrderSummary" CoveredStatements="0" TotalStatements="2" CoveragePercent="0">
            <PropertyGetter CoveredStatements="0" TotalStatements="1" CoveragePercent="0" />
            <PropertySetter CoveredStatements="0" TotalStatements="1" CoveragePercent="0" />
          </AutoProperty>
        </Type>
        <Type Name="OrderSummary" CoveredStatements="0" TotalStatements="5" CoveragePercent="0">
          <AutoProperty Name="Shipping:Decimal" CoveredStatements="0" TotalStatements="2" CoveragePercent="0">
            <PropertyGetter CoveredStatements="0" TotalStatements="1" CoveragePercent="0" />
            <PropertySetter CoveredStatements="0" TotalStatements="1" CoveragePercent="0" />
          </AutoProperty>
          <AutoProperty Name="Subtotal:Decimal" CoveredStatements="0" TotalStatements="2" CoveragePercent="0">
            <PropertyGetter CoveredStatements="0" TotalStatements="1" CoveragePercent="0" />
            <PropertySetter CoveredStatements="0" TotalStatements="1" CoveragePercent="0" />
          </AutoProperty>
          <Property Name="Total:Decimal" CoveredStatements="0" TotalStatements="1" CoveragePercent="0">
            <PropertyGetter CoveredStatements="0" TotalStatements="1" CoveragePercent="0" />
          </Property>
        </Type>
        <Type Name="PrimaryKeyOnRowIdColumnTests" CoveredStatements="10" TotalStatements="12" CoveragePercent="83">
          <Type Name="TestClass" CoveredStatements="0" TotalStatements="2" CoveragePercent="0">
            <AutoProperty Name="ColumnName:string" CoveredStatements="0" TotalStatements="2" CoveragePercent="0">
              <PropertyGetter CoveredStatements="0" TotalStatements="1" CoveragePercent="0" />
              <PropertySetter CoveredStatements="0" TotalStatements="1" CoveragePercent="0" />
            </AutoProperty>
          </Type>
          <Method Name="TestMessageShouldHaveGivenMessage():void" CoveredStatements="4" TotalStatements="4" CoveragePercent="100" />
          <Method Name="TestShouldThrowException():void" CoveredStatements="6" TotalStatements="6" CoveragePercent="100">
            <OwnCoverage CoveredStatements="5" TotalStatements="5" CoveragePercent="100" />
            <AnonymousMethod Name="():void" CoveredStatements="1" TotalStatements="1" CoveragePercent="100" />
          </Method>
        </Type>
        <Type Name="ProcWrappingStyleTests" CoveredStatements="58" TotalStatements="58" CoveragePercent="100">
          <Method Name="EnumParse_ShouldReturnCorrectValue(string,ProcWrappingStyle):void" CoveredStatements="4" TotalStatements="4" CoveragePercent="100" />
          <Method Name="ProcWrappingStyle_ShouldContainExpectedValues():void" CoveredStatements="4" TotalStatements="4" CoveragePercent="100" />
          <Method Name="ProcWrappingStyleEnumParse_InvalidValue_ShouldThrow():void" CoveredStatements="4" TotalStatements="4" CoveragePercent="100">
            <OwnCoverage CoveredStatements="3" TotalStatements="3" CoveragePercent="100" />
            <AnonymousMethod Name="():object" CoveredStatements="1" TotalStatements="1" CoveragePercent="100" />
          </Method>
          <Method Name="SetupParameterWrapTest():SqlContainer" CoveredStatements="14" TotalStatements="14" CoveragePercent="100" />
          <Method Name="WrapTestCall():void" CoveredStatements="6" TotalStatements="6" CoveragePercent="100" />
          <Method Name="WrapTestExec():void" CoveredStatements="6" TotalStatements="6" CoveragePercent="100" />
          <Method Name="WrapTestExecute():void" CoveredStatements="6" TotalStatements="6" CoveragePercent="100" />
          <Method Name="WrapTestOracle():void" CoveredStatements="6" TotalStatements="6" CoveragePercent="100" />
          <Method Name="WrapTestPostgreSQL():void" CoveredStatements="8" TotalStatements="8" CoveragePercent="100" />
        </Type>
        <Type Name="ProductItem" CoveredStatements="0" TotalStatements="8" CoveragePercent="0">
          <AutoProperty Name="Name:string" CoveredStatements="0" TotalStatements="2" CoveragePercent="0">
            <PropertyGetter CoveredStatements="0" TotalStatements="1" CoveragePercent="0" />
            <PropertySetter CoveredStatements="0" TotalStatements="1" CoveragePercent="0" />
          </AutoProperty>
          <AutoProperty Name="Quantity:int" CoveredStatements="0" TotalStatements="2" CoveragePercent="0">
            <PropertyGetter CoveredStatements="0" TotalStatements="1" CoveragePercent="0" />
            <PropertySetter CoveredStatements="0" TotalStatements="1" CoveragePercent="0" />
          </AutoProperty>
          <AutoProperty Name="SKU:string" CoveredStatements="0" TotalStatements="2" CoveragePercent="0">
            <PropertyGetter CoveredStatements="0" TotalStatements="1" CoveragePercent="0" />
            <PropertySetter CoveredStatements="0" TotalStatements="1" CoveragePercent="0" />
          </AutoProperty>
          <AutoProperty Name="UnitPrice:Decimal" CoveredStatements="0" TotalStatements="2" CoveragePercent="0">
            <PropertyGetter CoveredStatements="0" TotalStatements="1" CoveragePercent="0" />
            <PropertySetter CoveredStatements="0" TotalStatements="1" CoveragePercent="0" />
          </AutoProperty>
        </Type>
        <Type Name="ReadWriteModeTests" CoveredStatements="12" TotalStatements="12" CoveragePercent="100">
          <Method Name="EnumParse_ShouldReturnCorrectValue(string,ReadWriteMode):void" CoveredStatements="4" TotalStatements="4" CoveragePercent="100" />
          <Method Name="ReadWriteMode_ShouldContainExpectedValues():void" CoveredStatements="4" TotalStatements="4" CoveragePercent="100" />
          <Method Name="ReadWriteModeEnumParse_InvalidValue_ShouldThrow():void" CoveredStatements="4" TotalStatements="4" CoveragePercent="100">
            <OwnCoverage CoveredStatements="3" TotalStatements="3" CoveragePercent="100" />
            <AnonymousMethod Name="():object" CoveredStatements="1" TotalStatements="1" CoveragePercent="100" />
          </Method>
        </Type>
        <Type Name="SampleEntity" CoveredStatements="0" TotalStatements="6" CoveragePercent="0">
          <AutoProperty Name="Id:int" CoveredStatements="0" TotalStatements="2" CoveragePercent="0">
            <PropertyGetter CoveredStatements="0" TotalStatements="1" CoveragePercent="0" />
            <PropertySetter CoveredStatements="0" TotalStatements="1" CoveragePercent="0" />
          </AutoProperty>
          <AutoProperty Name="MaxValue:int" CoveredStatements="0" TotalStatements="2" CoveragePercent="0">
            <PropertyGetter CoveredStatements="0" TotalStatements="1" CoveragePercent="0" />
            <PropertySetter CoveredStatements="0" TotalStatements="1" CoveragePercent="0" />
          </AutoProperty>
          <AutoProperty Name="modeColumn:DbMode" CoveredStatements="0" TotalStatements="2" CoveragePercent="0">
            <PropertyGetter CoveredStatements="0" TotalStatements="1" CoveragePercent="0" />
            <PropertySetter CoveredStatements="0" TotalStatements="1" CoveragePercent="0" />
          </AutoProperty>
        </Type>
        <Type Name="SqlContainerTests" CoveredStatements="90" TotalStatements="95" CoveragePercent="95">
          <Constructor Name="SqlContainerTests()" CoveredStatements="7" TotalStatements="7" CoveragePercent="100" />
          <Method Name="AppendParameter_GeneratesRandomName_WhenNameIsNull():void" CoveredStatements="6" TotalStatements="6" CoveragePercent="100" />
          <Method Name="AssertProperNumberOfConnectionsForMode():void" CoveredStatements="5" TotalStatements="7" CoveragePercent="71" />
          <Method Name="BuildTestTable():Task" CoveredStatements="7" TotalStatements="7" CoveragePercent="100">
            <InternalCompiledMethod Name="MoveNext():void" CoveredStatements="7" TotalStatements="7" CoveragePercent="100" />
          </Method>
          <Method Name="Constructor_WithContext_InitializesQueryEmpty():void" CoveredStatements="5" TotalStatements="5" CoveragePercent="100" />
          <Method Name="Constructor_WithQuery_InitializesQueryWithValue():void" CoveredStatements="7" TotalStatements="7" CoveragePercent="100" />
          <Method Name="Dispose():void" CoveredStatements="0" TotalStatements="3" CoveragePercent="0" />
          <Method Name="ExecuteNonQueryAsync_InsertsData():Task" CoveredStatements="11" TotalStatements="11" CoveragePercent="100">
            <InternalCompiledMethod Name="MoveNext():void" CoveredStatements="11" TotalStatements="11" CoveragePercent="100" />
          </Method>
          <Method Name="ExecuteReaderAsync_ReturnsData():Task" CoveredStatements="18" TotalStatements="18" CoveragePercent="100">
            <InternalCompiledMethod Name="MoveNext():void" CoveredStatements="18" TotalStatements="18" CoveragePercent="100" />
          </Method>
          <Method Name="ExecuteScalarAsync_ReturnsValue_WhenRowExists():Task" CoveredStatements="14" TotalStatements="14" CoveragePercent="100">
            <InternalCompiledMethod Name="MoveNext():void" CoveredStatements="14" TotalStatements="14" CoveragePercent="100" />
          </Method>
          <Method Name="ExecuteScalarAsync_ThrowsException_WhenNoRows():Task" CoveredStatements="10" TotalStatements="10" CoveragePercent="100">
            <InternalCompiledMethod Name="MoveNext():void" CoveredStatements="10" TotalStatements="10" CoveragePercent="100">
              <OwnCoverage CoveredStatements="9" TotalStatements="9" CoveragePercent="100" />
              <AnonymousMethod Name="():Task" CoveredStatements="1" TotalStatements="1" CoveragePercent="100" />
            </InternalCompiledMethod>
          </Method>
        </Type>
        <Type Name="SqlLiteContextTestBase" CoveredStatements="7" TotalStatements="7" CoveragePercent="100">
          <Constructor Name="SqlLiteContextTestBase()" CoveredStatements="5" TotalStatements="5" CoveragePercent="100" />
          <AutoProperty Name="Context:IDatabaseContext" CoveredStatements="1" TotalStatements="1" CoveragePercent="100">
            <PropertyGetter CoveredStatements="1" TotalStatements="1" CoveragePercent="100" />
          </AutoProperty>
          <AutoProperty Name="TypeMap:TypeMapRegistry" CoveredStatements="1" TotalStatements="1" CoveragePercent="100">
            <PropertyGetter CoveredStatements="1" TotalStatements="1" CoveragePercent="100" />
          </AutoProperty>
        </Type>
        <Type Name="StringAuditContextProviderTests" CoveredStatements="11" TotalStatements="11" CoveragePercent="100">
          <Method Name="GetCurrentUserIdentifier_ReturnsExpectedUser():void" CoveredStatements="5" TotalStatements="5" CoveragePercent="100" />
          <Method Name="GetUtcNow_ReturnsCurrentTimeInUtc():void" CoveredStatements="6" TotalStatements="6" CoveragePercent="100" />
        </Type>
        <Type Name="StubAuditValueResolverTests" CoveredStatements="6" TotalStatements="6" CoveragePercent="100">
          <Method Name="Resolve_ReturnsConfiguredValues():void" CoveredStatements="6" TotalStatements="6" CoveragePercent="100" />
        </Type>
        <Type Name="SupportedDatabaseTests" CoveredStatements="12" TotalStatements="12" CoveragePercent="100">
          <Method Name="EnumParse_ShouldReturnCorrectValue(string,SupportedDatabase):void" CoveredStatements="4" TotalStatements="4" CoveragePercent="100" />
          <Method Name="SupportedDatabase_ShouldContainExpectedValues():void" CoveredStatements="4" TotalStatements="4" CoveragePercent="100" />
          <Method Name="SupportedDatabaseEnumParse_InvalidValue_ShouldThrow():void" CoveredStatements="4" TotalStatements="4" CoveragePercent="100">
            <OwnCoverage CoveredStatements="3" TotalStatements="3" CoveragePercent="100" />
            <AnonymousMethod Name="():object" CoveredStatements="1" TotalStatements="1" CoveragePercent="100" />
          </Method>
        </Type>
        <Type Name="TableAttributeTests" CoveredStatements="13" TotalStatements="13" CoveragePercent="100">
          <Method Name="Entity_ShouldHave_TableAttribute():void" CoveredStatements="5" TotalStatements="5" CoveragePercent="100" />
          <Method Name="Should_OnlyBeAllowed_OnClasses():void" CoveredStatements="8" TotalStatements="8" CoveragePercent="100" />
        </Type>
        <Type Name="TableInfoTests" CoveredStatements="7" TotalStatements="11" CoveragePercent="64">
          <Type Name="SampleEntity" CoveredStatements="0" TotalStatements="4" CoveragePercent="0">
            <AutoProperty Name="Id:Guid" CoveredStatements="0" TotalStatements="2" CoveragePercent="0">
              <PropertyGetter CoveredStatements="0" TotalStatements="1" CoveragePercent="0" />
              <PropertySetter CoveredStatements="0" TotalStatements="1" CoveragePercent="0" />
            </AutoProperty>
            <AutoProperty Name="Name:string" CoveredStatements="0" TotalStatements="2" CoveragePercent="0">
              <PropertyGetter CoveredStatements="0" TotalStatements="1" CoveragePercent="0" />
              <PropertySetter CoveredStatements="0" TotalStatements="1" CoveragePercent="0" />
            </AutoProperty>
          </Type>
          <Method Name="TableInfo_HasExpectedColumns():void" CoveredStatements="7" TotalStatements="7" CoveragePercent="100" />
        </Type>
        <Type Name="TestAuditProvider" CoveredStatements="0" TotalStatements="6" CoveragePercent="0">
          <Method Name="GetCurrentUserIdentifier():string" CoveredStatements="0" TotalStatements="3" CoveragePercent="0" />
          <Method Name="GetUtcNow():DateTime" CoveredStatements="0" TotalStatements="3" CoveragePercent="0" />
        </Type>
        <Type Name="TestEntity" CoveredStatements="14" TotalStatements="14" CoveragePercent="100">
          <AutoProperty Name="CreatedBy:string" CoveredStatements="2" TotalStatements="2" CoveragePercent="100">
            <PropertyGetter CoveredStatements="1" TotalStatements="1" CoveragePercent="100" />
            <PropertySetter CoveredStatements="1" TotalStatements="1" CoveragePercent="100" />
          </AutoProperty>
          <AutoProperty Name="CreatedOn:DateTime" CoveredStatements="2" TotalStatements="2" CoveragePercent="100">
            <PropertyGetter CoveredStatements="1" TotalStatements="1" CoveragePercent="100" />
            <PropertySetter CoveredStatements="1" TotalStatements="1" CoveragePercent="100" />
          </AutoProperty>
          <AutoProperty Name="Id:int" CoveredStatements="2" TotalStatements="2" CoveragePercent="100">
            <PropertyGetter CoveredStatements="1" TotalStatements="1" CoveragePercent="100" />
            <PropertySetter CoveredStatements="1" TotalStatements="1" CoveragePercent="100" />
          </AutoProperty>
          <AutoProperty Name="LastUpdatedBy:string" CoveredStatements="2" TotalStatements="2" CoveragePercent="100">
            <PropertyGetter CoveredStatements="1" TotalStatements="1" CoveragePercent="100" />
            <PropertySetter CoveredStatements="1" TotalStatements="1" CoveragePercent="100" />
          </AutoProperty>
          <AutoProperty Name="LastUpdatedOn:DateTime" CoveredStatements="2" TotalStatements="2" CoveragePercent="100">
            <PropertyGetter CoveredStatements="1" TotalStatements="1" CoveragePercent="100" />
            <PropertySetter CoveredStatements="1" TotalStatements="1" CoveragePercent="100" />
          </AutoProperty>
          <AutoProperty Name="Name:string" CoveredStatements="2" TotalStatements="2" CoveragePercent="100">
            <PropertyGetter CoveredStatements="1" TotalStatements="1" CoveragePercent="100" />
            <PropertySetter CoveredStatements="1" TotalStatements="1" CoveragePercent="100" />
          </AutoProperty>
          <AutoProperty Name="version:int" CoveredStatements="2" TotalStatements="2" CoveragePercent="100">
            <PropertyGetter CoveredStatements="1" TotalStatements="1" CoveragePercent="100" />
            <PropertySetter CoveredStatements="1" TotalStatements="1" CoveragePercent="100" />
          </AutoProperty>
        </Type>
        <Type Name="TooManyColumnsTests" CoveredStatements="13" TotalStatements="13" CoveragePercent="100">
          <Method Name="CanBeThrownAndCaught():void" CoveredStatements="8" TotalStatements="8" CoveragePercent="100">
            <InternalCompiledMethod Name="MoveNext():void" CoveredStatements="8" TotalStatements="8" CoveragePercent="100">
              <OwnCoverage CoveredStatements="7" TotalStatements="7" CoveragePercent="100" />
              <AnonymousMethod Name="():Task" CoveredStatements="1" TotalStatements="1" CoveragePercent="100" />
            </InternalCompiledMethod>
          </Method>
          <Method Name="Constructor_SetsMessageCorrectly():void" CoveredStatements="5" TotalStatements="5" CoveragePercent="100" />
        </Type>
        <Type Name="TooManyParametersExceptionTests" CoveredStatements="13" TotalStatements="13" CoveragePercent="100">
          <Method Name="CanBeThrownAndCaught():void" CoveredStatements="8" TotalStatements="8" CoveragePercent="100">
            <InternalCompiledMethod Name="MoveNext():void" CoveredStatements="8" TotalStatements="8" CoveragePercent="100">
              <OwnCoverage CoveredStatements="7" TotalStatements="7" CoveragePercent="100" />
              <AnonymousMethod Name="():Task" CoveredStatements="1" TotalStatements="1" CoveragePercent="100" />
            </InternalCompiledMethod>
          </Method>
          <Method Name="Constructor_SetsMessageCorrectly():void" CoveredStatements="5" TotalStatements="5" CoveragePercent="100" />
        </Type>
        <Type Name="TypeCoercionHelperTests" CoveredStatements="69" TotalStatements="71" CoveragePercent="97">
          <Type Name="CustomEntity" CoveredStatements="0" TotalStatements="2" CoveragePercent="0">
            <AutoProperty Name="customObject:CustomObject" CoveredStatements="0" TotalStatements="2" CoveragePercent="0">
              <PropertyGetter CoveredStatements="0" TotalStatements="1" CoveragePercent="0" />
              <PropertySetter CoveredStatements="0" TotalStatements="1" CoveragePercent="0" />
            </AutoProperty>
          </Type>
          <Type Name="CustomObject" CoveredStatements="3" TotalStatements="3" CoveragePercent="100">
            <Constructor Name="CustomObject()" CoveredStatements="1" TotalStatements="1" CoveragePercent="100" />
            <AutoProperty Name="Name:string" CoveredStatements="2" TotalStatements="2" CoveragePercent="100">
              <PropertyGetter CoveredStatements="1" TotalStatements="1" CoveragePercent="100" />
              <PropertySetter CoveredStatements="1" TotalStatements="1" CoveragePercent="100" />
            </AutoProperty>
          </Type>
          <Constructor Name="TypeCoercionHelperTests()" CoveredStatements="1" TotalStatements="1" CoveragePercent="100" />
          <Method Name="Coerce_InvalidEnumString_SetNullAndLog_ReturnsNull():void" CoveredStatements="5" TotalStatements="5" CoveragePercent="100" />
          <Method Name="Coerce_InvalidEnumString_ThrowMode_Throws():void" CoveredStatements="5" TotalStatements="5" CoveragePercent="100">
            <OwnCoverage CoveredStatements="4" TotalStatements="4" CoveragePercent="100" />
            <AnonymousMethod Name="():object" CoveredStatements="1" TotalStatements="1" CoveragePercent="100" />
          </Method>
          <Method Name="Coerce_InvalidGuidString_Throws():void" CoveredStatements="4" TotalStatements="4" CoveragePercent="100">
            <OwnCoverage CoveredStatements="3" TotalStatements="3" CoveragePercent="100" />
            <AnonymousMethod Name="():object" CoveredStatements="1" TotalStatements="1" CoveragePercent="100" />
          </Method>
          <Method Name="Coerce_InvalidPrimitiveConversion_Throws():void" CoveredStatements="4" TotalStatements="4" CoveragePercent="100">
            <OwnCoverage CoveredStatements="3" TotalStatements="3" CoveragePercent="100" />
            <AnonymousMethod Name="():object" CoveredStatements="1" TotalStatements="1" CoveragePercent="100" />
          </Method>
          <Method Name="Coerce_JsonToObject_ParsesCorrectly():void" CoveredStatements="7" TotalStatements="7" CoveragePercent="100" />
          <Method Name="Coerce_NullValue_ReturnsNull():void" CoveredStatements="4" TotalStatements="4" CoveragePercent="100" />
          <Method Name="Coerce_StringToBool_ParsesCorrectly():void" CoveredStatements="4" TotalStatements="4" CoveragePercent="100" />
          <Method Name="Coerce_StringToDateTime_Invalid_Throws():void" CoveredStatements="4" TotalStatements="4" CoveragePercent="100">
            <OwnCoverage CoveredStatements="3" TotalStatements="3" CoveragePercent="100" />
            <AnonymousMethod Name="():object" CoveredStatements="1" TotalStatements="1" CoveragePercent="100" />
          </Method>
          <Method Name="Coerce_StringToDateTime_ParsesCorrectly():void" CoveredStatements="7" TotalStatements="7" CoveragePercent="100" />
          <Method Name="Coerce_StringToInt_ParsesCorrectly():void" CoveredStatements="4" TotalStatements="4" CoveragePercent="100" />
          <Method Name="Coerce_StringToInt_ReturnsInt():void" CoveredStatements="7" TotalStatements="7" CoveragePercent="100" />
          <Method Name="Coerce_ValidEnumString_ReturnsEnum():void" CoveredStatements="5" TotalStatements="5" CoveragePercent="100" />
          <Method Name="Coerce_ValidGuidString_ReturnsGuid():void" CoveredStatements="5" TotalStatements="5" CoveragePercent="100" />
        </Type>
        <Type Name="TypeMapRegistryTests" CoveredStatements="34" TotalStatements="50" CoveragePercent="68">
          <Type Name="IdWithPrimaryKey" CoveredStatements="0" TotalStatements="2" CoveragePercent="0">
            <AutoProperty Name="Id:int" CoveredStatements="0" TotalStatements="2" CoveragePercent="0">
              <PropertyGetter CoveredStatements="0" TotalStatements="1" CoveragePercent="0" />
              <PropertySetter CoveredStatements="0" TotalStatements="1" CoveragePercent="0" />
            </AutoProperty>
          </Type>
          <Type Name="MultipleIds" CoveredStatements="0" TotalStatements="4" CoveragePercent="0">
            <AutoProperty Name="Id1:int" CoveredStatements="0" TotalStatements="2" CoveragePercent="0">
              <PropertyGetter CoveredStatements="0" TotalStatements="1" CoveragePercent="0" />
              <PropertySetter CoveredStatements="0" TotalStatements="1" CoveragePercent="0" />
            </AutoProperty>
            <AutoProperty Name="Id2:int" CoveredStatements="0" TotalStatements="2" CoveragePercent="0">
              <PropertyGetter CoveredStatements="0" TotalStatements="1" CoveragePercent="0" />
              <PropertySetter CoveredStatements="0" TotalStatements="1" CoveragePercent="0" />
            </AutoProperty>
          </Type>
          <Type Name="MultipleVersions" CoveredStatements="0" TotalStatements="4" CoveragePercent="0">
            <AutoProperty Name="V1:int" CoveredStatements="0" TotalStatements="2" CoveragePercent="0">
              <PropertyGetter CoveredStatements="0" TotalStatements="1" CoveragePercent="0" />
              <PropertySetter CoveredStatements="0" TotalStatements="1" CoveragePercent="0" />
            </AutoProperty>
            <AutoProperty Name="V2:int" CoveredStatements="0" TotalStatements="2" CoveragePercent="0">
              <PropertyGetter CoveredStatements="0" TotalStatements="1" CoveragePercent="0" />
              <PropertySetter CoveredStatements="0" TotalStatements="1" CoveragePercent="0" />
            </AutoProperty>
          </Type>
          <Type Name="MyEntity" CoveredStatements="0" TotalStatements="2" CoveragePercent="0">
            <AutoProperty Name="Id:int" CoveredStatements="0" TotalStatements="2" CoveragePercent="0">
              <PropertyGetter CoveredStatements="0" TotalStatements="1" CoveragePercent="0" />
              <PropertySetter CoveredStatements="0" TotalStatements="1" CoveragePercent="0" />
            </AutoProperty>
          </Type>
          <Type Name="NoColumns" CoveredStatements="0" TotalStatements="2" CoveragePercent="0">
            <AutoProperty Name="Unmapped:int" CoveredStatements="0" TotalStatements="2" CoveragePercent="0">
              <PropertyGetter CoveredStatements="0" TotalStatements="1" CoveragePercent="0" />
              <PropertySetter CoveredStatements="0" TotalStatements="1" CoveragePercent="0" />
            </AutoProperty>
          </Type>
          <Type Name="NoTable" CoveredStatements="0" TotalStatements="2" CoveragePercent="0">
            <AutoProperty Name="Id:int" CoveredStatements="0" TotalStatements="2" CoveragePercent="0">
              <PropertyGetter CoveredStatements="0" TotalStatements="1" CoveragePercent="0" />
              <PropertySetter CoveredStatements="0" TotalStatements="1" CoveragePercent="0" />
            </AutoProperty>
          </Type>
          <Method Name="GetTableInfo_ThrowsIfIdMarkedPrimaryKey():void" CoveredStatements="5" TotalStatements="5" CoveragePercent="100">
            <OwnCoverage CoveredStatements="4" TotalStatements="4" CoveragePercent="100" />
            <AnonymousMethod Name="():object" CoveredStatements="1" TotalStatements="1" CoveragePercent="100" />
          </Method>
          <Method Name="GetTableInfo_ThrowsIfMissingTableAttribute():void" CoveredStatements="6" TotalStatements="6" CoveragePercent="100">
            <OwnCoverage CoveredStatements="5" TotalStatements="5" CoveragePercent="100" />
            <AnonymousMethod Name="():object" CoveredStatements="1" TotalStatements="1" CoveragePercent="100" />
          </Method>
          <Method Name="GetTableInfo_ThrowsIfMultipleIds():void" CoveredStatements="5" TotalStatements="5" CoveragePercent="100">
            <OwnCoverage CoveredStatements="4" TotalStatements="4" CoveragePercent="100" />
            <AnonymousMethod Name="():object" CoveredStatements="1" TotalStatements="1" CoveragePercent="100" />
          </Method>
          <Method Name="GetTableInfo_ThrowsIfMultipleVersions():void" CoveredStatements="5" TotalStatements="5" CoveragePercent="100">
            <OwnCoverage CoveredStatements="4" TotalStatements="4" CoveragePercent="100" />
            <AnonymousMethod Name="():object" CoveredStatements="1" TotalStatements="1" CoveragePercent="100" />
          </Method>
          <Method Name="GetTableInfo_ThrowsIfNoColumnAttributes():void" CoveredStatements="6" TotalStatements="6" CoveragePercent="100">
            <OwnCoverage CoveredStatements="5" TotalStatements="5" CoveragePercent="100" />
            <AnonymousMethod Name="():object" CoveredStatements="1" TotalStatements="1" CoveragePercent="100" />
          </Method>
          <Method Name="Register_AddsAndRetrievesTableInfo():void" CoveredStatements="7" TotalStatements="7" CoveragePercent="100" />
        </Type>
        <Type Name="UtilsTests" CoveredStatements="46" TotalStatements="59" CoveragePercent="78">
          <Property Name="ZeroValues:IEnumerable&lt;object[]&gt;" CoveredStatements="1" TotalStatements="1" CoveragePercent="100">
            <PropertyGetter CoveredStatements="1" TotalStatements="1" CoveragePercent="100" />
          </Property>
          <Method Name="GetAttributeFromProperty&lt;TAttribute&gt;(Type,string,string):TAttribute" CoveredStatements="0" TotalStatements="12" CoveragePercent="0" />
          <Method Name="IsNullOrDbNull_ReturnsFalse_ForValue():void" CoveredStatements="3" TotalStatements="3" CoveragePercent="100" />
          <Method Name="IsNullOrDbNull_ReturnsTrue_ForDbNull():void" CoveredStatements="3" TotalStatements="3" CoveragePercent="100" />
          <Method Name="IsNullOrDbNull_ReturnsTrue_ForNull():void" CoveredStatements="3" TotalStatements="3" CoveragePercent="100" />
          <Method Name="IsNullOrDbNull_ReturnsTrueForNull():void" CoveredStatements="4" TotalStatements="4" CoveragePercent="100" />
          <Method Name="IsNullOrEmpty_ReturnsFalse_ForPopulatedEnumerable():void" CoveredStatements="5" TotalStatements="6" CoveragePercent="83">
            <OwnCoverage CoveredStatements="3" TotalStatements="3" CoveragePercent="100" />
            <LocalFunction Name="GetItems():IEnumerable&lt;int&gt;" CoveredStatements="2" TotalStatements="3" CoveragePercent="67">
              <InternalCompiledMethod Name="MoveNext():bool" CoveredStatements="2" TotalStatements="3" CoveragePercent="67" />
            </LocalFunction>
          </Method>
          <Method Name="IsNullOrEmpty_ReturnsFalse_ForPopulatedList():void" CoveredStatements="4" TotalStatements="4" CoveragePercent="100" />
          <Method Name="IsNullOrEmpty_ReturnsTrue_ForEmptyEnumerable():void" CoveredStatements="5" TotalStatements="5" CoveragePercent="100">
            <OwnCoverage CoveredStatements="3" TotalStatements="3" CoveragePercent="100" />
            <LocalFunction Name="GetEmpty():IEnumerable&lt;int&gt;" CoveredStatements="2" TotalStatements="2" CoveragePercent="100">
              <InternalCompiledMethod Name="MoveNext():bool" CoveredStatements="2" TotalStatements="2" CoveragePercent="100" />
            </LocalFunction>
          </Method>
          <Method Name="IsNullOrEmpty_ReturnsTrue_ForEmptyList():void" CoveredStatements="4" TotalStatements="4" CoveragePercent="100" />
          <Method Name="IsNullOrEmpty_ReturnsTrue_ForNullCollection():void" CoveredStatements="3" TotalStatements="3" CoveragePercent="100" />
          <Method Name="IsZeroNumeric_ReturnsFalse_ForNonZeroOrInvalid(object):void" CoveredStatements="3" TotalStatements="3" CoveragePercent="100" />
          <Method Name="IsZeroNumeric_ReturnsTrue_ForZeroNumbers(object):void" CoveredStatements="3" TotalStatements="3" CoveragePercent="100" />
          <Method Name="IsZeroNumeric_ReturnsTrueForZero():void" CoveredStatements="5" TotalStatements="5" CoveragePercent="100" />
        </Type>
      </Namespace>
    </Namespace>
    <Type Name="TestTable" CoveredStatements="0" TotalStatements="18" CoveragePercent="0">
      <AutoProperty Name="CreatedAt:Nullable&lt;DateTime&gt;" CoveredStatements="0" TotalStatements="2" CoveragePercent="0">
        <PropertyGetter CoveredStatements="0" TotalStatements="1" CoveragePercent="0" />
        <PropertySetter CoveredStatements="0" TotalStatements="1" CoveragePercent="0" />
      </AutoProperty>
      <AutoProperty Name="CreatedBy:string" CoveredStatements="0" TotalStatements="2" CoveragePercent="0">
        <PropertyGetter CoveredStatements="0" TotalStatements="1" CoveragePercent="0" />
        <PropertySetter CoveredStatements="0" TotalStatements="1" CoveragePercent="0" />
      </AutoProperty>
      <AutoProperty Name="Description:string" CoveredStatements="0" TotalStatements="2" CoveragePercent="0">
        <PropertyGetter CoveredStatements="0" TotalStatements="1" CoveragePercent="0" />
        <PropertySetter CoveredStatements="0" TotalStatements="1" CoveragePercent="0" />
      </AutoProperty>
      <AutoProperty Name="Id:long" CoveredStatements="0" TotalStatements="2" CoveragePercent="0">
        <PropertyGetter CoveredStatements="0" TotalStatements="1" CoveragePercent="0" />
        <PropertySetter CoveredStatements="0" TotalStatements="1" CoveragePercent="0" />
      </AutoProperty>
      <AutoProperty Name="JsonProperty:string" CoveredStatements="0" TotalStatements="2" CoveragePercent="0">
        <PropertyGetter CoveredStatements="0" TotalStatements="1" CoveragePercent="0" />
        <PropertySetter CoveredStatements="0" TotalStatements="1" CoveragePercent="0" />
      </AutoProperty>
      <AutoProperty Name="Name:Nullable&lt;NameEnum&gt;" CoveredStatements="0" TotalStatements="2" CoveragePercent="0">
        <PropertyGetter CoveredStatements="0" TotalStatements="1" CoveragePercent="0" />
        <PropertySetter CoveredStatements="0" TotalStatements="1" CoveragePercent="0" />
      </AutoProperty>
      <AutoProperty Name="NonUpdateableColumn:string" CoveredStatements="0" TotalStatements="2" CoveragePercent="0">
        <PropertyGetter CoveredStatements="0" TotalStatements="1" CoveragePercent="0" />
        <PropertySetter CoveredStatements="0" TotalStatements="1" CoveragePercent="0" />
      </AutoProperty>
      <AutoProperty Name="UpdatedAt:Nullable&lt;DateTime&gt;" CoveredStatements="0" TotalStatements="2" CoveragePercent="0">
        <PropertyGetter CoveredStatements="0" TotalStatements="1" CoveragePercent="0" />
        <PropertySetter CoveredStatements="0" TotalStatements="1" CoveragePercent="0" />
      </AutoProperty>
      <AutoProperty Name="UpdatedBy:string" CoveredStatements="0" TotalStatements="2" CoveragePercent="0">
        <PropertyGetter CoveredStatements="0" TotalStatements="1" CoveragePercent="0" />
        <PropertySetter CoveredStatements="0" TotalStatements="1" CoveragePercent="0" />
      </AutoProperty>
    </Type>
    <Type Name="TransactionContextTests" CoveredStatements="0" TotalStatements="37" CoveragePercent="0">
      <Method Name="Commit_AfterDispose_Throws():void" CoveredStatements="0" TotalStatements="6" CoveragePercent="0">
        <OwnCoverage CoveredStatements="0" TotalStatements="5" CoveragePercent="0" />
        <AnonymousMethod Name="():void" CoveredStatements="0" TotalStatements="1" CoveragePercent="0" />
      </Method>
      <Method Name="Commit_SetsCommittedState():void" CoveredStatements="0" TotalStatements="6" CoveragePercent="0" />
      <Method Name="Constructor_SetsIsolationLevel_Correctly(SupportedDatabase,IsolationLevel):void" CoveredStatements="0" TotalStatements="8" CoveragePercent="0" />
      <Method Name="CreateContext(SupportedDatabase):IDatabaseContext" CoveredStatements="0" TotalStatements="6" CoveragePercent="0" />
      <Method Name="DisposeAsync_Uncommitted_TriggersRollback():Task" CoveredStatements="0" TotalStatements="5" CoveragePercent="0">
        <InternalCompiledMethod Name="MoveNext():void" CoveredStatements="0" TotalStatements="5" CoveragePercent="0" />
      </Method>
      <Method Name="Rollback_SetsRollbackState():void" CoveredStatements="0" TotalStatements="6" CoveragePercent="0" />
    </Type>
  </Project>
  <Project Name="testbed" CoveredStatements="3" TotalStatements="686" CoveragePercent="1">
    <Namespace Name="testbed" CoveredStatements="3" TotalStatements="590" CoveragePercent="1">
      <Namespace Name="Cockroach" CoveredStatements="0" TotalStatements="49" CoveragePercent="0">
        <Type Name="CockroachDbTestContainer" CoveredStatements="0" TotalStatements="23" CoveragePercent="0">
          <Method Name="DisposeAsyncCore():ValueTask" CoveredStatements="0" TotalStatements="7" CoveragePercent="0">
            <InternalCompiledMethod Name="MoveNext():void" CoveredStatements="0" TotalStatements="7" CoveragePercent="0" />
          </Method>
          <Method Name="GetDatabaseContextAsync(IServiceProvider):Task&lt;IDatabaseContext&gt;" CoveredStatements="0" TotalStatements="5" CoveragePercent="0" />
          <Method Name="StartAsync():Task" CoveredStatements="0" TotalStatements="11" CoveragePercent="0">
            <InternalCompiledMethod Name="MoveNext():void" CoveredStatements="0" TotalStatements="11" CoveragePercent="0" />
          </Method>
        </Type>
        <Type Name="CockroadDbTestProvider" CoveredStatements="0" TotalStatements="26" CoveragePercent="0">
          <Constructor Name="CockroadDbTestProvider(IDatabaseContext,IServiceProvider)" CoveredStatements="0" TotalStatements="4" CoveragePercent="0" />
          <Method Name="CreateTable():Task" CoveredStatements="0" TotalStatements="22" CoveragePercent="0">
            <InternalCompiledMethod Name="MoveNext():void" CoveredStatements="0" TotalStatements="22" CoveragePercent="0" />
          </Method>
        </Type>
      </Namespace>
      <Namespace Name="Sybase" CoveredStatements="0" TotalStatements="43" CoveragePercent="0">
        <Type Name="SybaseTestContainer" CoveredStatements="0" TotalStatements="28" CoveragePercent="0">
          <Constructor Name="SybaseTestContainer()" CoveredStatements="0" TotalStatements="5" CoveragePercent="0" />
          <Method Name="CreateTestDatabase(string):Task" CoveredStatements="0" TotalStatements="8" CoveragePercent="0">
            <InternalCompiledMethod Name="MoveNext():void" CoveredStatements="0" TotalStatements="8" CoveragePercent="0" />
          </Method>
          <Method Name="DisposeAsync():ValueTask" CoveredStatements="0" TotalStatements="3" CoveragePercent="0">
            <InternalCompiledMethod Name="MoveNext():void" CoveredStatements="0" TotalStatements="3" CoveragePercent="0" />
          </Method>
          <Method Name="GetDatabaseContextAsync(IServiceProvider):Task&lt;IDatabaseContext&gt;" CoveredStatements="0" TotalStatements="5" CoveragePercent="0" />
          <Method Name="StartAsync():Task" CoveredStatements="0" TotalStatements="7" CoveragePercent="0">
            <InternalCompiledMethod Name="MoveNext():void" CoveredStatements="0" TotalStatements="7" CoveragePercent="0" />
          </Method>
        </Type>
        <Type Name="SybaseTestProvider" CoveredStatements="0" TotalStatements="15" CoveragePercent="0">
          <Constructor Name="SybaseTestProvider(IDatabaseContext,IServiceProvider)" CoveredStatements="0" TotalStatements="4" CoveragePercent="0" />
          <Method Name="CreateTable():Task" CoveredStatements="0" TotalStatements="11" CoveragePercent="0">
            <InternalCompiledMethod Name="MoveNext():void" CoveredStatements="0" TotalStatements="11" CoveragePercent="0" />
          </Method>
        </Type>
      </Namespace>
      <Type Name="DbProviderFactoryFinder" CoveredStatements="0" TotalStatements="69" CoveragePercent="0">
        <Method Name="FindAllFactories():IEnumerable&lt;ValueTuple&lt;string,string,DbProviderFactory&gt;&gt;" CoveredStatements="0" TotalStatements="47" CoveragePercent="0">
          <InternalCompiledMethod Name="MoveNext():bool" CoveredStatements="0" TotalStatements="47" CoveragePercent="0" />
        </Method>
        <Method Name="LoadAllAssembliesFromBaseDirectory():void" CoveredStatements="0" TotalStatements="22" CoveragePercent="0">
          <OwnCoverage CoveredStatements="0" TotalStatements="20" CoveragePercent="0" />
          <AnonymousMethod Name="(Assembly):bool" CoveredStatements="0" TotalStatements="1" CoveragePercent="0" />
          <AnonymousMethod Name="(Assembly):string" CoveredStatements="0" TotalStatements="1" CoveragePercent="0" />
        </Method>
      </Type>
      <Type Name="FirebirdSqlTestContainer" CoveredStatements="0" TotalStatements="28" CoveragePercent="0">
        <Constructor Name="FirebirdSqlTestContainer()" CoveredStatements="0" TotalStatements="9" CoveragePercent="0" />
        <Method Name="DisposeAsync():ValueTask" CoveredStatements="0" TotalStatements="1" CoveragePercent="0">
          <InternalCompiledMethod Name="MoveNext():void" CoveredStatements="0" TotalStatements="1" CoveragePercent="0" />
        </Method>
        <Method Name="GetDatabaseContextAsync(IServiceProvider):Task&lt;IDatabaseContext&gt;" CoveredStatements="0" TotalStatements="5" CoveragePercent="0">
          <InternalCompiledMethod Name="MoveNext():void" CoveredStatements="0" TotalStatements="5" CoveragePercent="0" />
        </Method>
        <Method Name="StartAsync():Task" CoveredStatements="0" TotalStatements="13" CoveragePercent="0">
          <InternalCompiledMethod Name="MoveNext():void" CoveredStatements="0" TotalStatements="13" CoveragePercent="0" />
        </Method>
      </Type>
      <Type Name="FirebirdTestProvider" CoveredStatements="0" TotalStatements="27" CoveragePercent="0">
        <Constructor Name="FirebirdTestProvider(IDatabaseContext,IServiceProvider)" CoveredStatements="0" TotalStatements="4" CoveragePercent="0" />
        <Method Name="CreateTable():Task" CoveredStatements="0" TotalStatements="23" CoveragePercent="0">
          <InternalCompiledMethod Name="MoveNext():void" CoveredStatements="0" TotalStatements="23" CoveragePercent="0" />
        </Method>
      </Type>
      <Type Name="MariaDbContainer" CoveredStatements="0" TotalStatements="20" CoveragePercent="0">
        <Constructor Name="MariaDbContainer()" CoveredStatements="0" TotalStatements="8" CoveragePercent="0" />
        <Method Name="DisposeAsync():ValueTask" CoveredStatements="0" TotalStatements="1" CoveragePercent="0">
          <InternalCompiledMethod Name="MoveNext():void" CoveredStatements="0" TotalStatements="1" CoveragePercent="0" />
        </Method>
        <Method Name="GetDatabaseContextAsync(IServiceProvider):Task&lt;IDatabaseContext&gt;" CoveredStatements="0" TotalStatements="5" CoveragePercent="0">
          <InternalCompiledMethod Name="MoveNext():void" CoveredStatements="0" TotalStatements="5" CoveragePercent="0" />
        </Method>
        <Method Name="StartAsync():Task" CoveredStatements="0" TotalStatements="6" CoveragePercent="0">
          <InternalCompiledMethod Name="MoveNext():void" CoveredStatements="0" TotalStatements="6" CoveragePercent="0" />
        </Method>
      </Type>
      <Type Name="MySqlTestContainer" CoveredStatements="0" TotalStatements="20" CoveragePercent="0">
        <Constructor Name="MySqlTestContainer()" CoveredStatements="0" TotalStatements="8" CoveragePercent="0" />
        <Method Name="DisposeAsync():ValueTask" CoveredStatements="0" TotalStatements="1" CoveragePercent="0">
          <InternalCompiledMethod Name="MoveNext():void" CoveredStatements="0" TotalStatements="1" CoveragePercent="0" />
        </Method>
        <Method Name="GetDatabaseContextAsync(IServiceProvider):Task&lt;IDatabaseContext&gt;" CoveredStatements="0" TotalStatements="5" CoveragePercent="0">
          <InternalCompiledMethod Name="MoveNext():void" CoveredStatements="0" TotalStatements="5" CoveragePercent="0" />
        </Method>
        <Method Name="StartAsync():Task" CoveredStatements="0" TotalStatements="6" CoveragePercent="0">
          <InternalCompiledMethod Name="MoveNext():void" CoveredStatements="0" TotalStatements="6" CoveragePercent="0" />
        </Method>
      </Type>
      <Type Name="OracleTestContainer" CoveredStatements="0" TotalStatements="18" CoveragePercent="0">
        <Constructor Name="OracleTestContainer()" CoveredStatements="0" TotalStatements="4" CoveragePercent="0" />
        <Method Name="DisposeAsync():ValueTask" CoveredStatements="0" TotalStatements="1" CoveragePercent="0">
          <InternalCompiledMethod Name="MoveNext():void" CoveredStatements="0" TotalStatements="1" CoveragePercent="0" />
        </Method>
        <Method Name="GetDatabaseContextAsync(IServiceProvider):Task&lt;IDatabaseContext&gt;" CoveredStatements="0" TotalStatements="5" CoveragePercent="0">
          <InternalCompiledMethod Name="MoveNext():void" CoveredStatements="0" TotalStatements="5" CoveragePercent="0" />
        </Method>
        <Method Name="StartAsync():Task" CoveredStatements="0" TotalStatements="8" CoveragePercent="0">
          <InternalCompiledMethod Name="MoveNext():void" CoveredStatements="0" TotalStatements="8" CoveragePercent="0" />
        </Method>
      </Type>
      <Type Name="OracleTestProvider" CoveredStatements="0" TotalStatements="25" CoveragePercent="0">
        <Constructor Name="OracleTestProvider(IDatabaseContext,IServiceProvider)" CoveredStatements="0" TotalStatements="4" CoveragePercent="0" />
        <Method Name="CreateTable():Task" CoveredStatements="0" TotalStatements="21" CoveragePercent="0">
          <InternalCompiledMethod Name="MoveNext():void" CoveredStatements="0" TotalStatements="21" CoveragePercent="0" />
        </Method>
      </Type>
      <Type Name="PostgreSqlTestContainer" CoveredStatements="0" TotalStatements="20" CoveragePercent="0">
        <Constructor Name="PostgreSqlTestContainer()" CoveredStatements="0" TotalStatements="9" CoveragePercent="0" />
        <Method Name="DisposeAsync():ValueTask" CoveredStatements="0" TotalStatements="1" CoveragePercent="0">
          <InternalCompiledMethod Name="MoveNext():void" CoveredStatements="0" TotalStatements="1" CoveragePercent="0" />
        </Method>
        <Method Name="GetDatabaseContextAsync(IServiceProvider):Task&lt;IDatabaseContext&gt;" CoveredStatements="0" TotalStatements="5" CoveragePercent="0">
          <InternalCompiledMethod Name="MoveNext():void" CoveredStatements="0" TotalStatements="5" CoveragePercent="0" />
        </Method>
        <Method Name="StartAsync():Task" CoveredStatements="0" TotalStatements="5" CoveragePercent="0">
          <InternalCompiledMethod Name="MoveNext():void" CoveredStatements="0" TotalStatements="5" CoveragePercent="0" />
        </Method>
      </Type>
      <Type Name="PostgreSQLTestProvider" CoveredStatements="0" TotalStatements="26" CoveragePercent="0">
        <Constructor Name="PostgreSQLTestProvider(IDatabaseContext,IServiceProvider)" CoveredStatements="0" TotalStatements="4" CoveragePercent="0" />
        <Method Name="CreateTable():Task" CoveredStatements="0" TotalStatements="22" CoveragePercent="0">
          <InternalCompiledMethod Name="MoveNext():void" CoveredStatements="0" TotalStatements="22" CoveragePercent="0" />
        </Method>
      </Type>
      <Type Name="SqlServerTestContainer" CoveredStatements="0" TotalStatements="35" CoveragePercent="0">
        <Constructor Name="SqlServerTestContainer()" CoveredStatements="0" TotalStatements="8" CoveragePercent="0" />
        <Method Name="createNewDb(string):Task" CoveredStatements="0" TotalStatements="14" CoveragePercent="0">
          <InternalCompiledMethod Name="MoveNext():void" CoveredStatements="0" TotalStatements="14" CoveragePercent="0" />
        </Method>
        <Method Name="DisposeAsync():ValueTask" CoveredStatements="0" TotalStatements="1" CoveragePercent="0">
          <InternalCompiledMethod Name="MoveNext():void" CoveredStatements="0" TotalStatements="1" CoveragePercent="0" />
        </Method>
        <Method Name="GetDatabaseContextAsync(IServiceProvider):Task&lt;IDatabaseContext&gt;" CoveredStatements="0" TotalStatements="5" CoveragePercent="0">
          <InternalCompiledMethod Name="MoveNext():void" CoveredStatements="0" TotalStatements="5" CoveragePercent="0" />
        </Method>
        <Method Name="StartAsync():Task" CoveredStatements="0" TotalStatements="7" CoveragePercent="0">
          <InternalCompiledMethod Name="MoveNext():void" CoveredStatements="0" TotalStatements="7" CoveragePercent="0" />
        </Method>
      </Type>
      <Type Name="StringAuditContextProvider" CoveredStatements="3" TotalStatements="3" CoveragePercent="100">
        <Method Name="GetCurrentUserIdentifier():string" CoveredStatements="3" TotalStatements="3" CoveragePercent="100" />
      </Type>
      <Type Name="TestContainer" CoveredStatements="0" TotalStatements="76" CoveragePercent="0">
        <Method Name="DisposeAsync():ValueTask" CoveredStatements="0" TotalStatements="7" CoveragePercent="0">
          <InternalCompiledMethod Name="MoveNext():void" CoveredStatements="0" TotalStatements="7" CoveragePercent="0" />
        </Method>
        <Method Name="DisposeAsyncCore():ValueTask" CoveredStatements="0" TotalStatements="3" CoveragePercent="0" />
        <Method Name="RunTestWithContainerAsync&lt;TTestProvider&gt;(IServiceProvider,Func&lt;IDatabaseContext,IServiceProvider,TTestProvider&gt;):Task" CoveredStatements="0" TotalStatements="8" CoveragePercent="0">
          <InternalCompiledMethod Name="MoveNext():void" CoveredStatements="0" TotalStatements="8" CoveragePercent="0" />
        </Method>
        <Method Name="WaitForDbToStart(DbProviderFactory,string,IContainer,int):Task" CoveredStatements="0" TotalStatements="58" CoveragePercent="0">
          <InternalCompiledMethod Name="MoveNext():void" CoveredStatements="0" TotalStatements="58" CoveragePercent="0" />
        </Method>
      </Type>
      <Type Name="TestProvider" CoveredStatements="0" TotalStatements="117" CoveragePercent="0">
        <Constructor Name="TestProvider(IDatabaseContext,IServiceProvider)" CoveredStatements="0" TotalStatements="5" CoveragePercent="0" />
        <Method Name="CountTestRows(IDatabaseContext):Task&lt;int&gt;" CoveredStatements="0" TotalStatements="8" CoveragePercent="0">
          <InternalCompiledMethod Name="MoveNext():void" CoveredStatements="0" TotalStatements="8" CoveragePercent="0" />
        </Method>
        <Method Name="CreateTable():Task" CoveredStatements="0" TotalStatements="30" CoveragePercent="0">
          <InternalCompiledMethod Name="MoveNext():void" CoveredStatements="0" TotalStatements="30" CoveragePercent="0" />
        </Method>
        <Method Name="DeletedRow(TestTable,IDatabaseContext):Task" CoveredStatements="0" TotalStatements="7" CoveragePercent="0">
          <InternalCompiledMethod Name="MoveNext():void" CoveredStatements="0" TotalStatements="7" CoveragePercent="0" />
        </Method>
        <Method Name="InsertTestRows(IDatabaseContext):Task&lt;long&gt;" CoveredStatements="0" TotalStatements="8" CoveragePercent="0">
          <InternalCompiledMethod Name="MoveNext():void" CoveredStatements="0" TotalStatements="8" CoveragePercent="0" />
        </Method>
        <Method Name="RetrieveRows(long,IDatabaseContext):Task&lt;TestTable&gt;" CoveredStatements="0" TotalStatements="8" CoveragePercent="0">
          <InternalCompiledMethod Name="MoveNext():void" CoveredStatements="0" TotalStatements="8" CoveragePercent="0" />
        </Method>
        <Method Name="RunTest():Task" CoveredStatements="0" TotalStatements="24" CoveragePercent="0">
          <InternalCompiledMethod Name="MoveNext():void" CoveredStatements="0" TotalStatements="24" CoveragePercent="0" />
        </Method>
        <Method Name="TestCommitTransaction():Task" CoveredStatements="0" TotalStatements="6" CoveragePercent="0">
          <InternalCompiledMethod Name="MoveNext():void" CoveredStatements="0" TotalStatements="6" CoveragePercent="0" />
        </Method>
        <Method Name="TestRollbackTransaction():Task" CoveredStatements="0" TotalStatements="6" CoveragePercent="0">
          <InternalCompiledMethod Name="MoveNext():void" CoveredStatements="0" TotalStatements="6" CoveragePercent="0" />
        </Method>
        <Method Name="TestTransactions():Task" CoveredStatements="0" TotalStatements="15" CoveragePercent="0">
          <InternalCompiledMethod Name="MoveNext():void" CoveredStatements="0" TotalStatements="15" CoveragePercent="0" />
        </Method>
      </Type>
      <Type Name="TestTable" CoveredStatements="0" TotalStatements="14" CoveragePercent="0">
        <AutoProperty Name="CreatedAt:Nullable&lt;DateTime&gt;" CoveredStatements="0" TotalStatements="2" CoveragePercent="0">
          <PropertyGetter CoveredStatements="0" TotalStatements="1" CoveragePercent="0" />
          <PropertySetter CoveredStatements="0" TotalStatements="1" CoveragePercent="0" />
        </AutoProperty>
        <AutoProperty Name="CreatedBy:string" CoveredStatements="0" TotalStatements="2" CoveragePercent="0">
          <PropertyGetter CoveredStatements="0" TotalStatements="1" CoveragePercent="0" />
          <PropertySetter CoveredStatements="0" TotalStatements="1" CoveragePercent="0" />
        </AutoProperty>
        <AutoProperty Name="Description:string" CoveredStatements="0" TotalStatements="2" CoveragePercent="0">
          <PropertyGetter CoveredStatements="0" TotalStatements="1" CoveragePercent="0" />
          <PropertySetter CoveredStatements="0" TotalStatements="1" CoveragePercent="0" />
        </AutoProperty>
        <AutoProperty Name="Id:long" CoveredStatements="0" TotalStatements="2" CoveragePercent="0">
          <PropertyGetter CoveredStatements="0" TotalStatements="1" CoveragePercent="0" />
          <PropertySetter CoveredStatements="0" TotalStatements="1" CoveragePercent="0" />
        </AutoProperty>
        <AutoProperty Name="Name:Nullable&lt;NameEnum&gt;" CoveredStatements="0" TotalStatements="2" CoveragePercent="0">
          <PropertyGetter CoveredStatements="0" TotalStatements="1" CoveragePercent="0" />
          <PropertySetter CoveredStatements="0" TotalStatements="1" CoveragePercent="0" />
        </AutoProperty>
        <AutoProperty Name="UpdatedAt:Nullable&lt;DateTime&gt;" CoveredStatements="0" TotalStatements="2" CoveragePercent="0">
          <PropertyGetter CoveredStatements="0" TotalStatements="1" CoveragePercent="0" />
          <PropertySetter CoveredStatements="0" TotalStatements="1" CoveragePercent="0" />
        </AutoProperty>
        <AutoProperty Name="UpdatedBy:string" CoveredStatements="0" TotalStatements="2" CoveragePercent="0">
          <PropertyGetter CoveredStatements="0" TotalStatements="1" CoveragePercent="0" />
          <PropertySetter CoveredStatements="0" TotalStatements="1" CoveragePercent="0" />
        </AutoProperty>
      </Type>
    </Namespace>
    <Type Name="Program" CoveredStatements="0" TotalStatements="96" CoveragePercent="0">
      <Method Name="&lt;Main&gt;$(string[]):Task" CoveredStatements="0" TotalStatements="96" CoveragePercent="0">
        <InternalCompiledMethod Name="MoveNext():void" CoveredStatements="0" TotalStatements="38" CoveragePercent="0">
          <OwnCoverage CoveredStatements="0" TotalStatements="32" CoveragePercent="0" />
          <AnonymousMethod Name="(IDatabaseContext,IServiceProvider):CockroadDbTestProvider" CoveredStatements="0" TotalStatements="1" CoveragePercent="0" />
          <AnonymousMethod Name="(IDatabaseContext,IServiceProvider):TestProvider" CoveredStatements="0" TotalStatements="1" CoveragePercent="0" />
          <AnonymousMethod Name="(IDatabaseContext,IServiceProvider):TestProvider" CoveredStatements="0" TotalStatements="1" CoveragePercent="0" />
          <AnonymousMethod Name="(IDatabaseContext,IServiceProvider):PostgreSQLTestProvider" CoveredStatements="0" TotalStatements="1" CoveragePercent="0" />
          <AnonymousMethod Name="(IDatabaseContext,IServiceProvider):TestProvider" CoveredStatements="0" TotalStatements="1" CoveragePercent="0" />
          <AnonymousMethod Name="(IDatabaseContext,IServiceProvider):FirebirdTestProvider" CoveredStatements="0" TotalStatements="1" CoveragePercent="0" />
        </InternalCompiledMethod>
        <LocalFunction Name="WaitForDbToStart(DbProviderFactory,string,int):Task" CoveredStatements="0" TotalStatements="58" CoveragePercent="0">
          <InternalCompiledMethod Name="MoveNext():void" CoveredStatements="0" TotalStatements="58" CoveragePercent="0" />
        </LocalFunction>
      </Method>
    </Type>
  </Project>
  <Project Name="WebApplication1" CoveredStatements="0" TotalStatements="102" CoveragePercent="0">
    <Namespace Name="WebApplication1" CoveredStatements="0" TotalStatements="69" CoveragePercent="0">
      <Namespace Name="Controllers" CoveredStatements="0" TotalStatements="23" CoveragePercent="0">
        <Type Name="UsersController" CoveredStatements="0" TotalStatements="14" CoveragePercent="0">
          <Constructor Name="UsersController(UserService)" CoveredStatements="0" TotalStatements="4" CoveragePercent="0" />
          <Method Name="Create(UserEntity):Task&lt;IActionResult&gt;" CoveredStatements="0" TotalStatements="4" CoveragePercent="0">
            <InternalCompiledMethod Name="MoveNext():void" CoveredStatements="0" TotalStatements="4" CoveragePercent="0" />
          </Method>
          <Method Name="GetByEmail(string):Task&lt;IActionResult&gt;" CoveredStatements="0" TotalStatements="6" CoveragePercent="0">
            <InternalCompiledMethod Name="MoveNext():void" CoveredStatements="0" TotalStatements="6" CoveragePercent="0" />
          </Method>
        </Type>
        <Type Name="WeatherForecastController" CoveredStatements="0" TotalStatements="9" CoveragePercent="0">
          <Constructor Name="WeatherForecastController(ILogger&lt;WeatherForecastController&gt;)" CoveredStatements="0" TotalStatements="4" CoveragePercent="0" />
          <Constructor Name="WeatherForecastController()" CoveredStatements="0" TotalStatements="1" CoveragePercent="0" />
          <Method Name="Get():IEnumerable&lt;WeatherForecast&gt;" CoveredStatements="0" TotalStatements="4" CoveragePercent="0">
            <OwnCoverage CoveredStatements="0" TotalStatements="3" CoveragePercent="0" />
            <AnonymousMethod Name="(int):WeatherForecast" CoveredStatements="0" TotalStatements="1" CoveragePercent="0" />
          </Method>
        </Type>
      </Namespace>
      <Type Name="HttpContextAuditProvider" CoveredStatements="0" TotalStatements="11" CoveragePercent="0">
        <Constructor Name="HttpContextAuditProvider(IHttpContextAccessor)" CoveredStatements="0" TotalStatements="4" CoveragePercent="0" />
        <Method Name="GetCurrentUserIdentifier():string" CoveredStatements="0" TotalStatements="7" CoveragePercent="0" />
      </Type>
      <Type Name="UserEntity" CoveredStatements="0" TotalStatements="9" CoveragePercent="0">
        <Constructor Name="UserEntity()" CoveredStatements="0" TotalStatements="1" CoveragePercent="0" />
        <AutoProperty Name="CreatedBy:int" CoveredStatements="0" TotalStatements="2" CoveragePercent="0">
          <PropertyGetter CoveredStatements="0" TotalStatements="1" CoveragePercent="0" />
          <PropertySetter CoveredStatements="0" TotalStatements="1" CoveragePercent="0" />
        </AutoProperty>
        <AutoProperty Name="CreatedOn:DateTime" CoveredStatements="0" TotalStatements="2" CoveragePercent="0">
          <PropertyGetter CoveredStatements="0" TotalStatements="1" CoveragePercent="0" />
          <PropertySetter CoveredStatements="0" TotalStatements="1" CoveragePercent="0" />
        </AutoProperty>
        <AutoProperty Name="Email:string" CoveredStatements="0" TotalStatements="2" CoveragePercent="0">
          <PropertyGetter CoveredStatements="0" TotalStatements="1" CoveragePercent="0" />
          <PropertySetter CoveredStatements="0" TotalStatements="1" CoveragePercent="0" />
        </AutoProperty>
        <AutoProperty Name="ID:int" CoveredStatements="0" TotalStatements="2" CoveragePercent="0">
          <PropertyGetter CoveredStatements="0" TotalStatements="1" CoveragePercent="0" />
          <PropertySetter CoveredStatements="0" TotalStatements="1" CoveragePercent="0" />
        </AutoProperty>
      </Type>
      <Type Name="UserEntityHelper" CoveredStatements="0" TotalStatements="13" CoveragePercent="0">
        <Constructor Name="UserEntityHelper(IDatabaseContext,IAuditValueResolver)" CoveredStatements="0" TotalStatements="3" CoveragePercent="0" />
        <Method Name="CreateAsync(UserEntity):Task" CoveredStatements="0" TotalStatements="4" CoveragePercent="0">
          <InternalCompiledMethod Name="MoveNext():void" CoveredStatements="0" TotalStatements="4" CoveragePercent="0" />
        </Method>
        <Method Name="FindByEmail(string):Task&lt;UserEntity&gt;" CoveredStatements="0" TotalStatements="6" CoveragePercent="0">
          <InternalCompiledMethod Name="MoveNext():void" CoveredStatements="0" TotalStatements="6" CoveragePercent="0" />
        </Method>
      </Type>
      <Type Name="UserService" CoveredStatements="0" TotalStatements="6" CoveragePercent="0">
        <Constructor Name="UserService(UserEntityHelper)" CoveredStatements="0" TotalStatements="4" CoveragePercent="0" />
        <Method Name="CreateAsync(UserEntity):Task" CoveredStatements="0" TotalStatements="1" CoveragePercent="0" />
        <Method Name="FindByEmail(string):Task&lt;UserEntity&gt;" CoveredStatements="0" TotalStatements="1" CoveragePercent="0" />
      </Type>
      <Type Name="WeatherForecast" CoveredStatements="0" TotalStatements="7" CoveragePercent="0">
        <AutoProperty Name="Date:DateOnly" CoveredStatements="0" TotalStatements="2" CoveragePercent="0">
          <PropertyGetter CoveredStatements="0" TotalStatements="1" CoveragePercent="0" />
          <PropertySetter CoveredStatements="0" TotalStatements="1" CoveragePercent="0" />
        </AutoProperty>
        <AutoProperty Name="Summary:string" CoveredStatements="0" TotalStatements="2" CoveragePercent="0">
          <PropertyGetter CoveredStatements="0" TotalStatements="1" CoveragePercent="0" />
          <PropertySetter CoveredStatements="0" TotalStatements="1" CoveragePercent="0" />
        </AutoProperty>
        <AutoProperty Name="TemperatureC:int" CoveredStatements="0" TotalStatements="2" CoveragePercent="0">
          <PropertyGetter CoveredStatements="0" TotalStatements="1" CoveragePercent="0" />
          <PropertySetter CoveredStatements="0" TotalStatements="1" CoveragePercent="0" />
        </AutoProperty>
        <Property Name="TemperatureF:int" CoveredStatements="0" TotalStatements="1" CoveragePercent="0">
          <PropertyGetter CoveredStatements="0" TotalStatements="1" CoveragePercent="0" />
        </Property>
      </Type>
    </Namespace>
    <Type Name="Program" CoveredStatements="0" TotalStatements="33" CoveragePercent="0">
      <Method Name="&lt;Main&gt;$(string[]):void" CoveredStatements="0" TotalStatements="33" CoveragePercent="0">
        <OwnCoverage CoveredStatements="0" TotalStatements="23" CoveragePercent="0" />
        <AnonymousMethod Name="(AuthenticationOptions):void" CoveredStatements="0" TotalStatements="4" CoveragePercent="0" />
        <AnonymousMethod Name="(JwtBearerOptions):void" CoveredStatements="0" TotalStatements="5" CoveragePercent="0" />
        <AnonymousMethod Name="(IServiceProvider):IDatabaseContext" CoveredStatements="0" TotalStatements="1" CoveragePercent="0" />
      </Method>
    </Type>
  </Project>
</SolutionRoot>